additional_args --lr 0.001 --batch-size 31 --epochs 101 --distributed-mode rankdad --dataset hcp_gender --model icalstm --backend gloo --N -1 --k 0
ARGS  {'rank': 0, 'num_nodes': 4, 'backend': 'gloo', 'dist_url': 'tcp://10.245.10.112:8998', 'master_port': '8998', 'master_addr': '10.245.10.112', 'lr': 0.001, 'batch_size': 31, 'epochs': 101, 'name': 'NONE', 'log_dir': 'logs', 'distributed_mode': 'rankdad', 'num_folds': 10, 'model': 'icalstm', 'model_args': '[]', 'model_kwargs': '{}', 'dataset': 'hcp_gender', 'criterion': 'CrossEntropyLoss', 'optimizer': 'Adam', 'scheduler': 'None', 'k': 0, 'N': -1, 'pi_numiterations': 1, 'pi_effective_rank': 3, 'pi_use_sigma': 1, 'pi_tolerance': 0.001}
ARGS
{'rank': 0, 'num_nodes': 4, 'backend': 'gloo', 'dist_url': 'tcp://10.245.10.112:8998', 'master_port': '8998', 'master_addr': '10.245.10.112', 'lr': 0.001, 'batch_size': 31, 'epochs': 101, 'name': 'nn=4-be=gloo-lr=0.001-bs=31-ep=101-dm=rankdad-nf=10-mo=icalstm-ma=[]-mk={}-da=hcp_gender-cr=CrossEntropyLoss-optimizer=Adam-sc=None-k=0-N=-1-pini=1-pief=3-pius=1-pito=0.001', 'log_dir': 'logs', 'distributed_mode': 'rankdad', 'num_folds': 10, 'model': 'icalstm', 'model_args': '[]', 'model_kwargs': '{}', 'dataset': 'hcp_gender', 'criterion': 'CrossEntropyLoss', 'optimizer': 'Adam', 'scheduler': 'None', 'k': 0, 'N': -1, 'pi_numiterations': 1, 'pi_effective_rank': 3, 'pi_use_sigma': 1, 'pi_tolerance': 0.001}
Model kwargs {}
Len train full 749
Len Valid  84
Len Train  188
train (1/101) _timer/_fps: 1071.9726424870373 | _timer/batch_time: 1.0600414276123047 | _timer/data_time: 0.02722001075744629 | _timer/model_time: 1.0327739715576172 | accuracy01: 0.5376343876123428 | accuracy01/std: 0.09084829561935158 | cumulative_runtime: 0.03869374593098958 | loss: 0.6842946807543436
valid (1/101) _timer/_fps: 1766.954378174319 | _timer/batch_time: 0.07018685340881348 | _timer/data_time: 0.00673365592956543 | _timer/model_time: 0.06344079971313477 | accuracy01: 0.5645161271095276 | accuracy01/std: 0.04878211360554326 | cumulative_runtime: nan | loss: 0.6893680691719055
* Epoch (1/101) 
train (2/101) _timer/_fps: 1131.9691466177555 | _timer/batch_time: 0.9893004894256592 | _timer/data_time: 0.021161794662475586 | _timer/model_time: 0.9680979251861572 | accuracy01: 0.6935483614603678 | accuracy01/std: 0.10355495308143768 | cumulative_runtime: 0.04121824105580648 | loss: 0.6461137036482493
valid (2/101) _timer/_fps: 1791.2496781331333 | _timer/batch_time: 0.06923985481262207 | _timer/data_time: 0.0063169002532958984 | _timer/model_time: 0.0629112720489502 | accuracy01: 0.596774160861969 | accuracy01/std: 0.0813034826150912 | cumulative_runtime: nan | loss: 0.6939405798912048
* Epoch (2/101) 
train (3/101) _timer/_fps: 1158.12278000165 | _timer/batch_time: 0.9636502265930176 | _timer/data_time: 0.02008795738220215 | _timer/model_time: 0.9435224533081055 | accuracy01: 0.7311827739079794 | accuracy01/std: 0.0828158898411318 | cumulative_runtime: 0.03587265809377035 | loss: 0.6113522152105967
valid (3/101) _timer/_fps: 1768.7946175810562 | _timer/batch_time: 0.07013106346130371 | _timer/data_time: 0.006748199462890625 | _timer/model_time: 0.0633704662322998 | accuracy01: 0.5806451439857483 | accuracy01/std: 0.03252142910076931 | cumulative_runtime: nan | loss: 0.6645716428756714
* Epoch (3/101) 
train (4/101) _timer/_fps: 1152.9378567721208 | _timer/batch_time: 0.967984676361084 | _timer/data_time: 0.01997518539428711 | _timer/model_time: 0.9479713439941406 | accuracy01: 0.7473118007183075 | accuracy01/std: 0.057305563949694625 | cumulative_runtime: 0.03763572374979655 | loss: 0.5823800961176555
valid (4/101) _timer/_fps: 1782.9452878806123 | _timer/batch_time: 0.06957411766052246 | _timer/data_time: 0.006815671920776367 | _timer/model_time: 0.06274628639221191 | accuracy01: 0.5161290317773819 | accuracy01/std: 0.0975642121882812 | cumulative_runtime: nan | loss: 0.7272360026836395
* Epoch (4/101) 
train (5/101) _timer/_fps: 1166.9841052451316 | _timer/batch_time: 0.9563624858856201 | _timer/data_time: 0.01979517936706543 | _timer/model_time: 0.936528205871582 | accuracy01: 0.763440837462743 | accuracy01/std: 0.07151776885730439 | cumulative_runtime: 0.035698254903157554 | loss: 0.5474423964818319
valid (5/101) _timer/_fps: 1780.571255634222 | _timer/batch_time: 0.06966948509216309 | _timer/data_time: 0.006643533706665039 | _timer/model_time: 0.06301403045654297 | accuracy01: 0.596774160861969 | accuracy01/std: 0.04878211360554326 | cumulative_runtime: nan | loss: 0.6831210255622864
* Epoch (5/101) 
train (6/101) _timer/_fps: 1159.5252362320202 | _timer/batch_time: 0.9625134468078613 | _timer/data_time: 0.02132892608642578 | _timer/model_time: 0.9411454200744629 | accuracy01: 0.7849462131659191 | accuracy01/std: 0.0908483174890126 | cumulative_runtime: 0.035302797953287765 | loss: 0.5277149627606074
valid (6/101) _timer/_fps: 1776.969047066089 | _timer/batch_time: 0.06980180740356445 | _timer/data_time: 0.006627082824707031 | _timer/model_time: 0.06316280364990234 | accuracy01: 0.5806451290845871 | accuracy01/std: 0.0975641821426705 | cumulative_runtime: nan | loss: 0.7280698120594025
* Epoch (6/101) 
train (7/101) _timer/_fps: 1160.189797440416 | _timer/batch_time: 0.9619572162628174 | _timer/data_time: 0.020230531692504883 | _timer/model_time: 0.941688060760498 | accuracy01: 0.8064515789349874 | accuracy01/std: 0.08759101878219433 | cumulative_runtime: 0.036077698071797684 | loss: 0.514757846792539
valid (7/101) _timer/_fps: 1773.4857688915959 | _timer/batch_time: 0.06993889808654785 | _timer/data_time: 0.006681919097900391 | _timer/model_time: 0.06324458122253418 | accuracy01: 0.5967741906642914 | accuracy01/std: 0.016260714550384654 | cumulative_runtime: nan | loss: 0.6533571183681488
* Epoch (7/101) 
train (8/101) _timer/_fps: 1158.158771273081 | _timer/batch_time: 0.9636144638061523 | _timer/data_time: 0.019809722900390625 | _timer/model_time: 0.9437651634216309 | accuracy01: 0.795698881149292 | accuracy01/std: 0.02410861420897463 | cumulative_runtime: 0.03669130802154541 | loss: 0.520251880089442
valid (8/101) _timer/_fps: 1781.7744150933086 | _timer/batch_time: 0.06962132453918457 | _timer/data_time: 0.006722688674926758 | _timer/model_time: 0.06288623809814453 | accuracy01: 0.5161290168762207 | accuracy01/std: 0.06504279811031723 | cumulative_runtime: nan | loss: 0.7393536567687988
* Epoch (8/101) 
train (9/101) _timer/_fps: 1157.289568060416 | _timer/batch_time: 0.9643304347991943 | _timer/data_time: 0.019829750061035156 | _timer/model_time: 0.9444622993469238 | accuracy01: 0.7311827739079793 | accuracy01/std: 0.044454136418242564 | cumulative_runtime: 0.0363539457321167 | loss: 0.5754088709751765
valid (9/101) _timer/_fps: 1774.2384459115062 | _timer/batch_time: 0.06990289688110352 | _timer/data_time: 0.006623029708862305 | _timer/model_time: 0.06326746940612793 | accuracy01: 0.5322580486536026 | accuracy01/std: 0.04878209858273792 | cumulative_runtime: nan | loss: 0.7528460621833801
* Epoch (9/101) 
train (10/101) _timer/_fps: 1158.4151338254158 | _timer/batch_time: 0.9634132385253906 | _timer/data_time: 0.02093338966369629 | _timer/model_time: 0.9424378871917725 | accuracy01: 0.725806434949239 | accuracy01/std: 0.06401284762636703 | cumulative_runtime: 0.03610006968180339 | loss: 0.5640119264523188
valid (10/101) _timer/_fps: 1766.7410290276014 | _timer/batch_time: 0.07022666931152344 | _timer/data_time: 0.0072171688079833984 | _timer/model_time: 0.06299710273742676 | accuracy01: 0.5806451439857483 | accuracy01/std: 0.03252142910076931 | cumulative_runtime: nan | loss: 0.6911658942699432
* Epoch (10/101) 
train (11/101) _timer/_fps: 1161.4044600468778 | _timer/batch_time: 0.9609532356262207 | _timer/data_time: 0.020168781280517578 | _timer/model_time: 0.9407460689544678 | accuracy01: 0.7688171962896982 | accuracy01/std: 0.08438021909681741 | cumulative_runtime: 0.0360641876856486 | loss: 0.5285352418820063
valid (11/101) _timer/_fps: 1783.418419963451 | _timer/batch_time: 0.0695505142211914 | _timer/data_time: 0.006661415100097656 | _timer/model_time: 0.06287670135498047 | accuracy01: 0.6290322542190552 | accuracy01/std: 0.1138249117158605 | cumulative_runtime: nan | loss: 0.6542182564735413
* Epoch (11/101) 
train (12/101) _timer/_fps: 1162.9281281292615 | _timer/batch_time: 0.959665060043335 | _timer/data_time: 0.019771575927734375 | _timer/model_time: 0.9398553371429443 | accuracy01: 0.7634408275286356 | accuracy01/std: 0.07849204046348036 | cumulative_runtime: 0.035986383756001786 | loss: 0.5200648705164591
valid (12/101) _timer/_fps: 1793.5446383307894 | _timer/batch_time: 0.0691523551940918 | _timer/data_time: 0.006305217742919922 | _timer/model_time: 0.06282806396484375 | accuracy01: 0.6451612710952759 | accuracy01/std: 0.09756422721108653 | cumulative_runtime: nan | loss: 0.6585167646408081
* Epoch (12/101) 
train (13/101) _timer/_fps: 1158.9763491987483 | _timer/batch_time: 0.9629247188568115 | _timer/data_time: 0.01979517936706543 | _timer/model_time: 0.943091869354248 | accuracy01: 0.7634408275286356 | accuracy01/std: 0.058061272325521454 | cumulative_runtime: 0.03654762109120687 | loss: 0.5360594789187114
valid (13/101) _timer/_fps: 1792.0034866356082 | _timer/batch_time: 0.06921553611755371 | _timer/data_time: 0.00632023811340332 | _timer/model_time: 0.06288433074951172 | accuracy01: 0.4999999850988388 | accuracy01/std: 0.14634629574821376 | cumulative_runtime: nan | loss: 0.791996955871582
* Epoch (13/101) 
train (14/101) _timer/_fps: 1165.3298024678236 | _timer/batch_time: 0.9576904773712158 | _timer/data_time: 0.019855737686157227 | _timer/model_time: 0.9377970695495605 | accuracy01: 0.7204300860563915 | accuracy01/std: 0.06378544647873072 | cumulative_runtime: 0.03554924329121907 | loss: 0.5735440651575724
valid (14/101) _timer/_fps: 1775.3733507507477 | _timer/batch_time: 0.06986546516418457 | _timer/data_time: 0.006609678268432617 | _timer/model_time: 0.06324410438537598 | accuracy01: 0.5161290019750595 | accuracy01/std: 0.03252138403235327 | cumulative_runtime: nan | loss: 0.7975481152534485
* Epoch (14/101) 
train (15/101) _timer/_fps: 1154.0585653440694 | _timer/batch_time: 0.9675498008728027 | _timer/data_time: 0.01983475685119629 | _timer/model_time: 0.9476757049560547 | accuracy01: 0.6182795514663061 | accuracy01/std: 0.1377571792196941 | cumulative_runtime: 0.03759725888570149 | loss: 0.6753539443016052
valid (15/101) _timer/_fps: 1789.987482163424 | _timer/batch_time: 0.06929254531860352 | _timer/data_time: 0.00649261474609375 | _timer/model_time: 0.06278729438781738 | accuracy01: 0.4354838579893112 | accuracy01/std: 0.08130349763789653 | cumulative_runtime: nan | loss: 0.8521484136581421
* Epoch (15/101) 
train (16/101) _timer/_fps: 1163.4881128197817 | _timer/batch_time: 0.9592022895812988 | _timer/data_time: 0.02063584327697754 | _timer/model_time: 0.9385297298431396 | accuracy01: 0.6397849222024282 | accuracy01/std: 0.06309833197498248 | cumulative_runtime: 0.03600025177001953 | loss: 0.6521702210108439
valid (16/101) _timer/_fps: 1778.1022039729596 | _timer/batch_time: 0.06976628303527832 | _timer/data_time: 0.006920576095581055 | _timer/model_time: 0.06283378601074219 | accuracy01: 0.5322580337524414 | accuracy01/std: 0.016260684504773963 | cumulative_runtime: nan | loss: 0.7530971467494965
* Epoch (16/101) 
train (17/101) _timer/_fps: 1162.2585987369862 | _timer/batch_time: 0.9602224826812744 | _timer/data_time: 0.020032405853271484 | _timer/model_time: 0.9401507377624512 | accuracy01: 0.6451612611611685 | accuracy01/std: 0.08140011358386806 | cumulative_runtime: 0.036356608072916664 | loss: 0.6430889020363489
valid (17/101) _timer/_fps: 1789.874763963087 | _timer/batch_time: 0.06929349899291992 | _timer/data_time: 0.00640559196472168 | _timer/model_time: 0.06287646293640137 | accuracy01: 0.5322580635547638 | accuracy01/std: 0.08130351266070188 | cumulative_runtime: nan | loss: 0.7820249497890472
* Epoch (17/101) 
train (18/101) _timer/_fps: 1154.798749746998 | _timer/batch_time: 0.9665546417236328 | _timer/data_time: 0.01980757713317871 | _timer/model_time: 0.9467077255249023 | accuracy01: 0.6989247103532156 | accuracy01/std: 0.060990556769427134 | cumulative_runtime: 0.03672115008036295 | loss: 0.6007618010044098
valid (18/101) _timer/_fps: 1772.9975424860868 | _timer/batch_time: 0.06996631622314453 | _timer/data_time: 0.006945133209228516 | _timer/model_time: 0.06300759315490723 | accuracy01: 0.5806451439857483 | accuracy01/std: 0.06504279811031723 | cumulative_runtime: nan | loss: 0.7445423007011414
* Epoch (18/101) 
train (19/101) _timer/_fps: 1166.2487526767577 | _timer/batch_time: 0.9569392204284668 | _timer/data_time: 0.019927263259887695 | _timer/model_time: 0.9369738101959229 | accuracy01: 0.7580644885698954 | accuracy01/std: 0.11320795005983156 | cumulative_runtime: 0.036675095558166504 | loss: 0.5454668700695038
valid (19/101) _timer/_fps: 1803.7695507189555 | _timer/batch_time: 0.06875872611999512 | _timer/data_time: 0.006215572357177734 | _timer/model_time: 0.06253218650817871 | accuracy01: 0.6129032075405121 | accuracy01/std: 0.03252139905515861 | cumulative_runtime: nan | loss: 0.6926842331886292
* Epoch (19/101) 
train (20/101) _timer/_fps: 1146.1624789699906 | _timer/batch_time: 0.975059986114502 | _timer/data_time: 0.019882917404174805 | _timer/model_time: 0.9551382064819336 | accuracy01: 0.8064516087373098 | accuracy01/std: 0.10056508963873294 | cumulative_runtime: 0.03954156239827474 | loss: 0.505047435561816
valid (20/101) _timer/_fps: 1793.563350420591 | _timer/batch_time: 0.06916093826293945 | _timer/data_time: 0.0067596435546875 | _timer/model_time: 0.06238913536071777 | accuracy01: 0.6451612710952759 | accuracy01/std: 0.0 | cumulative_runtime: nan | loss: 0.650701642036438
* Epoch (20/101) 
train (21/101) _timer/_fps: 1170.032276029661 | _timer/batch_time: 0.9538836479187012 | _timer/data_time: 0.019826173782348633 | _timer/model_time: 0.9340190887451172 | accuracy01: 0.7311827639738719 | accuracy01/std: 0.07151775834564776 | cumulative_runtime: 0.035962978998819985 | loss: 0.5665191113948822
valid (21/101) _timer/_fps: 1789.03754392493 | _timer/batch_time: 0.06933355331420898 | _timer/data_time: 0.00681757926940918 | _timer/model_time: 0.06250429153442383 | accuracy01: 0.7258064150810242 | accuracy01/std: 0.04878211360554326 | cumulative_runtime: nan | loss: 0.6140753924846649
* Epoch (21/101) 
train (22/101) _timer/_fps: 1165.2663205832448 | _timer/batch_time: 0.9577229022979736 | _timer/data_time: 0.02005624771118164 | _timer/model_time: 0.9376246929168701 | accuracy01: 0.7311827739079793 | accuracy01/std: 0.0549761496994695 | cumulative_runtime: 0.035512328147888184 | loss: 0.5848800837993622
valid (22/101) _timer/_fps: 1797.2889988383972 | _timer/batch_time: 0.06900620460510254 | _timer/data_time: 0.0063211917877197266 | _timer/model_time: 0.06267356872558594 | accuracy01: 0.5645160973072052 | accuracy01/std: 0.016260714550384654 | cumulative_runtime: nan | loss: 0.7028766870498657
* Epoch (22/101) 
train (23/101) _timer/_fps: 1167.663077181784 | _timer/batch_time: 0.9557852745056152 | _timer/data_time: 0.020138025283813477 | _timer/model_time: 0.935610294342041 | accuracy01: 0.6559139639139175 | accuracy01/std: 0.10995230330592304 | cumulative_runtime: 0.0358201265335083 | loss: 0.6405551036198934
valid (23/101) _timer/_fps: 1799.9667068331464 | _timer/batch_time: 0.06890106201171875 | _timer/data_time: 0.006290912628173828 | _timer/model_time: 0.06259870529174805 | accuracy01: 0.5322580337524414 | accuracy01/std: 0.016260684504773963 | cumulative_runtime: nan | loss: 0.766337126493454
* Epoch (23/101) 
train (24/101) _timer/_fps: 1163.8054071748095 | _timer/batch_time: 0.9589352607727051 | _timer/data_time: 0.019794702529907227 | _timer/model_time: 0.9391019344329834 | accuracy01: 0.6290322343508402 | accuracy01/std: 0.06924680141891124 | cumulative_runtime: 0.036632418632507324 | loss: 0.6682154536247253
valid (24/101) _timer/_fps: 1791.0241185361824 | _timer/batch_time: 0.06924629211425781 | _timer/data_time: 0.006321430206298828 | _timer/model_time: 0.0629127025604248 | accuracy01: 0.4999999850988388 | accuracy01/std: 0.08130349763789653 | cumulative_runtime: nan | loss: 0.7791267335414886
* Epoch (24/101) 
train (25/101) _timer/_fps: 1167.1694308156916 | _timer/batch_time: 0.956183910369873 | _timer/data_time: 0.019865751266479492 | _timer/model_time: 0.9362714290618896 | accuracy01: 0.6182795514663061 | accuracy01/std: 0.14515320874421492 | cumulative_runtime: 0.036552627881368004 | loss: 0.6607043196757635
valid (25/101) _timer/_fps: 1804.0079166325131 | _timer/batch_time: 0.06874823570251465 | _timer/data_time: 0.006362199783325195 | _timer/model_time: 0.06237339973449707 | accuracy01: 0.5161290168762207 | accuracy01/std: 0.0 | cumulative_runtime: nan | loss: 0.7423122525215149
* Epoch (25/101) 
train (26/101) _timer/_fps: 1167.80897353024 | _timer/batch_time: 0.9556553363800049 | _timer/data_time: 0.019641399383544922 | _timer/model_time: 0.935962438583374 | accuracy01: 0.6935483614603679 | accuracy01/std: 0.08709192883493957 | cumulative_runtime: 0.03586951891581217 | loss: 0.6068557798862457
valid (26/101) _timer/_fps: 1798.2870682753341 | _timer/batch_time: 0.06896448135375977 | _timer/data_time: 0.006260871887207031 | _timer/model_time: 0.06269264221191406 | accuracy01: 0.5645161271095276 | accuracy01/std: 0.04878211360554326 | cumulative_runtime: nan | loss: 0.7536682188510895
* Epoch (26/101) 
train (27/101) _timer/_fps: 1147.9150136117723 | _timer/batch_time: 0.9732367992401123 | _timer/data_time: 0.01975393295288086 | _timer/model_time: 0.9534449577331543 | accuracy01: 0.7365591128667195 | accuracy01/std: 0.06840227188828518 | cumulative_runtime: 0.03879376252492269 | loss: 0.5461532175540924
valid (27/101) _timer/_fps: 1732.092967230994 | _timer/batch_time: 0.07175636291503906 | _timer/data_time: 0.007200717926025391 | _timer/model_time: 0.0645439624786377 | accuracy01: 0.5483870804309845 | accuracy01/std: 0.03252139905515861 | cumulative_runtime: nan | loss: 0.7515383660793304
* Epoch (27/101) 
train (28/101) _timer/_fps: 1164.1249292034777 | _timer/batch_time: 0.9586834907531738 | _timer/data_time: 0.019752025604248047 | _timer/model_time: 0.9388926029205322 | accuracy01: 0.795698901017507 | accuracy01/std: 0.040341464877919085 | cumulative_runtime: 0.036532203356424965 | loss: 0.5193305164575577
valid (28/101) _timer/_fps: 1789.947059792274 | _timer/batch_time: 0.06930112838745117 | _timer/data_time: 0.006747722625732422 | _timer/model_time: 0.06254076957702637 | accuracy01: 0.5806451439857483 | accuracy01/std: 0.0 | cumulative_runtime: nan | loss: 0.7116897404193878
* Epoch (28/101) 
train (29/101) _timer/_fps: 1166.5339716524686 | _timer/batch_time: 0.9566974639892578 | _timer/data_time: 0.01974344253540039 | _timer/model_time: 0.9369144439697266 | accuracy01: 0.7956989109516144 | accuracy01/std: 0.06099056909543849 | cumulative_runtime: 0.036340951919555664 | loss: 0.5124910275141398
valid (29/101) _timer/_fps: 1784.4946827902368 | _timer/batch_time: 0.06950712203979492 | _timer/data_time: 0.0067043304443359375 | _timer/model_time: 0.0627903938293457 | accuracy01: 0.4999999850988388 | accuracy01/std: 0.016260699527579307 | cumulative_runtime: nan | loss: 0.7817234694957733
* Epoch (29/101) 
train (30/101) _timer/_fps: 1164.9204032098146 | _timer/batch_time: 0.9580440521240234 | _timer/data_time: 0.0208742618560791 | _timer/model_time: 0.937131404876709 | accuracy01: 0.7526881396770477 | accuracy01/std: 0.06099056909543849 | cumulative_runtime: 0.036452929178873696 | loss: 0.5379196355740229
valid (30/101) _timer/_fps: 1797.5452929422654 | _timer/batch_time: 0.06899642944335938 | _timer/data_time: 0.006498813629150391 | _timer/model_time: 0.06248593330383301 | accuracy01: 0.5161290317773819 | accuracy01/std: 0.0975642121882812 | cumulative_runtime: nan | loss: 0.7996198534965515
* Epoch (30/101) 
train (31/101) _timer/_fps: 1164.7067305772473 | _timer/batch_time: 0.9582107067108154 | _timer/data_time: 0.020172119140625 | _timer/model_time: 0.9379994869232178 | accuracy01: 0.7526881496111553 | accuracy01/std: 0.08489529223621237 | cumulative_runtime: 0.036693851153055825 | loss: 0.5472061584393184
valid (31/101) _timer/_fps: 1792.489535868266 | _timer/batch_time: 0.06919455528259277 | _timer/data_time: 0.0066165924072265625 | _timer/model_time: 0.06256484985351562 | accuracy01: 0.5806451439857483 | accuracy01/std: 0.03252142910076931 | cumulative_runtime: nan | loss: 0.7534372210502625
* Epoch (31/101) 
train (32/101) _timer/_fps: 1164.4929433926268 | _timer/batch_time: 0.9583861827850342 | _timer/data_time: 0.020200014114379883 | _timer/model_time: 0.9381463527679443 | accuracy01: 0.7311827838420868 | accuracy01/std: 0.058061276024912484 | cumulative_runtime: 0.03640743096669515 | loss: 0.5797201891740164
valid (32/101) _timer/_fps: 1791.3490734568124 | _timer/batch_time: 0.06925153732299805 | _timer/data_time: 0.00686955451965332 | _timer/model_time: 0.06236910820007324 | accuracy01: 0.5645160973072052 | accuracy01/std: 0.1138248816702498 | cumulative_runtime: nan | loss: 0.7614853978157043
* Epoch (32/101) 
train (33/101) _timer/_fps: 1164.326280165987 | _timer/batch_time: 0.9585843086242676 | _timer/data_time: 0.019901275634765625 | _timer/model_time: 0.9386422634124756 | accuracy01: 0.6774193396170934 | accuracy01/std: 0.13595219970263936 | cumulative_runtime: 0.03619770208994548 | loss: 0.6157070199648539
valid (33/101) _timer/_fps: 1799.4716048257312 | _timer/batch_time: 0.06892085075378418 | _timer/data_time: 0.006273508071899414 | _timer/model_time: 0.06263613700866699 | accuracy01: 0.5322580486536026 | accuracy01/std: 0.11382489669305515 | cumulative_runtime: nan | loss: 0.7760435342788696
* Epoch (33/101) 
train (34/101) _timer/_fps: 1165.8413449279678 | _timer/batch_time: 0.957284688949585 | _timer/data_time: 0.01972484588623047 | _timer/model_time: 0.9375228881835938 | accuracy01: 0.7043010493119558 | accuracy01/std: 0.02903066945729538 | cumulative_runtime: 0.036551992098490395 | loss: 0.6036097009976705
valid (34/101) _timer/_fps: 1776.4081236647646 | _timer/batch_time: 0.06983113288879395 | _timer/data_time: 0.006720066070556641 | _timer/model_time: 0.06309866905212402 | accuracy01: 0.5483870953321457 | accuracy01/std: 0.06504281313312257 | cumulative_runtime: nan | loss: 0.7569554150104523
* Epoch (34/101) 
train (35/101) _timer/_fps: 1167.4599979626237 | _timer/batch_time: 0.9559228420257568 | _timer/data_time: 0.019789457321166992 | _timer/model_time: 0.9360964298248291 | accuracy01: 0.7365591128667195 | accuracy01/std: 0.06580377588544309 | cumulative_runtime: 0.03625349203745524 | loss: 0.5716031044721603
valid (35/101) _timer/_fps: 1789.0504434565273 | _timer/batch_time: 0.06934094429016113 | _timer/data_time: 0.006787776947021484 | _timer/model_time: 0.06254100799560547 | accuracy01: 0.5322580486536026 | accuracy01/std: 0.11382489669305515 | cumulative_runtime: nan | loss: 0.7746473550796509
* Epoch (35/101) 
train (36/101) _timer/_fps: 1167.1079791953048 | _timer/batch_time: 0.9562270641326904 | _timer/data_time: 0.019662141799926758 | _timer/model_time: 0.9365239143371582 | accuracy01: 0.7580644885698955 | accuracy01/std: 0.06401285265952772 | cumulative_runtime: 0.036161621411641434 | loss: 0.5474475969870884
valid (36/101) _timer/_fps: 1792.8399515954084 | _timer/batch_time: 0.06918883323669434 | _timer/data_time: 0.006697177886962891 | _timer/model_time: 0.06247830390930176 | accuracy01: 0.5645160973072052 | accuracy01/std: 0.016260714550384654 | cumulative_runtime: nan | loss: 0.7496818900108337
* Epoch (36/101) 
train (37/101) _timer/_fps: 1164.8448192723909 | _timer/batch_time: 0.9580836296081543 | _timer/data_time: 0.02008342742919922 | _timer/model_time: 0.9379622936248779 | accuracy01: 0.784946213165919 | accuracy01/std: 0.08890824746974815 | cumulative_runtime: 0.037014126777648926 | loss: 0.5248508056004842
valid (37/101) _timer/_fps: 1776.9360176509535 | _timer/batch_time: 0.0698089599609375 | _timer/data_time: 0.0067937374114990234 | _timer/model_time: 0.06300210952758789 | accuracy01: 0.5645161122083664 | accuracy01/std: 0.08130349763789653 | cumulative_runtime: nan | loss: 0.732492059469223
* Epoch (37/101) 
train (38/101) _timer/_fps: 1164.9660082192063 | _timer/batch_time: 0.9579830169677734 | _timer/data_time: 0.01988983154296875 | _timer/model_time: 0.9380531311035156 | accuracy01: 0.7903225521246592 | accuracy01/std: 0.04477980300173856 | cumulative_runtime: 0.036546150843302413 | loss: 0.5198917587598165
valid (38/101) _timer/_fps: 1783.4062256591892 | _timer/batch_time: 0.06955838203430176 | _timer/data_time: 0.006779909133911133 | _timer/model_time: 0.06276607513427734 | accuracy01: 0.5806451439857483 | accuracy01/std: 0.06504279811031723 | cumulative_runtime: nan | loss: 0.7196473479270935
* Epoch (38/101) 
train (39/101) _timer/_fps: 1160.521642397923 | _timer/batch_time: 0.9616496562957764 | _timer/data_time: 0.019655227661132812 | _timer/model_time: 0.9419577121734619 | accuracy01: 0.8118279377619426 | accuracy01/std: 0.060271585414622436 | cumulative_runtime: 0.03737747669219971 | loss: 0.5023252467314403
valid (39/101) _timer/_fps: 1792.6772074752241 | _timer/batch_time: 0.0691978931427002 | _timer/data_time: 0.006704092025756836 | _timer/model_time: 0.06248188018798828 | accuracy01: 0.5967741906642914 | accuracy01/std: 0.14634631077101912 | cumulative_runtime: nan | loss: 0.6994875073432922
* Epoch (39/101) 
train (40/101) _timer/_fps: 1158.9929949297714 | _timer/batch_time: 0.9629361629486084 | _timer/data_time: 0.019675493240356445 | _timer/model_time: 0.9432234764099121 | accuracy01: 0.8064515888690948 | accuracy01/std: 0.09337234069447273 | cumulative_runtime: 0.03737775484720866 | loss: 0.5004668434460957
valid (40/101) _timer/_fps: 1801.9914837440274 | _timer/batch_time: 0.06882715225219727 | _timer/data_time: 0.006275177001953125 | _timer/model_time: 0.06253957748413086 | accuracy01: 0.5806451439857483 | accuracy01/std: 0.06504279811031723 | cumulative_runtime: nan | loss: 0.7238065302371979
* Epoch (40/101) 
train (41/101) _timer/_fps: 1167.48348215344 | _timer/batch_time: 0.9559123516082764 | _timer/data_time: 0.019793272018432617 | _timer/model_time: 0.9360811710357666 | accuracy01: 0.8279569546381633 | accuracy01/std: 0.058061283423701544 | cumulative_runtime: 0.035922845204671226 | loss: 0.48503613968690235
valid (41/101) _timer/_fps: 1782.1764543969769 | _timer/batch_time: 0.06960153579711914 | _timer/data_time: 0.00663304328918457 | _timer/model_time: 0.0629568099975586 | accuracy01: 0.5645160973072052 | accuracy01/std: 0.016260714550384654 | cumulative_runtime: nan | loss: 0.731561541557312
* Epoch (41/101) 
train (42/101) _timer/_fps: 1149.4485233501814 | _timer/batch_time: 0.97145676612854 | _timer/data_time: 0.0197906494140625 | _timer/model_time: 0.9516263008117676 | accuracy01: 0.7956989109516144 | accuracy01/std: 0.09460911564310007 | cumulative_runtime: 0.038803815841674805 | loss: 0.5081427892049153
valid (42/101) _timer/_fps: 1783.3088289591626 | _timer/batch_time: 0.06955504417419434 | _timer/data_time: 0.006508350372314453 | _timer/model_time: 0.0630342960357666 | accuracy01: 0.5322580486536026 | accuracy01/std: 0.11382489669305515 | cumulative_runtime: nan | loss: 0.7742353677749634
* Epoch (42/101) 
train (43/101) _timer/_fps: 1169.9650142302282 | _timer/batch_time: 0.9539046287536621 | _timer/data_time: 0.01972675323486328 | _timer/model_time: 0.9341385364532471 | accuracy01: 0.7795698642730713 | accuracy01/std: 0.1258507786867755 | cumulative_runtime: 0.03569380442301432 | loss: 0.5315068066120148
valid (43/101) _timer/_fps: 1789.9942641929474 | _timer/batch_time: 0.0692901611328125 | _timer/data_time: 0.006490230560302734 | _timer/model_time: 0.06278705596923828 | accuracy01: 0.6290322244167328 | accuracy01/std: 0.08130351266070188 | cumulative_runtime: nan | loss: 0.6682489514350891
* Epoch (43/101) 
train (44/101) _timer/_fps: 1165.0331938003942 | _timer/batch_time: 0.9579763412475586 | _timer/data_time: 0.02010059356689453 | _timer/model_time: 0.9378347396850586 | accuracy01: 0.7526881496111552 | accuracy01/std: 0.06378545152983743 | cumulative_runtime: 0.036065101623535156 | loss: 0.5564781427383423
valid (44/101) _timer/_fps: 1767.4295632416972 | _timer/batch_time: 0.07018041610717773 | _timer/data_time: 0.007620334625244141 | _timer/model_time: 0.06254768371582031 | accuracy01: 0.6129032075405121 | accuracy01/std: 0.03252139905515861 | cumulative_runtime: nan | loss: 0.687708854675293
* Epoch (44/101) 
train (45/101) _timer/_fps: 1164.9928239344738 | _timer/batch_time: 0.9579768180847168 | _timer/data_time: 0.019646883010864258 | _timer/model_time: 0.9382908344268799 | accuracy01: 0.7258064250151316 | accuracy01/std: 0.10686954783064757 | cumulative_runtime: 0.03629748026529948 | loss: 0.5844318568706512
valid (45/101) _timer/_fps: 1791.176391570807 | _timer/batch_time: 0.06924009323120117 | _timer/data_time: 0.006308317184448242 | _timer/model_time: 0.06291985511779785 | accuracy01: 0.5806451439857483 | accuracy01/std: 0.03252142910076931 | cumulative_runtime: nan | loss: 0.710117369890213
* Epoch (45/101) 
train (46/101) _timer/_fps: 1164.6220315876683 | _timer/batch_time: 0.9582691192626953 | _timer/data_time: 0.019891738891601562 | _timer/model_time: 0.9383373260498047 | accuracy01: 0.672042985757192 | accuracy01/std: 0.09036720008281597 | cumulative_runtime: 0.03628774483998617 | loss: 0.6252804199854533
valid (46/101) _timer/_fps: 1799.511661298595 | _timer/batch_time: 0.06892204284667969 | _timer/data_time: 0.006339550018310547 | _timer/model_time: 0.06257057189941406 | accuracy01: 0.5161290019750595 | accuracy01/std: 0.03252138403235327 | cumulative_runtime: nan | loss: 0.7775110900402069
* Epoch (46/101) 
train (47/101) _timer/_fps: 1160.2416475198238 | _timer/batch_time: 0.9619076251983643 | _timer/data_time: 0.019680261611938477 | _timer/model_time: 0.9421873092651367 | accuracy01: 0.5967741757631302 | accuracy01/std: 0.0890715463169455 | cumulative_runtime: 0.036568641662597656 | loss: 0.6771936615308126
valid (47/101) _timer/_fps: 1791.9666608578452 | _timer/batch_time: 0.06921720504760742 | _timer/data_time: 0.006403923034667969 | _timer/model_time: 0.06280112266540527 | accuracy01: 0.5645161271095276 | accuracy01/std: 0.04878211360554326 | cumulative_runtime: nan | loss: 0.7323430776596069
* Epoch (47/101) 
train (48/101) _timer/_fps: 1159.7658198369925 | _timer/batch_time: 0.9623851776123047 | _timer/data_time: 0.019855499267578125 | _timer/model_time: 0.9424905776977539 | accuracy01: 0.6344085782766342 | accuracy01/std: 0.10508711724655373 | cumulative_runtime: 0.03665383656819661 | loss: 0.6668948630491892
valid (48/101) _timer/_fps: 1794.1362918877708 | _timer/batch_time: 0.06914019584655762 | _timer/data_time: 0.006581783294677734 | _timer/model_time: 0.0625462532043457 | accuracy01: 0.6129031777381897 | accuracy01/std: 0.06504279811031723 | cumulative_runtime: nan | loss: 0.6869152784347534
* Epoch (48/101) 
train (49/101) _timer/_fps: 1166.027631803545 | _timer/batch_time: 0.9571075439453125 | _timer/data_time: 0.0196835994720459 | _timer/model_time: 0.9373831748962402 | accuracy01: 0.6344085733095804 | accuracy01/std: 0.044454126754726604 | cumulative_runtime: 0.036171555519104004 | loss: 0.6698674360911052
valid (49/101) _timer/_fps: 1801.9073858442998 | _timer/batch_time: 0.0688316822052002 | _timer/data_time: 0.006254434585571289 | _timer/model_time: 0.06256580352783203 | accuracy01: 0.6612902879714966 | accuracy01/std: 0.1138249117158605 | cumulative_runtime: nan | loss: 0.6609850525856018
* Epoch (49/101) 
train (50/101) _timer/_fps: 1157.461687116436 | _timer/batch_time: 0.9642519950866699 | _timer/data_time: 0.019934892654418945 | _timer/model_time: 0.9442770481109619 | accuracy01: 0.6505376100540161 | accuracy01/std: 0.05730557800536381 | cumulative_runtime: 0.03705147902170817 | loss: 0.6497717499732971
valid (50/101) _timer/_fps: 1803.786712719734 | _timer/batch_time: 0.06875920295715332 | _timer/data_time: 0.006293535232543945 | _timer/model_time: 0.06245255470275879 | accuracy01: 0.5645161271095276 | accuracy01/std: 0.04878211360554326 | cumulative_runtime: nan | loss: 0.7383280992507935
* Epoch (50/101) 
train (51/101) _timer/_fps: 1157.3355813472795 | _timer/batch_time: 0.9643337726593018 | _timer/data_time: 0.01966261863708496 | _timer/model_time: 0.9446313381195068 | accuracy01: 0.6451612710952759 | accuracy01/std: 0.07699679777643788 | cumulative_runtime: 0.03709785143534342 | loss: 0.6610527336597443
valid (51/101) _timer/_fps: 1790.6951827724479 | _timer/batch_time: 0.06925845146179199 | _timer/data_time: 0.006282329559326172 | _timer/model_time: 0.06296443939208984 | accuracy01: 0.5322580486536026 | accuracy01/std: 0.04878209858273792 | cumulative_runtime: nan | loss: 0.7573357820510864
* Epoch (51/101) 
train (52/101) _timer/_fps: 1162.8334349676577 | _timer/batch_time: 0.9597549438476562 | _timer/data_time: 0.019726991653442383 | _timer/model_time: 0.9399809837341309 | accuracy01: 0.6397849222024282 | accuracy01/std: 0.11574655836267643 | cumulative_runtime: 0.036505421002705894 | loss: 0.6568246831496557
valid (52/101) _timer/_fps: 1789.674671754474 | _timer/batch_time: 0.06929945945739746 | _timer/data_time: 0.006270647048950195 | _timer/model_time: 0.06301593780517578 | accuracy01: 0.5806451439857483 | accuracy01/std: 0.03252142910076931 | cumulative_runtime: nan | loss: 0.7321435809135437
* Epoch (52/101) 
train (53/101) _timer/_fps: 1155.749788999463 | _timer/batch_time: 0.96567702293396 | _timer/data_time: 0.01965165138244629 | _timer/model_time: 0.9459848403930664 | accuracy01: 0.6612903078397115 | accuracy01/std: 0.0850662580367207 | cumulative_runtime: 0.0377961794535319 | loss: 0.6424604654312134
valid (53/101) _timer/_fps: 1804.031534649851 | _timer/batch_time: 0.06874346733093262 | _timer/data_time: 0.006266355514526367 | _timer/model_time: 0.06246590614318848 | accuracy01: 0.5483870953321457 | accuracy01/std: 0.06504281313312257 | cumulative_runtime: nan | loss: 0.7647145688533783
* Epoch (53/101) 
train (54/101) _timer/_fps: 1165.787279805068 | _timer/batch_time: 0.9573392868041992 | _timer/data_time: 0.01953411102294922 | _timer/model_time: 0.9377660751342773 | accuracy01: 0.6881720423698425 | accuracy01/std: 0.05497614579247139 | cumulative_runtime: 0.03614656130472819 | loss: 0.6222688257694244
valid (54/101) _timer/_fps: 1800.0269554169467 | _timer/batch_time: 0.06889986991882324 | _timer/data_time: 0.006272792816162109 | _timer/model_time: 0.06261491775512695 | accuracy01: 0.5967741906642914 | accuracy01/std: 0.016260714550384654 | cumulative_runtime: nan | loss: 0.7102596461772919
* Epoch (54/101) 
train (55/101) _timer/_fps: 1159.729145937757 | _timer/batch_time: 0.9623088836669922 | _timer/data_time: 0.01986241340637207 | _timer/model_time: 0.9424073696136475 | accuracy01: 0.7043010393778483 | accuracy01/std: 0.05085721962240526 | cumulative_runtime: 0.03655807177225749 | loss: 0.6050692995389302
valid (55/101) _timer/_fps: 1799.1292383909863 | _timer/batch_time: 0.06894040107727051 | _timer/data_time: 0.006319761276245117 | _timer/model_time: 0.06260848045349121 | accuracy01: 0.5645160973072052 | accuracy01/std: 0.1138248816702498 | cumulative_runtime: nan | loss: 0.74233278632164
* Epoch (55/101) 
train (56/101) _timer/_fps: 1165.2341864105053 | _timer/batch_time: 0.9577517509460449 | _timer/data_time: 0.019701242446899414 | _timer/model_time: 0.9380090236663818 | accuracy01: 0.6989247103532155 | accuracy01/std: 0.08068291777606879 | cumulative_runtime: 0.03623743851979573 | loss: 0.6095512310663859
valid (56/101) _timer/_fps: 1805.2315084729985 | _timer/batch_time: 0.06870055198669434 | _timer/data_time: 0.006235361099243164 | _timer/model_time: 0.06245231628417969 | accuracy01: 0.5161290168762207 | accuracy01/std: 0.06504279811031723 | cumulative_runtime: nan | loss: 0.7970245480537415
* Epoch (56/101) 
train (57/101) _timer/_fps: 1162.2654528397527 | _timer/batch_time: 0.9602372646331787 | _timer/data_time: 0.019615888595581055 | _timer/model_time: 0.9405820369720459 | accuracy01: 0.6827956934769948 | accuracy01/std: 0.05085722912510415 | cumulative_runtime: 0.036466002464294434 | loss: 0.6250989635785421
valid (57/101) _timer/_fps: 1788.1086399946935 | _timer/batch_time: 0.06938028335571289 | _timer/data_time: 0.006852149963378906 | _timer/model_time: 0.06251668930053711 | accuracy01: 0.4999999850988388 | accuracy01/std: 0.08130349763789653 | cumulative_runtime: nan | loss: 0.8064787983894348
* Epoch (57/101) 
train (58/101) _timer/_fps: 1164.9358976571264 | _timer/batch_time: 0.9580078125 | _timer/data_time: 0.019580364227294922 | _timer/model_time: 0.9383866786956787 | accuracy01: 0.7150537470976511 | accuracy01/std: 0.039246020231740196 | cumulative_runtime: 0.03648066520690918 | loss: 0.5882126092910767
valid (58/101) _timer/_fps: 1803.061281979183 | _timer/batch_time: 0.06878542900085449 | _timer/data_time: 0.006284236907958984 | _timer/model_time: 0.06248974800109863 | accuracy01: 0.5806451439857483 | accuracy01/std: 0.0 | cumulative_runtime: nan | loss: 0.727116733789444
* Epoch (58/101) 
train (59/101) _timer/_fps: 1163.3089639538366 | _timer/batch_time: 0.9593348503112793 | _timer/data_time: 0.019815444946289062 | _timer/model_time: 0.9394795894622803 | accuracy01: 0.736559122800827 | accuracy01/std: 0.047304561227007526 | cumulative_runtime: 0.036694486935933426 | loss: 0.5779751837253571
valid (59/101) _timer/_fps: 1790.877568287363 | _timer/batch_time: 0.06927347183227539 | _timer/data_time: 0.0067327022552490234 | _timer/model_time: 0.06252884864807129 | accuracy01: 0.6129032373428345 | accuracy01/std: 0.0 | cumulative_runtime: nan | loss: 0.6966434717178345
* Epoch (59/101) 
train (60/101) _timer/_fps: 1162.9815344678489 | _timer/batch_time: 0.9596726894378662 | _timer/data_time: 0.01976490020751953 | _timer/model_time: 0.9398715496063232 | accuracy01: 0.7903225819269817 | accuracy01/std: 0.058311013765358896 | cumulative_runtime: 0.036015590031941734 | loss: 0.5237194349368414
valid (60/101) _timer/_fps: 1801.797534491939 | _timer/batch_time: 0.0688331127166748 | _timer/data_time: 0.006293058395385742 | _timer/model_time: 0.06252837181091309 | accuracy01: 0.5967741906642914 | accuracy01/std: 0.016260714550384654 | cumulative_runtime: nan | loss: 0.7159959673881531
* Epoch (60/101) 
train (61/101) _timer/_fps: 1104.885106153521 | _timer/batch_time: 1.0278935432434082 | _timer/data_time: 0.019712209701538086 | _timer/model_time: 1.0081419944763184 | accuracy01: 0.7634408473968506 | accuracy01/std: 0.06903663020217973 | cumulative_runtime: 0.03603827953338623 | loss: 0.5519757072130839
valid (61/101) _timer/_fps: 1808.0941026333555 | _timer/batch_time: 0.06859159469604492 | _timer/data_time: 0.006237030029296875 | _timer/model_time: 0.062342166900634766 | accuracy01: 0.5645161122083664 | accuracy01/std: 0.08130349763789653 | cumulative_runtime: nan | loss: 0.7495093047618866
* Epoch (61/101) 
train (62/101) _timer/_fps: 1165.016352248629 | _timer/batch_time: 0.9579441547393799 | _timer/data_time: 0.019631624221801758 | _timer/model_time: 0.9382553100585938 | accuracy01: 0.7526881496111552 | accuracy01/std: 0.07391568414684653 | cumulative_runtime: 0.036070982615153 | loss: 0.5571338882048924
valid (62/101) _timer/_fps: 1805.1514272459576 | _timer/batch_time: 0.06870627403259277 | _timer/data_time: 0.0062487125396728516 | _timer/model_time: 0.062444448471069336 | accuracy01: 0.596774160861969 | accuracy01/std: 0.04878211360554326 | cumulative_runtime: nan | loss: 0.7197040617465973
* Epoch (62/101) 
train (63/101) _timer/_fps: 1165.0026054713735 | _timer/batch_time: 0.9579496383666992 | _timer/data_time: 0.019627094268798828 | _timer/model_time: 0.938281774520874 | accuracy01: 0.7903225521246592 | accuracy01/std: 0.030968091272125856 | cumulative_runtime: 0.03626883029937744 | loss: 0.5232612291971842
valid (63/101) _timer/_fps: 1806.7485541246465 | _timer/batch_time: 0.06864333152770996 | _timer/data_time: 0.006228923797607422 | _timer/model_time: 0.06240224838256836 | accuracy01: 0.6290322244167328 | accuracy01/std: 0.048782083559932576 | cumulative_runtime: nan | loss: 0.6862141489982605
* Epoch (63/101) 
train (64/101) _timer/_fps: 1160.9548299138232 | _timer/batch_time: 0.9613356590270996 | _timer/data_time: 0.02018904685974121 | _timer/model_time: 0.9411075115203857 | accuracy01: 0.7580644885698955 | accuracy01/std: 0.0741120000599937 | cumulative_runtime: 0.036956628163655594 | loss: 0.5473726689815521
valid (64/101) _timer/_fps: 1777.1643816425294 | _timer/batch_time: 0.06983351707458496 | _timer/data_time: 0.00731968879699707 | _timer/model_time: 0.06250143051147461 | accuracy01: 0.596774160861969 | accuracy01/std: 0.04878211360554326 | cumulative_runtime: nan | loss: 0.7169810831546783
* Epoch (64/101) 
train (65/101) _timer/_fps: 1168.514487242106 | _timer/batch_time: 0.9550714492797852 | _timer/data_time: 0.01968860626220703 | _timer/model_time: 0.935344934463501 | accuracy01: 0.8118279278278351 | accuracy01/std: 0.06580379139002196 | cumulative_runtime: 0.035726467768351235 | loss: 0.502890889843305
valid (65/101) _timer/_fps: 1804.5929014109943 | _timer/batch_time: 0.06872320175170898 | _timer/data_time: 0.0062618255615234375 | _timer/model_time: 0.06244921684265137 | accuracy01: 0.5322580337524414 | accuracy01/std: 0.016260684504773963 | cumulative_runtime: nan | loss: 0.7771563827991486
* Epoch (65/101) 
train (66/101) _timer/_fps: 1164.6966882070653 | _timer/batch_time: 0.958207368850708 | _timer/data_time: 0.01978588104248047 | _timer/model_time: 0.9383828639984131 | accuracy01: 0.8118279278278351 | accuracy01/std: 0.06309835580350874 | cumulative_runtime: 0.036196231842041016 | loss: 0.49930535753568017
valid (66/101) _timer/_fps: 1804.4941025272642 | _timer/batch_time: 0.06873250007629395 | _timer/data_time: 0.006246089935302734 | _timer/model_time: 0.062474727630615234 | accuracy01: 0.596774160861969 | accuracy01/std: 0.04878211360554326 | cumulative_runtime: nan | loss: 0.7103795111179352
* Epoch (66/101) 
train (67/101) _timer/_fps: 1164.405111020845 | _timer/batch_time: 0.9584536552429199 | _timer/data_time: 0.019613981246948242 | _timer/model_time: 0.9388008117675781 | accuracy01: 0.7956989109516144 | accuracy01/std: 0.08890827042059021 | cumulative_runtime: 0.0365679661432902 | loss: 0.5188957552115123
valid (67/101) _timer/_fps: 1800.2720228550268 | _timer/batch_time: 0.0688924789428711 | _timer/data_time: 0.006294727325439453 | _timer/model_time: 0.06258630752563477 | accuracy01: 0.5483870506286621 | accuracy01/std: 0.0 | cumulative_runtime: nan | loss: 0.7561365365982056
* Epoch (67/101) 
train (68/101) _timer/_fps: 1168.4172180865717 | _timer/batch_time: 0.9551427364349365 | _timer/data_time: 0.019634246826171875 | _timer/model_time: 0.935462236404419 | accuracy01: 0.8548386693000793 | accuracy01/std: 0.05198753068840393 | cumulative_runtime: 0.036196986834208175 | loss: 0.45594875514507294
valid (68/101) _timer/_fps: 1802.7071387058309 | _timer/batch_time: 0.06879711151123047 | _timer/data_time: 0.006276845932006836 | _timer/model_time: 0.06250810623168945 | accuracy01: 0.5967741906642914 | accuracy01/std: 0.016260714550384654 | cumulative_runtime: nan | loss: 0.7174651622772217
* Epoch (68/101) 
train (69/101) _timer/_fps: 1159.6759007129392 | _timer/batch_time: 0.9623911380767822 | _timer/data_time: 0.019670963287353516 | _timer/model_time: 0.9426805973052979 | accuracy01: 0.8225806156794231 | accuracy01/std: 0.07172064871655331 | cumulative_runtime: 0.03679323196411133 | loss: 0.4888001432021459
valid (69/101) _timer/_fps: 1804.7090617660638 | _timer/batch_time: 0.06872367858886719 | _timer/data_time: 0.006276845932006836 | _timer/model_time: 0.06243419647216797 | accuracy01: 0.5322580635547638 | accuracy01/std: 0.08130351266070188 | cumulative_runtime: nan | loss: 0.7835688292980194
* Epoch (69/101) 
train (70/101) _timer/_fps: 1160.1648654147073 | _timer/batch_time: 0.961965799331665 | _timer/data_time: 0.01960134506225586 | _timer/model_time: 0.9423255920410156 | accuracy01: 0.795698901017507 | accuracy01/std: 0.06903664264725624 | cumulative_runtime: 0.0365750789642334 | loss: 0.515130599339803
valid (70/101) _timer/_fps: 1801.6475458224854 | _timer/batch_time: 0.06883740425109863 | _timer/data_time: 0.006293296813964844 | _timer/model_time: 0.06253218650817871 | accuracy01: 0.5806451588869095 | accuracy01/std: 0.16260701029859842 | cumulative_runtime: nan | loss: 0.7317035794258118
* Epoch (70/101) 
train (71/101) _timer/_fps: 1164.5275547421968 | _timer/batch_time: 0.9583477973937988 | _timer/data_time: 0.019624948501586914 | _timer/model_time: 0.938683271408081 | accuracy01: 0.849462350209554 | accuracy01/std: 0.05806128342370155 | cumulative_runtime: 0.03604276974995931 | loss: 0.46649108827114105
valid (71/101) _timer/_fps: 1787.670839814668 | _timer/batch_time: 0.06939196586608887 | _timer/data_time: 0.006539106369018555 | _timer/model_time: 0.06284022331237793 | accuracy01: 0.5483870804309845 | accuracy01/std: 0.03252139905515861 | cumulative_runtime: nan | loss: 0.7672318518161774
* Epoch (71/101) 
train (72/101) _timer/_fps: 1170.160902101745 | _timer/batch_time: 0.9537444114685059 | _timer/data_time: 0.019725799560546875 | _timer/model_time: 0.9339799880981445 | accuracy01: 0.8064515888690948 | accuracy01/std: 0.037348947664652056 | cumulative_runtime: 0.035588582356770836 | loss: 0.5087285141150156
valid (72/101) _timer/_fps: 1801.6591100674073 | _timer/batch_time: 0.06883883476257324 | _timer/data_time: 0.006251811981201172 | _timer/model_time: 0.0625753402709961 | accuracy01: 0.6129032075405121 | accuracy01/std: 0.09756419716547585 | cumulative_runtime: nan | loss: 0.7015991508960724
* Epoch (72/101) 
train (73/101) _timer/_fps: 1159.415805084203 | _timer/batch_time: 0.9625599384307861 | _timer/data_time: 0.02091836929321289 | _timer/model_time: 0.9416012763977051 | accuracy01: 0.8172042767206829 | accuracy01/std: 0.06646291442836029 | cumulative_runtime: 0.03628917535146078 | loss: 0.500176747639974
valid (73/101) _timer/_fps: 1798.6836295305575 | _timer/batch_time: 0.06895160675048828 | _timer/data_time: 0.0065765380859375 | _timer/model_time: 0.0623629093170166 | accuracy01: 0.5806451439857483 | accuracy01/std: 0.06504279811031723 | cumulative_runtime: nan | loss: 0.7333106994628906
* Epoch (73/101) 
train (74/101) _timer/_fps: 1165.5577844280583 | _timer/batch_time: 0.9575209617614746 | _timer/data_time: 0.0197603702545166 | _timer/model_time: 0.9377195835113525 | accuracy01: 0.8064515988032024 | accuracy01/std: 0.06987346682029992 | cumulative_runtime: 0.03635140260060628 | loss: 0.5084586789210638
valid (74/101) _timer/_fps: 1799.3138828601682 | _timer/batch_time: 0.06893110275268555 | _timer/data_time: 0.006369590759277344 | _timer/model_time: 0.06254935264587402 | accuracy01: 0.5322580337524414 | accuracy01/std: 0.016260684504773963 | cumulative_runtime: nan | loss: 0.775854080915451
* Epoch (74/101) 
train (75/101) _timer/_fps: 1166.0644745525217 | _timer/batch_time: 0.9570984840393066 | _timer/data_time: 0.020027637481689453 | _timer/model_time: 0.9370293617248535 | accuracy01: 0.8225806256135305 | accuracy01/std: 0.05198752758970255 | cumulative_runtime: 0.03619603315989177 | loss: 0.49005432923634845
valid (75/101) _timer/_fps: 1800.6679046749803 | _timer/batch_time: 0.06888222694396973 | _timer/data_time: 0.006417036056518555 | _timer/model_time: 0.06245303153991699 | accuracy01: 0.4838709384202957 | accuracy01/std: 0.06504278308751188 | cumulative_runtime: nan | loss: 0.8289707899093628
* Epoch (75/101) 
train (76/101) _timer/_fps: 1160.4562905656387 | _timer/batch_time: 0.9618101119995117 | _timer/data_time: 0.01963663101196289 | _timer/model_time: 0.9421329498291016 | accuracy01: 0.795698901017507 | accuracy01/std: 0.0517072584806344 | cumulative_runtime: 0.037129481633504234 | loss: 0.5115350087483724
valid (76/101) _timer/_fps: 1789.7513210239695 | _timer/batch_time: 0.06929993629455566 | _timer/data_time: 0.006410837173461914 | _timer/model_time: 0.06287670135498047 | accuracy01: 0.5161290168762207 | accuracy01/std: 0.06504279811031723 | cumulative_runtime: nan | loss: 0.7952552139759064
* Epoch (76/101) 
train (77/101) _timer/_fps: 1161.5925680965336 | _timer/batch_time: 0.9610509872436523 | _timer/data_time: 0.020196199417114258 | _timer/model_time: 0.9408128261566162 | accuracy01: 0.8172042866547903 | accuracy01/std: 0.07151779438561162 | cumulative_runtime: 0.03731449445088705 | loss: 0.49433626731236774
valid (77/101) _timer/_fps: 1796.67937316757 | _timer/batch_time: 0.06904101371765137 | _timer/data_time: 0.006696462631225586 | _timer/model_time: 0.0623321533203125 | accuracy01: 0.5483870804309845 | accuracy01/std: 0.03252139905515861 | cumulative_runtime: nan | loss: 0.7587200999259949
* Epoch (77/101) 
train (78/101) _timer/_fps: 1167.1847456266844 | _timer/batch_time: 0.9561746120452881 | _timer/data_time: 0.019777536392211914 | _timer/model_time: 0.9363574981689453 | accuracy01: 0.801075259844462 | accuracy01/std: 0.0630983464423015 | cumulative_runtime: 0.03615001837412517 | loss: 0.5161765962839127
valid (78/101) _timer/_fps: 1805.1988438288913 | _timer/batch_time: 0.06870222091674805 | _timer/data_time: 0.0062580108642578125 | _timer/model_time: 0.06243300437927246 | accuracy01: 0.5161290019750595 | accuracy01/std: 0.03252138403235327 | cumulative_runtime: nan | loss: 0.7882264852523804
* Epoch (78/101) 
train (79/101) _timer/_fps: 1169.6675581645936 | _timer/batch_time: 0.9541337490081787 | _timer/data_time: 0.019852638244628906 | _timer/model_time: 0.9342410564422607 | accuracy01: 0.7795698742071787 | accuracy01/std: 0.07332357473251228 | cumulative_runtime: 0.03646727403004964 | loss: 0.5361835062503815
valid (79/101) _timer/_fps: 1792.0424660435315 | _timer/batch_time: 0.06920528411865234 | _timer/data_time: 0.006243228912353516 | _timer/model_time: 0.06294941902160645 | accuracy01: 0.5161290168762207 | accuracy01/std: 0.06504279811031723 | cumulative_runtime: nan | loss: 0.7974202334880829
* Epoch (79/101) 
train (80/101) _timer/_fps: 1168.3456092642505 | _timer/batch_time: 0.955202579498291 | _timer/data_time: 0.019812583923339844 | _timer/model_time: 0.9353501796722412 | accuracy01: 0.7419354716936747 | accuracy01/std: 0.09522148448398532 | cumulative_runtime: 0.03667008876800537 | loss: 0.5639153867959976
valid (80/101) _timer/_fps: 1789.1152055900616 | _timer/batch_time: 0.06934118270874023 | _timer/data_time: 0.006751298904418945 | _timer/model_time: 0.0625765323638916 | accuracy01: 0.5806451439857483 | accuracy01/std: 0.03252142910076931 | cumulative_runtime: nan | loss: 0.7331952154636383
* Epoch (80/101) 
train (81/101) _timer/_fps: 1167.633862890538 | _timer/batch_time: 0.9558038711547852 | _timer/data_time: 0.01975536346435547 | _timer/model_time: 0.9360091686248779 | accuracy01: 0.7473118007183075 | accuracy01/std: 0.07566426022541603 | cumulative_runtime: 0.03633340199788411 | loss: 0.56343674659729
valid (81/101) _timer/_fps: 1790.3979549560202 | _timer/batch_time: 0.06927800178527832 | _timer/data_time: 0.0065534114837646484 | _timer/model_time: 0.06271195411682129 | accuracy01: 0.5483870953321457 | accuracy01/std: 0.06504281313312257 | cumulative_runtime: nan | loss: 0.7630921602249146
* Epoch (81/101) 
train (82/101) _timer/_fps: 1167.6127163644717 | _timer/batch_time: 0.9558136463165283 | _timer/data_time: 0.01998281478881836 | _timer/model_time: 0.9357891082763672 | accuracy01: 0.7849462131659191 | accuracy01/std: 0.07151777786729571 | cumulative_runtime: 0.036354660987854004 | loss: 0.5262346565723419
valid (82/101) _timer/_fps: 1802.372563783442 | _timer/batch_time: 0.06880927085876465 | _timer/data_time: 0.006318330764770508 | _timer/model_time: 0.062470436096191406 | accuracy01: 0.4677419066429138 | accuracy01/std: 0.0813034826150912 | cumulative_runtime: nan | loss: 0.8476462364196777
* Epoch (82/101) 
train (83/101) _timer/_fps: 1164.5553421152151 | _timer/batch_time: 0.958341121673584 | _timer/data_time: 0.020168781280517578 | _timer/model_time: 0.938133716583252 | accuracy01: 0.7634408275286356 | accuracy01/std: 0.1418112488889495 | cumulative_runtime: 0.036650498708089195 | loss: 0.541877215107282
valid (83/101) _timer/_fps: 1786.059469871941 | _timer/batch_time: 0.06945109367370605 | _timer/data_time: 0.0066983699798583984 | _timer/model_time: 0.06274008750915527 | accuracy01: 0.4999999850988388 | accuracy01/std: 0.016260699527579307 | cumulative_runtime: nan | loss: 0.8137380480766296
* Epoch (83/101) 
train (84/101) _timer/_fps: 1164.7566822928543 | _timer/batch_time: 0.9581687450408936 | _timer/data_time: 0.019937992095947266 | _timer/model_time: 0.9381914138793945 | accuracy01: 0.7473117907842 | accuracy01/std: 0.06309833623007553 | cumulative_runtime: 0.036846915880839035 | loss: 0.5547231535116832
valid (84/101) _timer/_fps: 1787.8133785889427 | _timer/batch_time: 0.06937861442565918 | _timer/data_time: 0.006611347198486328 | _timer/model_time: 0.06275391578674316 | accuracy01: 0.4999999701976776 | accuracy01/std: 0.17886767978056703 | cumulative_runtime: nan | loss: 0.8139223158359528
* Epoch (84/101) 
train (85/101) _timer/_fps: 1167.0535113590597 | _timer/batch_time: 0.9562933444976807 | _timer/data_time: 0.01983499526977539 | _timer/model_time: 0.9364171028137207 | accuracy01: 0.7526881496111552 | accuracy01/std: 0.07623821101712526 | cumulative_runtime: 0.0364078680674235 | loss: 0.5606966366370518
valid (85/101) _timer/_fps: 1806.828263239271 | _timer/batch_time: 0.06864356994628906 | _timer/data_time: 0.006251811981201172 | _timer/model_time: 0.06237983703613281 | accuracy01: 0.5161290168762207 | accuracy01/std: 0.06504279811031723 | cumulative_runtime: nan | loss: 0.7906996607780457
* Epoch (85/101) 
train (86/101) _timer/_fps: 1168.8137142510006 | _timer/batch_time: 0.9548392295837402 | _timer/data_time: 0.020023345947265625 | _timer/model_time: 0.9347162246704102 | accuracy01: 0.774193525314331 | accuracy01/std: 0.08557715883989003 | cumulative_runtime: 0.03595193227132162 | loss: 0.5316949486732483
valid (86/101) _timer/_fps: 1800.280813104214 | _timer/batch_time: 0.0688941478729248 | _timer/data_time: 0.006417274475097656 | _timer/model_time: 0.06246519088745117 | accuracy01: 0.467741921544075 | accuracy01/std: 0.04878209858273792 | cumulative_runtime: nan | loss: 0.8440633714199066
* Epoch (86/101) 
train (87/101) _timer/_fps: 1169.8149602302938 | _timer/batch_time: 0.9540119171142578 | _timer/data_time: 0.019678831100463867 | _timer/model_time: 0.9342913627624512 | accuracy01: 0.7096774081389109 | accuracy01/std: 0.03234513997243316 | cumulative_runtime: 0.03562823931376139 | loss: 0.6028624773025513
valid (87/101) _timer/_fps: 1804.3062567635452 | _timer/batch_time: 0.06873965263366699 | _timer/data_time: 0.006352424621582031 | _timer/model_time: 0.06237435340881348 | accuracy01: 0.4677419364452362 | accuracy01/std: 0.14634631077101912 | cumulative_runtime: nan | loss: 0.8455895781517029
* Epoch (87/101) 
train (88/101) _timer/_fps: 1170.9552405591241 | _timer/batch_time: 0.9530932903289795 | _timer/data_time: 0.019778966903686523 | _timer/model_time: 0.9332752227783203 | accuracy01: 0.7150537371635437 | accuracy01/std: 0.07332355349461366 | cumulative_runtime: 0.036250432332356766 | loss: 0.5909070372581482
valid (88/101) _timer/_fps: 1807.42583811282 | _timer/batch_time: 0.06862044334411621 | _timer/data_time: 0.006220817565917969 | _timer/model_time: 0.06238746643066406 | accuracy01: 0.43548384308815 | accuracy01/std: 0.1138248816702498 | cumulative_runtime: nan | loss: 0.8773965835571289
* Epoch (88/101) 
train (89/101) _timer/_fps: 1170.345567743894 | _timer/batch_time: 0.9535858631134033 | _timer/data_time: 0.019874095916748047 | _timer/model_time: 0.9336719512939453 | accuracy01: 0.6827956736087799 | accuracy01/std: 0.03924601749527267 | cumulative_runtime: 0.036085565884908036 | loss: 0.6197694838047028
valid (89/101) _timer/_fps: 1801.8085591930205 | _timer/batch_time: 0.06884241104125977 | _timer/data_time: 0.006582736968994141 | _timer/model_time: 0.06224632263183594 | accuracy01: 0.4677419066429138 | accuracy01/std: 0.0813034826150912 | cumulative_runtime: nan | loss: 0.8453782200813293
* Epoch (89/101) 
train (90/101) _timer/_fps: 1170.9358054775832 | _timer/batch_time: 0.9531066417694092 | _timer/data_time: 0.01969432830810547 | _timer/model_time: 0.9333744049072266 | accuracy01: 0.7473117907842001 | accuracy01/std: 0.05085721962240526 | cumulative_runtime: 0.036079446474711105 | loss: 0.5666086077690125
valid (90/101) _timer/_fps: 1802.0653135163789 | _timer/batch_time: 0.06882023811340332 | _timer/data_time: 0.006293058395385742 | _timer/model_time: 0.0625150203704834 | accuracy01: 0.4999999850988388 | accuracy01/std: 0.08130349763789653 | cumulative_runtime: nan | loss: 0.803911417722702
* Epoch (90/101) 
train (91/101) _timer/_fps: 1172.2276708965805 | _timer/batch_time: 0.9520385265350342 | _timer/data_time: 0.019892454147338867 | _timer/model_time: 0.9321072101593018 | accuracy01: 0.7204300860563915 | accuracy01/std: 0.08890826921265027 | cumulative_runtime: 0.0358266035715739 | loss: 0.5848399996757507
valid (91/101) _timer/_fps: 1802.472189628378 | _timer/batch_time: 0.06880760192871094 | _timer/data_time: 0.0063588619232177734 | _timer/model_time: 0.06243634223937988 | accuracy01: 0.467741921544075 | accuracy01/std: 0.04878209858273792 | cumulative_runtime: nan | loss: 0.849563479423523
* Epoch (91/101) 
train (92/101) _timer/_fps: 1170.0746885017686 | _timer/batch_time: 0.9538123607635498 | _timer/data_time: 0.01984238624572754 | _timer/model_time: 0.933929443359375 | accuracy01: 0.688172032435735 | accuracy01/std: 0.07151775834564776 | cumulative_runtime: 0.03590710957845052 | loss: 0.6292890906333923
valid (92/101) _timer/_fps: 1785.450535201132 | _timer/batch_time: 0.0694727897644043 | _timer/data_time: 0.0065844058990478516 | _timer/model_time: 0.06287550926208496 | accuracy01: 0.467741921544075 | accuracy01/std: 0.04878209858273792 | cumulative_runtime: nan | loss: 0.8456045687198639
* Epoch (92/101) 
train (93/101) _timer/_fps: 1170.0197485255367 | _timer/batch_time: 0.9538452625274658 | _timer/data_time: 0.01989579200744629 | _timer/model_time: 0.933901309967041 | accuracy01: 0.7580644985040029 | accuracy01/std: 0.061228346869337875 | cumulative_runtime: 0.03661831219991048 | loss: 0.553913876414299
valid (93/101) _timer/_fps: 1796.0323403352518 | _timer/batch_time: 0.06905531883239746 | _timer/data_time: 0.006407737731933594 | _timer/model_time: 0.06263422966003418 | accuracy01: 0.4999999850988388 | accuracy01/std: 0.016260699527579307 | cumulative_runtime: nan | loss: 0.8147038519382477
* Epoch (93/101) 
train (94/101) _timer/_fps: 1166.639069606849 | _timer/batch_time: 0.9566171169281006 | _timer/data_time: 0.019816160202026367 | _timer/model_time: 0.936762809753418 | accuracy01: 0.7311827937761942 | accuracy01/std: 0.0927477717562016 | cumulative_runtime: 0.03660849730173747 | loss: 0.5823012242714564
valid (94/101) _timer/_fps: 1804.3907986946765 | _timer/batch_time: 0.06873440742492676 | _timer/data_time: 0.006234645843505859 | _timer/model_time: 0.06248807907104492 | accuracy01: 0.5967741906642914 | accuracy01/std: 0.016260714550384654 | cumulative_runtime: nan | loss: 0.716507762670517
* Epoch (94/101) 
train (95/101) _timer/_fps: 1165.2750971155097 | _timer/batch_time: 0.9577357769012451 | _timer/data_time: 0.019654512405395508 | _timer/model_time: 0.9380426406860352 | accuracy01: 0.736559122800827 | accuracy01/std: 0.050857231236816715 | cumulative_runtime: 0.03661394119262695 | loss: 0.5704110314448675
valid (95/101) _timer/_fps: 1801.8327141371356 | _timer/batch_time: 0.06884074211120605 | _timer/data_time: 0.006542205810546875 | _timer/model_time: 0.0622868537902832 | accuracy01: 0.5322580337524414 | accuracy01/std: 0.016260684504773963 | cumulative_runtime: nan | loss: 0.7837006747722626
* Epoch (95/101) 
train (96/101) _timer/_fps: 1171.4207911243786 | _timer/batch_time: 0.9527158737182617 | _timer/data_time: 0.019672632217407227 | _timer/model_time: 0.9330029487609863 | accuracy01: 0.7688171863555908 | accuracy01/std: 0.08841660905802438 | cumulative_runtime: 0.03617600599924724 | loss: 0.546126921971639
valid (96/101) _timer/_fps: 1789.7179368235552 | _timer/batch_time: 0.06931257247924805 | _timer/data_time: 0.006689310073852539 | _timer/model_time: 0.06261062622070312 | accuracy01: 0.4999999701976776 | accuracy01/std: 0.048782083559932576 | cumulative_runtime: nan | loss: 0.8094744980335236
* Epoch (96/101) 
train (97/101) _timer/_fps: 1163.523187619459 | _timer/batch_time: 0.9591653347015381 | _timer/data_time: 0.020424365997314453 | _timer/model_time: 0.9387001991271973 | accuracy01: 0.7204300661881765 | accuracy01/std: 0.05170726886561086 | cumulative_runtime: 0.03634826342264811 | loss: 0.5861610174179077
valid (97/101) _timer/_fps: 1775.1908479227059 | _timer/batch_time: 0.06987428665161133 | _timer/data_time: 0.007364988327026367 | _timer/model_time: 0.06249666213989258 | accuracy01: 0.467741921544075 | accuracy01/std: 0.04878209858273792 | cumulative_runtime: nan | loss: 0.845481276512146
* Epoch (97/101) 
train (98/101) _timer/_fps: 1173.13748771962 | _timer/batch_time: 0.9513218402862549 | _timer/data_time: 0.019852638244628906 | _timer/model_time: 0.9314286708831787 | accuracy01: 0.747311810652415 | accuracy01/std: 0.090367200082816 | cumulative_runtime: 0.03528587023417155 | loss: 0.5659091472625732
valid (98/101) _timer/_fps: 1789.2514774097958 | _timer/batch_time: 0.06932663917541504 | _timer/data_time: 0.006568193435668945 | _timer/model_time: 0.06274604797363281 | accuracy01: 0.5645161271095276 | accuracy01/std: 0.04878211360554326 | cumulative_runtime: nan | loss: 0.7514526546001434
* Epoch (98/101) 
train (99/101) _timer/_fps: 1166.9041996182145 | _timer/batch_time: 0.9564392566680908 | _timer/data_time: 0.020146608352661133 | _timer/model_time: 0.9362492561340332 | accuracy01: 0.7473118007183075 | accuracy01/std: 0.04730455441610016 | cumulative_runtime: 0.03601189454396566 | loss: 0.5636873046557108
valid (99/101) _timer/_fps: 1801.7570423462937 | _timer/batch_time: 0.06884026527404785 | _timer/data_time: 0.006332874298095703 | _timer/model_time: 0.06249499320983887 | accuracy01: 0.5322580337524414 | accuracy01/std: 0.016260684504773963 | cumulative_runtime: nan | loss: 0.7823652625083923
* Epoch (99/101) 
train (100/101) _timer/_fps: 1167.2713477763423 | _timer/batch_time: 0.9560797214508057 | _timer/data_time: 0.01990056037902832 | _timer/model_time: 0.9361393451690674 | accuracy01: 0.8064515888690948 | accuracy01/std: 0.09337234069447274 | cumulative_runtime: 0.036539435386657715 | loss: 0.5070364127556484
valid (100/101) _timer/_fps: 1803.8320088712594 | _timer/batch_time: 0.0687551498413086 | _timer/data_time: 0.006306886672973633 | _timer/model_time: 0.06243705749511719 | accuracy01: 0.5483870953321457 | accuracy01/std: 0.06504281313312257 | cumulative_runtime: nan | loss: 0.7551499605178833
* Epoch (100/101) 
train (101/101) _timer/_fps: 1163.966415235937 | _timer/batch_time: 0.9588007926940918 | _timer/data_time: 0.02009868621826172 | _timer/model_time: 0.9386627674102783 | accuracy01: 0.7795698742071788 | accuracy01/std: 0.1172433626916548 | cumulative_runtime: 0.03634846210479736 | loss: 0.5305238167444865
valid (101/101) _timer/_fps: 1806.128932680043 | _timer/batch_time: 0.06866645812988281 | _timer/data_time: 0.006289005279541016 | _timer/model_time: 0.06236624717712402 | accuracy01: 0.5161290317773819 | accuracy01/std: 0.0975642121882812 | cumulative_runtime: nan | loss: 0.7984095513820648
* Epoch (101/101) 
Top models:
logs/nn=4-be=gloo-lr=0.001-bs=31-ep=101-dm=rankdad-nf=10-mo=icalstm-ma=[]-mk={}-da=hcp_gender-cr=CrossEntropyLoss-optimizer=Adam-sc=None-k=0-N=-1-pini=1-pief=3-pius=1-pito=0.001/site_0/checkpoints/model.0021.pth	0.6141
