additional_args --lr 0.001 --batch-size 31 --epochs 101 --distributed-mode rankdad --dataset hcp_gender --model icalstm --backend gloo --N -1 --k 0
ARGS  {'rank': 2, 'num_nodes': 4, 'backend': 'gloo', 'dist_url': 'tcp://10.245.10.112:8998', 'master_port': '8998', 'master_addr': '10.245.10.112', 'lr': 0.001, 'batch_size': 31, 'epochs': 101, 'name': 'NONE', 'log_dir': 'logs', 'distributed_mode': 'rankdad', 'num_folds': 10, 'model': 'icalstm', 'model_args': '[]', 'model_kwargs': '{}', 'dataset': 'hcp_gender', 'criterion': 'CrossEntropyLoss', 'optimizer': 'Adam', 'scheduler': 'None', 'k': 0, 'N': -1, 'pi_numiterations': 1, 'pi_effective_rank': 3, 'pi_use_sigma': 1, 'pi_tolerance': 0.001}
ARGS
{'rank': 2, 'num_nodes': 4, 'backend': 'gloo', 'dist_url': 'tcp://10.245.10.112:8998', 'master_port': '8998', 'master_addr': '10.245.10.112', 'lr': 0.001, 'batch_size': 31, 'epochs': 101, 'name': 'nn=4-be=gloo-lr=0.001-bs=31-ep=101-dm=rankdad-nf=10-mo=icalstm-ma=[]-mk={}-da=hcp_gender-cr=CrossEntropyLoss-optimizer=Adam-sc=None-k=0-N=-1-pini=1-pief=3-pius=1-pito=0.001', 'log_dir': 'logs', 'distributed_mode': 'rankdad', 'num_folds': 10, 'model': 'icalstm', 'model_args': '[]', 'model_kwargs': '{}', 'dataset': 'hcp_gender', 'criterion': 'CrossEntropyLoss', 'optimizer': 'Adam', 'scheduler': 'None', 'k': 0, 'N': -1, 'pi_numiterations': 1, 'pi_effective_rank': 3, 'pi_use_sigma': 1, 'pi_tolerance': 0.001}
Model kwargs {}
Len train full 749
Len Valid  84
Len Train  187
train (1/101) _timer/_fps: 945.3504547338446 | _timer/batch_time: 1.6249780654907227 | _timer/data_time: 0.02778911590576172 | _timer/model_time: 1.5971527099609375 | accuracy01: 0.5215053508679072 | accuracy01/std: 0.08014080967459962 | cumulative_runtime: 0.1333396832148234 | loss: 0.6919103463490804
valid (1/101) _timer/_fps: 1793.4462209240592 | _timer/batch_time: 0.06915497779846191 | _timer/data_time: 0.006276845932006836 | _timer/model_time: 0.0628652572631836 | accuracy01: 0.5483870804309845 | accuracy01/std: 0.03252139905515861 | cumulative_runtime: nan | loss: 0.6954821348190308
* Epoch (1/101) 
train (2/101) _timer/_fps: 1161.7555743882979 | _timer/batch_time: 0.9606304168701172 | _timer/data_time: 0.0210874080657959 | _timer/model_time: 0.9395060539245605 | accuracy01: 0.6344085882107418 | accuracy01/std: 0.09274778217760221 | cumulative_runtime: 0.036445577939351395 | loss: 0.63739013671875
valid (2/101) _timer/_fps: 1795.762084180899 | _timer/batch_time: 0.06906723976135254 | _timer/data_time: 0.00625157356262207 | _timer/model_time: 0.0628042221069336 | accuracy01: 0.5322580337524414 | accuracy01/std: 0.016260684504773963 | cumulative_runtime: nan | loss: 0.6908087134361267
* Epoch (2/101) 
train (3/101) _timer/_fps: 1160.1235363845663 | _timer/batch_time: 0.9619889259338379 | _timer/data_time: 0.019650936126708984 | _timer/model_time: 0.94230055809021 | accuracy01: 0.6935483713944752 | accuracy01/std: 0.12492369153456977 | cumulative_runtime: 0.036712725957234696 | loss: 0.6088373164335887
valid (3/101) _timer/_fps: 1789.874225178289 | _timer/batch_time: 0.06930971145629883 | _timer/data_time: 0.006646633148193359 | _timer/model_time: 0.06265115737915039 | accuracy01: 0.4516128897666931 | accuracy01/std: 0.03252139905515861 | cumulative_runtime: nan | loss: 0.717132955789566
* Epoch (3/101) 
train (4/101) _timer/_fps: 1153.1616427722277 | _timer/batch_time: 0.967792272567749 | _timer/data_time: 0.020979881286621094 | _timer/model_time: 0.9467747211456299 | accuracy01: 0.7311827739079793 | accuracy01/std: 0.08489526946552904 | cumulative_runtime: 0.037336786588033036 | loss: 0.5672406554222107
valid (4/101) _timer/_fps: 1796.8473016398389 | _timer/batch_time: 0.06902194023132324 | _timer/data_time: 0.006554365158081055 | _timer/model_time: 0.06245589256286621 | accuracy01: 0.4838709682226181 | accuracy01/std: 0.1300856112434398 | cumulative_runtime: nan | loss: 0.7423515021800995
* Epoch (4/101) 
train (5/101) _timer/_fps: 1164.7633603765419 | _timer/batch_time: 0.9581508636474609 | _timer/data_time: 0.020098447799682617 | _timer/model_time: 0.9380149841308594 | accuracy01: 0.7043010493119558 | accuracy01/std: 0.08642196296721563 | cumulative_runtime: 0.0366896390914917 | loss: 0.559433658917745
valid (5/101) _timer/_fps: 1791.9619121175392 | _timer/batch_time: 0.06921577453613281 | _timer/data_time: 0.0064771175384521484 | _timer/model_time: 0.06272649765014648 | accuracy01: 0.5967741906642914 | accuracy01/std: 0.016260714550384654 | cumulative_runtime: nan | loss: 0.708428293466568
* Epoch (5/101) 
train (6/101) _timer/_fps: 1157.3716023222862 | _timer/batch_time: 0.9642782211303711 | _timer/data_time: 0.019682884216308594 | _timer/model_time: 0.944556713104248 | accuracy01: 0.7849462330341339 | accuracy01/std: 0.051707260557629094 | cumulative_runtime: 0.03737076123555501 | loss: 0.5097992519537609
valid (6/101) _timer/_fps: 1787.2712130747614 | _timer/batch_time: 0.06940889358520508 | _timer/data_time: 0.006629228591918945 | _timer/model_time: 0.06276702880859375 | accuracy01: 0.5161290168762207 | accuracy01/std: 0.0 | cumulative_runtime: nan | loss: 0.7303401827812195
* Epoch (6/101) 
train (7/101) _timer/_fps: 1160.3800878443778 | _timer/batch_time: 0.9617936611175537 | _timer/data_time: 0.019681692123413086 | _timer/model_time: 0.942075252532959 | accuracy01: 0.7634408275286357 | accuracy01/std: 0.05497615360646012 | cumulative_runtime: 0.03740624586741129 | loss: 0.5255552877982458
valid (7/101) _timer/_fps: 1795.3951521585673 | _timer/batch_time: 0.06908416748046875 | _timer/data_time: 0.006328105926513672 | _timer/model_time: 0.0627439022064209 | accuracy01: 0.5483870953321457 | accuracy01/std: 0.06504281313312257 | cumulative_runtime: nan | loss: 0.7318986356258392
* Epoch (7/101) 
train (8/101) _timer/_fps: 1157.4548666633793 | _timer/batch_time: 0.9641926288604736 | _timer/data_time: 0.020731449127197266 | _timer/model_time: 0.9434247016906738 | accuracy01: 0.8172042767206829 | accuracy01/std: 0.051707258480634406 | cumulative_runtime: 0.0369189977645874 | loss: 0.48500355581442517
valid (8/101) _timer/_fps: 1793.9287463069813 | _timer/batch_time: 0.06913995742797852 | _timer/data_time: 0.006457090377807617 | _timer/model_time: 0.06267070770263672 | accuracy01: 0.5161290019750595 | accuracy01/std: 0.03252138403235327 | cumulative_runtime: nan | loss: 0.7663369476795197
* Epoch (8/101) 
train (9/101) _timer/_fps: 1158.787449787274 | _timer/batch_time: 0.9631056785583496 | _timer/data_time: 0.019741296768188477 | _timer/model_time: 0.943326473236084 | accuracy01: 0.7795698543389639 | accuracy01/std: 0.1187212655760814 | cumulative_runtime: 0.037334442138671875 | loss: 0.5157765845457714
valid (9/101) _timer/_fps: 1792.509975983663 | _timer/batch_time: 0.0691976547241211 | _timer/data_time: 0.006483554840087891 | _timer/model_time: 0.06270337104797363 | accuracy01: 0.4999999850988388 | accuracy01/std: 0.016260699527579307 | cumulative_runtime: nan | loss: 0.7750088274478912
* Epoch (9/101) 
train (10/101) _timer/_fps: 1159.3964409801779 | _timer/batch_time: 0.962609052658081 | _timer/data_time: 0.019746065139770508 | _timer/model_time: 0.9428246021270752 | accuracy01: 0.8064515888690948 | accuracy01/std: 0.07699681869855769 | cumulative_runtime: 0.03767017523447672 | loss: 0.5082980593045553
valid (10/101) _timer/_fps: 1792.4024050366302 | _timer/batch_time: 0.06920242309570312 | _timer/data_time: 0.00643157958984375 | _timer/model_time: 0.0627586841583252 | accuracy01: 0.5483870804309845 | accuracy01/std: 0.03252139905515861 | cumulative_runtime: nan | loss: 0.7452972531318665
* Epoch (10/101) 
train (11/101) _timer/_fps: 1161.2361666134009 | _timer/batch_time: 0.9610934257507324 | _timer/data_time: 0.0199434757232666 | _timer/model_time: 0.9411125183105469 | accuracy01: 0.8279569546381633 | accuracy01/std: 0.030495309199737242 | cumulative_runtime: 0.03687949975331624 | loss: 0.48599110543727875
valid (11/101) _timer/_fps: 1792.3467909718327 | _timer/batch_time: 0.06920313835144043 | _timer/data_time: 0.006446123123168945 | _timer/model_time: 0.06274533271789551 | accuracy01: 0.596774160861969 | accuracy01/std: 0.0813034826150912 | cumulative_runtime: nan | loss: 0.7020519375801086
* Epoch (11/101) 
train (12/101) _timer/_fps: 1162.2642061429842 | _timer/batch_time: 0.9602062702178955 | _timer/data_time: 0.01992940902709961 | _timer/model_time: 0.9402406215667725 | accuracy01: 0.8387096623579662 | accuracy01/std: 0.04940800873460087 | cumulative_runtime: 0.036687215169270836 | loss: 0.4690522700548172
valid (12/101) _timer/_fps: 1794.2524712249356 | _timer/batch_time: 0.06912493705749512 | _timer/data_time: 0.0062825679779052734 | _timer/model_time: 0.06283044815063477 | accuracy01: 0.4838709384202957 | accuracy01/std: 0.06504278308751188 | cumulative_runtime: nan | loss: 0.7814020812511444
* Epoch (12/101) 
train (13/101) _timer/_fps: 1160.6776596569964 | _timer/batch_time: 0.9615156650543213 | _timer/data_time: 0.019678354263305664 | _timer/model_time: 0.9417998790740967 | accuracy01: 0.8387096424897511 | accuracy01/std: 0.0528193761281284 | cumulative_runtime: 0.03690624237060547 | loss: 0.4667539497216543
valid (13/101) _timer/_fps: 1790.9621226968802 | _timer/batch_time: 0.06926703453063965 | _timer/data_time: 0.006595611572265625 | _timer/model_time: 0.06265997886657715 | accuracy01: 0.5 | accuracy01/std: 0.1138249117158605 | cumulative_runtime: nan | loss: 0.7746470868587494
* Epoch (13/101) 
train (14/101) _timer/_fps: 1164.6935857325789 | _timer/batch_time: 0.9582083225250244 | _timer/data_time: 0.019732952117919922 | _timer/model_time: 0.9384379386901855 | accuracy01: 0.8172042767206827 | accuracy01/std: 0.05170727094260707 | cumulative_runtime: 0.03668546676635742 | loss: 0.49862709641456604
valid (14/101) _timer/_fps: 1797.7927679626225 | _timer/batch_time: 0.06899428367614746 | _timer/data_time: 0.006421804428100586 | _timer/model_time: 0.06255960464477539 | accuracy01: 0.5322580486536026 | accuracy01/std: 0.04878209858273792 | cumulative_runtime: nan | loss: 0.7775653600692749
* Epoch (14/101) 
train (15/101) _timer/_fps: 1152.4763101146473 | _timer/batch_time: 0.9688372611999512 | _timer/data_time: 0.019677162170410156 | _timer/model_time: 0.9491221904754639 | accuracy01: 0.741935466726621 | accuracy01/std: 0.13204844032030968 | cumulative_runtime: 0.038111964861551925 | loss: 0.5519950638214748
valid (15/101) _timer/_fps: 1790.91703061512 | _timer/batch_time: 0.06925845146179199 | _timer/data_time: 0.006430149078369141 | _timer/model_time: 0.06281566619873047 | accuracy01: 0.5322580486536026 | accuracy01/std: 0.04878209858273792 | cumulative_runtime: nan | loss: 0.7782160937786102
* Epoch (15/101) 
train (16/101) _timer/_fps: 1163.1460935100317 | _timer/batch_time: 0.9594805240631104 | _timer/data_time: 0.0199129581451416 | _timer/model_time: 0.9395291805267334 | accuracy01: 0.6827956835428874 | accuracy01/std: 0.09414722800659184 | cumulative_runtime: 0.03655620416005452 | loss: 0.6114142040411631
valid (16/101) _timer/_fps: 1767.0277348315994 | _timer/batch_time: 0.07020258903503418 | _timer/data_time: 0.007430315017700195 | _timer/model_time: 0.0627598762512207 | accuracy01: 0.5806451439857483 | accuracy01/std: 0.03252142910076931 | cumulative_runtime: nan | loss: 0.7309517562389374
* Epoch (16/101) 
train (17/101) _timer/_fps: 1163.142066370518 | _timer/batch_time: 0.9595038890838623 | _timer/data_time: 0.020155906677246094 | _timer/model_time: 0.9393103122711182 | accuracy01: 0.7311827639738718 | accuracy01/std: 0.08692492378284496 | cumulative_runtime: 0.036766370137532554 | loss: 0.5735255976517994
valid (17/101) _timer/_fps: 1805.5803999427037 | _timer/batch_time: 0.06869339942932129 | _timer/data_time: 0.00635528564453125 | _timer/model_time: 0.06232714653015137 | accuracy01: 0.4838709533214569 | accuracy01/std: 0.0 | cumulative_runtime: nan | loss: 0.8215172588825226
* Epoch (17/101) 
train (18/101) _timer/_fps: 1154.3304380484549 | _timer/batch_time: 0.9669477939605713 | _timer/data_time: 0.019980192184448242 | _timer/model_time: 0.9469318389892578 | accuracy01: 0.7473118205865225 | accuracy01/std: 0.12018101883951875 | cumulative_runtime: 0.037968993186950684 | loss: 0.5628706167141597
valid (18/101) _timer/_fps: 1801.342972200342 | _timer/batch_time: 0.06885123252868652 | _timer/data_time: 0.0062868595123291016 | _timer/model_time: 0.06255292892456055 | accuracy01: 0.4999999701976776 | accuracy01/std: 0.048782083559932576 | cumulative_runtime: nan | loss: 0.8030506670475006
* Epoch (18/101) 
train (19/101) _timer/_fps: 1167.7341339860286 | _timer/batch_time: 0.9557497501373291 | _timer/data_time: 0.019692659378051758 | _timer/model_time: 0.9360215663909912 | accuracy01: 0.7903225620587667 | accuracy01/std: 0.06668121429086174 | cumulative_runtime: 0.03657225767771403 | loss: 0.5126035362482071
valid (19/101) _timer/_fps: 1801.0479691092985 | _timer/batch_time: 0.06886172294616699 | _timer/data_time: 0.00625157356262207 | _timer/model_time: 0.06259918212890625 | accuracy01: 0.467741921544075 | accuracy01/std: 0.11382489669305515 | cumulative_runtime: nan | loss: 0.8070948421955109
* Epoch (19/101) 
train (20/101) _timer/_fps: 1145.4861532223792 | _timer/batch_time: 0.9756088256835938 | _timer/data_time: 0.019755840301513672 | _timer/model_time: 0.9558186531066895 | accuracy01: 0.7580645084381104 | accuracy01/std: 0.05831102481600979 | cumulative_runtime: 0.03974811236063639 | loss: 0.5412087043126425
valid (20/101) _timer/_fps: 1805.4085665178475 | _timer/batch_time: 0.0686948299407959 | _timer/data_time: 0.006187915802001953 | _timer/model_time: 0.062496185302734375 | accuracy01: 0.5806451290845871 | accuracy01/std: 0.0975641821426705 | cumulative_runtime: nan | loss: 0.7367693781852722
* Epoch (20/101) 
train (21/101) _timer/_fps: 1167.2522894261242 | _timer/batch_time: 0.9561188220977783 | _timer/data_time: 0.019468069076538086 | _timer/model_time: 0.9366145133972168 | accuracy01: 0.7849462231000265 | accuracy01/std: 0.06903664575852145 | cumulative_runtime: 0.03708998362223308 | loss: 0.5221286515394846
valid (21/101) _timer/_fps: 1790.220483341378 | _timer/batch_time: 0.06929755210876465 | _timer/data_time: 0.006844043731689453 | _timer/model_time: 0.06244158744812012 | accuracy01: 0.5322580337524414 | accuracy01/std: 0.016260684504773963 | cumulative_runtime: nan | loss: 0.7458046078681946
* Epoch (21/101) 
train (22/101) _timer/_fps: 1163.8447408133097 | _timer/batch_time: 0.9588959217071533 | _timer/data_time: 0.019473791122436523 | _timer/model_time: 0.9393868446350098 | accuracy01: 0.7419354518254597 | accuracy01/std: 0.09703538671422997 | cumulative_runtime: 0.03771650791168213 | loss: 0.5526506851116816
valid (22/101) _timer/_fps: 1807.8913188757847 | _timer/batch_time: 0.06859946250915527 | _timer/data_time: 0.006190776824951172 | _timer/model_time: 0.06239748001098633 | accuracy01: 0.5645161122083664 | accuracy01/std: 0.08130349763789653 | cumulative_runtime: nan | loss: 0.7179968357086182
* Epoch (22/101) 
train (23/101) _timer/_fps: 1167.1101908451606 | _timer/batch_time: 0.9562389850616455 | _timer/data_time: 0.01934981346130371 | _timer/model_time: 0.9368512630462646 | accuracy01: 0.7419354617595673 | accuracy01/std: 0.05602342005924274 | cumulative_runtime: 0.03736182053883871 | loss: 0.5638495981693268
valid (23/101) _timer/_fps: 1805.3527245816322 | _timer/batch_time: 0.06869840621948242 | _timer/data_time: 0.006209850311279297 | _timer/model_time: 0.06247735023498535 | accuracy01: 0.5645160973072052 | accuracy01/std: 0.016260714550384654 | cumulative_runtime: nan | loss: 0.7411560714244843
* Epoch (23/101) 
train (24/101) _timer/_fps: 1162.7200904662247 | _timer/batch_time: 0.9598352909088135 | _timer/data_time: 0.019623994827270508 | _timer/model_time: 0.9401745796203613 | accuracy01: 0.7311827639738718 | accuracy01/std: 0.09643452811044255 | cumulative_runtime: 0.036838253339131675 | loss: 0.5712845027446747
valid (24/101) _timer/_fps: 1799.3566092841647 | _timer/batch_time: 0.06893110275268555 | _timer/data_time: 0.006339073181152344 | _timer/model_time: 0.06258058547973633 | accuracy01: 0.5806451439857483 | accuracy01/std: 0.13008559622063445 | cumulative_runtime: nan | loss: 0.7124866843223572
* Epoch (24/101) 
train (25/101) _timer/_fps: 1166.0415508112417 | _timer/batch_time: 0.9570989608764648 | _timer/data_time: 0.019675254821777344 | _timer/model_time: 0.9373860359191895 | accuracy01: 0.7365591029326121 | accuracy01/std: 0.05085721645483858 | cumulative_runtime: 0.03652854760487874 | loss: 0.5675887117783229
valid (25/101) _timer/_fps: 1801.3737872301156 | _timer/batch_time: 0.06885337829589844 | _timer/data_time: 0.00627899169921875 | _timer/model_time: 0.06256270408630371 | accuracy01: 0.5645160973072052 | accuracy01/std: 0.016260714550384654 | cumulative_runtime: nan | loss: 0.7390116155147552
* Epoch (25/101) 
train (26/101) _timer/_fps: 1167.11598616735 | _timer/batch_time: 0.9562194347381592 | _timer/data_time: 0.02074146270751953 | _timer/model_time: 0.9354422092437744 | accuracy01: 0.784946213165919 | accuracy01/std: 0.03049527046085201 | cumulative_runtime: 0.03643318017323812 | loss: 0.5197647660970688
valid (26/101) _timer/_fps: 1799.9145172645144 | _timer/batch_time: 0.06890606880187988 | _timer/data_time: 0.00646662712097168 | _timer/model_time: 0.06242847442626953 | accuracy01: 0.5161290168762207 | accuracy01/std: 0.06504279811031723 | cumulative_runtime: nan | loss: 0.7911441624164581
* Epoch (26/101) 
train (27/101) _timer/_fps: 1146.2539936557412 | _timer/batch_time: 0.9745965003967285 | _timer/data_time: 0.020119190216064453 | _timer/model_time: 0.954439640045166 | accuracy01: 0.7688171863555908 | accuracy01/std: 0.09598142299870549 | cumulative_runtime: 0.03922843933105469 | loss: 0.5332624316215515
valid (27/101) _timer/_fps: 1794.1945605242759 | _timer/batch_time: 0.06913208961486816 | _timer/data_time: 0.006375789642333984 | _timer/model_time: 0.06274294853210449 | accuracy01: 0.5645160973072052 | accuracy01/std: 0.016260714550384654 | cumulative_runtime: nan | loss: 0.7586986720561981
* Epoch (27/101) 
train (28/101) _timer/_fps: 1160.522743300567 | _timer/batch_time: 0.9616737365722656 | _timer/data_time: 0.019863605499267578 | _timer/model_time: 0.9417729377746582 | accuracy01: 0.7849462032318115 | accuracy01/std: 0.09274777407206858 | cumulative_runtime: 0.03707393010457357 | loss: 0.523617093761762
valid (28/101) _timer/_fps: 1798.5853460590145 | _timer/batch_time: 0.06896376609802246 | _timer/data_time: 0.006472349166870117 | _timer/model_time: 0.06247997283935547 | accuracy01: 0.5806451439857483 | accuracy01/std: 0.03252142910076931 | cumulative_runtime: nan | loss: 0.7312056124210358
* Epoch (28/101) 
train (29/101) _timer/_fps: 1166.5122205199004 | _timer/batch_time: 0.956716775894165 | _timer/data_time: 0.019657135009765625 | _timer/model_time: 0.9370231628417969 | accuracy01: 0.7903225521246592 | accuracy01/std: 0.06924678513432025 | cumulative_runtime: 0.03661076227823893 | loss: 0.512043168147405
valid (29/101) _timer/_fps: 1802.3894683230728 | _timer/batch_time: 0.06881117820739746 | _timer/data_time: 0.006285429000854492 | _timer/model_time: 0.0625143051147461 | accuracy01: 0.4838709533214569 | accuracy01/std: 0.0 | cumulative_runtime: nan | loss: 0.8100359439849854
* Epoch (29/101) 
train (30/101) _timer/_fps: 1163.276028849118 | _timer/batch_time: 0.9593918323516846 | _timer/data_time: 0.019881725311279297 | _timer/model_time: 0.9394721984863281 | accuracy01: 0.7903225719928741 | accuracy01/std: 0.07411201527555246 | cumulative_runtime: 0.0373232364654541 | loss: 0.526891161998113
valid (30/101) _timer/_fps: 1782.0983268597793 | _timer/batch_time: 0.06962227821350098 | _timer/data_time: 0.007082223892211914 | _timer/model_time: 0.06252932548522949 | accuracy01: 0.4838709533214569 | accuracy01/std: 0.09756419716547585 | cumulative_runtime: nan | loss: 0.8131447434425354
* Epoch (30/101) 
train (31/101) _timer/_fps: 1167.2448128223105 | _timer/batch_time: 0.956169843673706 | _timer/data_time: 0.01968693733215332 | _timer/model_time: 0.9364461898803711 | accuracy01: 0.7849462032318115 | accuracy01/std: 0.02410861420897463 | cumulative_runtime: 0.03677948315938313 | loss: 0.516252855459849
valid (31/101) _timer/_fps: 1803.746073906048 | _timer/batch_time: 0.06876039505004883 | _timer/data_time: 0.006318092346191406 | _timer/model_time: 0.062430381774902344 | accuracy01: 0.4999999701976776 | accuracy01/std: 0.048782083559932576 | cumulative_runtime: nan | loss: 0.8078411519527435
* Epoch (31/101) 
train (32/101) _timer/_fps: 1164.2025075107701 | _timer/batch_time: 0.9586265087127686 | _timer/data_time: 0.01976156234741211 | _timer/model_time: 0.9388270378112793 | accuracy01: 0.7741935153802236 | accuracy01/std: 0.08140012150000552 | cumulative_runtime: 0.036982615788777665 | loss: 0.5388593822717667
valid (32/101) _timer/_fps: 1801.386811048537 | _timer/batch_time: 0.06885147094726562 | _timer/data_time: 0.0064601898193359375 | _timer/model_time: 0.06237912178039551 | accuracy01: 0.4838709533214569 | accuracy01/std: 0.03252139905515861 | cumulative_runtime: nan | loss: 0.8224090933799744
* Epoch (32/101) 
train (33/101) _timer/_fps: 1160.512793311271 | _timer/batch_time: 0.9617149829864502 | _timer/data_time: 0.019717931747436523 | _timer/model_time: 0.9419596195220947 | accuracy01: 0.7258064349492391 | accuracy01/std: 0.0612283284521237 | cumulative_runtime: 0.03786846001942952 | loss: 0.5772914489110311
valid (33/101) _timer/_fps: 1791.4348629317947 | _timer/batch_time: 0.06924629211425781 | _timer/data_time: 0.006623744964599609 | _timer/model_time: 0.06261086463928223 | accuracy01: 0.4838709533214569 | accuracy01/std: 0.09756419716547585 | cumulative_runtime: nan | loss: 0.8042883276939392
* Epoch (33/101) 
train (34/101) _timer/_fps: 1165.4195043724278 | _timer/batch_time: 0.9576339721679688 | _timer/data_time: 0.01988697052001953 | _timer/model_time: 0.9377083778381348 | accuracy01: 0.7150537371635437 | accuracy01/std: 0.10299213576778826 | cumulative_runtime: 0.03669285774230957 | loss: 0.5907599677642187
valid (34/101) _timer/_fps: 1805.769805367076 | _timer/batch_time: 0.06868124008178711 | _timer/data_time: 0.0062274932861328125 | _timer/model_time: 0.06244182586669922 | accuracy01: 0.5322580337524414 | accuracy01/std: 0.016260684504773963 | cumulative_runtime: nan | loss: 0.7724451124668121
* Epoch (34/101) 
train (35/101) _timer/_fps: 1167.6252137139345 | _timer/batch_time: 0.9557890892028809 | _timer/data_time: 0.019664764404296875 | _timer/model_time: 0.9360861778259277 | accuracy01: 0.698924720287323 | accuracy01/std: 0.06646293058710404 | cumulative_runtime: 0.03673370679219563 | loss: 0.6026630302270254
valid (35/101) _timer/_fps: 1789.5651086179446 | _timer/batch_time: 0.0693197250366211 | _timer/data_time: 0.0065953731536865234 | _timer/model_time: 0.06271219253540039 | accuracy01: 0.4838709533214569 | accuracy01/std: 0.16260699527579306 | cumulative_runtime: nan | loss: 0.8191377818584442
* Epoch (35/101) 
train (36/101) _timer/_fps: 1167.6259749522424 | _timer/batch_time: 0.955803394317627 | _timer/data_time: 0.01968836784362793 | _timer/model_time: 0.9360771179199219 | accuracy01: 0.7204300860563914 | accuracy01/std: 0.04821727964652975 | cumulative_runtime: 0.036399682362874344 | loss: 0.5815771917502086
valid (36/101) _timer/_fps: 1794.1781162102425 | _timer/batch_time: 0.06914114952087402 | _timer/data_time: 0.006493568420410156 | _timer/model_time: 0.06263589859008789 | accuracy01: 0.4999999850988388 | accuracy01/std: 0.016260699527579307 | cumulative_runtime: nan | loss: 0.7935311794281006
* Epoch (36/101) 
train (37/101) _timer/_fps: 1163.7143284396943 | _timer/batch_time: 0.959012508392334 | _timer/data_time: 0.019716262817382812 | _timer/model_time: 0.9392592906951904 | accuracy01: 0.7849462231000265 | accuracy01/std: 0.04445412675472659 | cumulative_runtime: 0.03670720259348551 | loss: 0.5232081810633342
valid (37/101) _timer/_fps: 1807.7009995926433 | _timer/batch_time: 0.06861090660095215 | _timer/data_time: 0.006201267242431641 | _timer/model_time: 0.06239819526672363 | accuracy01: 0.5483870655298233 | accuracy01/std: 0.13008558119782912 | cumulative_runtime: nan | loss: 0.7564092576503754
* Epoch (37/101) 
train (38/101) _timer/_fps: 1165.2155125885322 | _timer/batch_time: 0.9577784538269043 | _timer/data_time: 0.019678115844726562 | _timer/model_time: 0.9380645751953125 | accuracy01: 0.8064515888690948 | accuracy01/std: 0.04175738328850625 | cumulative_runtime: 0.03671085834503174 | loss: 0.5097024142742157
valid (38/101) _timer/_fps: 1797.4143414622004 | _timer/batch_time: 0.06901216506958008 | _timer/data_time: 0.0064661502838134766 | _timer/model_time: 0.06253361701965332 | accuracy01: 0.5483870953321457 | accuracy01/std: 0.06504281313312257 | cumulative_runtime: nan | loss: 0.7645656764507294
* Epoch (38/101) 
train (39/101) _timer/_fps: 1161.130268442086 | _timer/batch_time: 0.9611389636993408 | _timer/data_time: 0.019549131393432617 | _timer/model_time: 0.9415535926818848 | accuracy01: 0.8225806156794231 | accuracy01/std: 0.07172065770105765 | cumulative_runtime: 0.03680980205535889 | loss: 0.5007438858350118
valid (39/101) _timer/_fps: 1802.9051368362316 | _timer/batch_time: 0.06879353523254395 | _timer/data_time: 0.0062105655670166016 | _timer/model_time: 0.06257104873657227 | accuracy01: 0.6129032075405121 | accuracy01/std: 0.09756419716547585 | cumulative_runtime: nan | loss: 0.7069606781005859
* Epoch (39/101) 
train (40/101) _timer/_fps: 1160.6084347138774 | _timer/batch_time: 0.9615814685821533 | _timer/data_time: 0.019623279571533203 | _timer/model_time: 0.9419207572937012 | accuracy01: 0.8010752499103546 | accuracy01/std: 0.06840228209368222 | cumulative_runtime: 0.03724396228790283 | loss: 0.5098524640003841
valid (40/101) _timer/_fps: 1801.5256227614577 | _timer/batch_time: 0.06884646415710449 | _timer/data_time: 0.006276369094848633 | _timer/model_time: 0.06255722045898438 | accuracy01: 0.6129032075405121 | accuracy01/std: 0.09756419716547585 | cumulative_runtime: nan | loss: 0.6977985203266144
* Epoch (40/101) 
train (41/101) _timer/_fps: 1166.5139901991436 | _timer/batch_time: 0.9566996097564697 | _timer/data_time: 0.01975870132446289 | _timer/model_time: 0.9369022846221924 | accuracy01: 0.8118279377619426 | accuracy01/std: 0.043462476717425605 | cumulative_runtime: 0.03655608495076497 | loss: 0.4927334388097127
valid (41/101) _timer/_fps: 1793.094025478022 | _timer/batch_time: 0.06917500495910645 | _timer/data_time: 0.006439208984375 | _timer/model_time: 0.06272363662719727 | accuracy01: 0.5967741906642914 | accuracy01/std: 0.016260714550384654 | cumulative_runtime: nan | loss: 0.7102622389793396
* Epoch (41/101) 
train (42/101) _timer/_fps: 1149.1328433552471 | _timer/batch_time: 0.9717111587524414 | _timer/data_time: 0.019713401794433594 | _timer/model_time: 0.9519608020782471 | accuracy01: 0.7903225620587667 | accuracy01/std: 0.040700064708075676 | cumulative_runtime: 0.0392922560373942 | loss: 0.5228514720996221
valid (42/101) _timer/_fps: 1799.967272430803 | _timer/batch_time: 0.0689089298248291 | _timer/data_time: 0.006342887878417969 | _timer/model_time: 0.06255459785461426 | accuracy01: 0.5483870655298233 | accuracy01/std: 0.13008558119782912 | cumulative_runtime: nan | loss: 0.7621651887893677
* Epoch (42/101) 
train (43/101) _timer/_fps: 1171.9066452562852 | _timer/batch_time: 0.952324390411377 | _timer/data_time: 0.019731998443603516 | _timer/model_time: 0.9325549602508545 | accuracy01: 0.7795698742071788 | accuracy01/std: 0.09036719116953562 | cumulative_runtime: 0.036125381787618004 | loss: 0.5287576814492543
valid (43/101) _timer/_fps: 1807.9695409502801 | _timer/batch_time: 0.06859588623046875 | _timer/data_time: 0.006195783615112305 | _timer/model_time: 0.06238746643066406 | accuracy01: 0.6451612710952759 | accuracy01/std: 0.09756422721108653 | cumulative_runtime: nan | loss: 0.6687218546867371
* Epoch (43/101) 
train (44/101) _timer/_fps: 1164.1078014161524 | _timer/batch_time: 0.9587209224700928 | _timer/data_time: 0.020572662353515625 | _timer/model_time: 0.9381082057952881 | accuracy01: 0.7795698742071787 | accuracy01/std: 0.03451829954474719 | cumulative_runtime: 0.036590496699015304 | loss: 0.525396540760994
valid (44/101) _timer/_fps: 1793.4364088553614 | _timer/batch_time: 0.06914591789245605 | _timer/data_time: 0.006688117980957031 | _timer/model_time: 0.062445878982543945 | accuracy01: 0.6612902879714966 | accuracy01/std: 0.016260684504773963 | cumulative_runtime: nan | loss: 0.645263284444809
* Epoch (44/101) 
train (45/101) _timer/_fps: 1166.2157059689926 | _timer/batch_time: 0.9570009708404541 | _timer/data_time: 0.0201570987701416 | _timer/model_time: 0.9368042945861816 | accuracy01: 0.7795698642730713 | accuracy01/std: 0.07566425383824052 | cumulative_runtime: 0.036403656005859375 | loss: 0.5255685547987621
valid (45/101) _timer/_fps: 1795.882401529297 | _timer/batch_time: 0.06906533241271973 | _timer/data_time: 0.006595611572265625 | _timer/model_time: 0.062456369400024414 | accuracy01: 0.6451612710952759 | accuracy01/std: 0.06504279811031723 | cumulative_runtime: nan | loss: 0.6748743951320648
* Epoch (45/101) 
train (46/101) _timer/_fps: 1163.3882295607114 | _timer/batch_time: 0.9592761993408203 | _timer/data_time: 0.019747495651245117 | _timer/model_time: 0.9394891262054443 | accuracy01: 0.8172042767206829 | accuracy01/std: 0.0549761614204513 | cumulative_runtime: 0.037018616994222 | loss: 0.49798178176085156
valid (46/101) _timer/_fps: 1796.5768989593062 | _timer/batch_time: 0.06904053688049316 | _timer/data_time: 0.006482362747192383 | _timer/model_time: 0.0625462532043457 | accuracy01: 0.5645160973072052 | accuracy01/std: 0.016260714550384654 | cumulative_runtime: nan | loss: 0.7511747777462006
* Epoch (46/101) 
train (47/101) _timer/_fps: 1161.4548007404435 | _timer/batch_time: 0.9609127044677734 | _timer/data_time: 0.01967763900756836 | _timer/model_time: 0.9411971569061279 | accuracy01: 0.7634408275286356 | accuracy01/std: 0.0444541122594554 | cumulative_runtime: 0.03753062089284261 | loss: 0.5430686672528585
valid (47/101) _timer/_fps: 1808.0789606620951 | _timer/batch_time: 0.06859254837036133 | _timer/data_time: 0.006264209747314453 | _timer/model_time: 0.062315940856933594 | accuracy01: 0.5806451439857483 | accuracy01/std: 0.0 | cumulative_runtime: nan | loss: 0.7268457114696503
* Epoch (47/101) 
train (48/101) _timer/_fps: 1159.8154274680303 | _timer/batch_time: 0.9623491764068604 | _timer/data_time: 0.019681930541992188 | _timer/model_time: 0.9426302909851074 | accuracy01: 0.7580645084381104 | accuracy01/std: 0.058311024816009784 | cumulative_runtime: 0.03779137134552002 | loss: 0.5560217499732971
valid (48/101) _timer/_fps: 1798.8733370656341 | _timer/batch_time: 0.0689549446105957 | _timer/data_time: 0.006456136703491211 | _timer/model_time: 0.06248617172241211 | accuracy01: 0.6129032224416733 | accuracy01/std: 0.1300856112434398 | cumulative_runtime: nan | loss: 0.6841061115264893
* Epoch (48/101) 
train (49/101) _timer/_fps: 1165.9292946478993 | _timer/batch_time: 0.9571895599365234 | _timer/data_time: 0.019630908966064453 | _timer/model_time: 0.9375193119049072 | accuracy01: 0.763440837462743 | accuracy01/std: 0.07151776885730439 | cumulative_runtime: 0.03646294275919596 | loss: 0.5532240370909374
valid (49/101) _timer/_fps: 1803.947234823129 | _timer/batch_time: 0.06875491142272949 | _timer/data_time: 0.006209135055541992 | _timer/model_time: 0.06253337860107422 | accuracy01: 0.5967741906642914 | accuracy01/std: 0.016260714550384654 | cumulative_runtime: nan | loss: 0.7165825366973877
* Epoch (49/101) 
train (50/101) _timer/_fps: 1157.3798219898476 | _timer/batch_time: 0.9643189907073975 | _timer/data_time: 0.01962113380432129 | _timer/model_time: 0.944659948348999 | accuracy01: 0.7526881496111553 | accuracy01/std: 0.06378545152983743 | cumulative_runtime: 0.03799255688985188 | loss: 0.5574942231178284
valid (50/101) _timer/_fps: 1794.4456826988044 | _timer/batch_time: 0.06912708282470703 | _timer/data_time: 0.006462574005126953 | _timer/model_time: 0.062652587890625 | accuracy01: 0.5967741906642914 | accuracy01/std: 0.016260714550384654 | cumulative_runtime: nan | loss: 0.7145973443984985
* Epoch (50/101) 
train (51/101) _timer/_fps: 1154.6102707091798 | _timer/batch_time: 0.9666521549224854 | _timer/data_time: 0.0195772647857666 | _timer/model_time: 0.9470372200012207 | accuracy01: 0.7634408275286357 | accuracy01/std: 0.06903663642471682 | cumulative_runtime: 0.03790632883707682 | loss: 0.5429522097110748
valid (51/101) _timer/_fps: 1806.0593712578586 | _timer/batch_time: 0.06867218017578125 | _timer/data_time: 0.006218433380126953 | _timer/model_time: 0.06244158744812012 | accuracy01: 0.5806451439857483 | accuracy01/std: 0.03252142910076931 | cumulative_runtime: nan | loss: 0.7317982017993927
* Epoch (51/101) 
train (52/101) _timer/_fps: 1159.5107812967303 | _timer/batch_time: 0.9624927043914795 | _timer/data_time: 0.019957304000854492 | _timer/model_time: 0.942497730255127 | accuracy01: 0.7956989208857219 | accuracy01/std: 0.054976141885476656 | cumulative_runtime: 0.03686094284057617 | loss: 0.5180077105760574
valid (52/101) _timer/_fps: 1794.5288399793958 | _timer/batch_time: 0.0691220760345459 | _timer/data_time: 0.006516695022583008 | _timer/model_time: 0.0625920295715332 | accuracy01: 0.5645160973072052 | accuracy01/std: 0.016260714550384654 | cumulative_runtime: nan | loss: 0.7384580075740814
* Epoch (52/101) 
train (53/101) _timer/_fps: 1156.3109714343836 | _timer/batch_time: 0.9652054309844971 | _timer/data_time: 0.01959395408630371 | _timer/model_time: 0.9455728530883789 | accuracy01: 0.8118279278278351 | accuracy01/std: 0.05085723123681672 | cumulative_runtime: 0.03804794947306315 | loss: 0.4985768347978592
valid (53/101) _timer/_fps: 1791.7611459654418 | _timer/batch_time: 0.06924271583557129 | _timer/data_time: 0.0067217350006103516 | _timer/model_time: 0.06250834465026855 | accuracy01: 0.5161290168762207 | accuracy01/std: 0.06504279811031723 | cumulative_runtime: nan | loss: 0.775694340467453
* Epoch (53/101) 
train (54/101) _timer/_fps: 1164.9698624325363 | _timer/batch_time: 0.9579994678497314 | _timer/data_time: 0.01959681510925293 | _timer/model_time: 0.9383640289306641 | accuracy01: 0.8064515988032024 | accuracy01/std: 0.07922905605912905 | cumulative_runtime: 0.03702314694722494 | loss: 0.5069950471321742
valid (54/101) _timer/_fps: 1796.9478173167006 | _timer/batch_time: 0.06902694702148438 | _timer/data_time: 0.006464958190917969 | _timer/model_time: 0.06254863739013672 | accuracy01: 0.5645160973072052 | accuracy01/std: 0.1138248816702498 | cumulative_runtime: nan | loss: 0.7464875280857086
* Epoch (54/101) 
train (55/101) _timer/_fps: 1160.7659820406834 | _timer/batch_time: 0.9614665508270264 | _timer/data_time: 0.019593238830566406 | _timer/model_time: 0.9418354034423828 | accuracy01: 0.8225806256135305 | accuracy01/std: 0.04070007658227838 | cumulative_runtime: 0.037474751472473145 | loss: 0.48952146371205646
valid (55/101) _timer/_fps: 1795.708729751031 | _timer/batch_time: 0.0690767765045166 | _timer/data_time: 0.006493568420410156 | _timer/model_time: 0.06257033348083496 | accuracy01: 0.5161290317773819 | accuracy01/std: 0.0975642121882812 | cumulative_runtime: nan | loss: 0.793095588684082
* Epoch (55/101) 
train (56/101) _timer/_fps: 1167.1817887429704 | _timer/batch_time: 0.9561634063720703 | _timer/data_time: 0.019652605056762695 | _timer/model_time: 0.9364733695983887 | accuracy01: 0.7956988910833994 | accuracy01/std: 0.02410863202761412 | cumulative_runtime: 0.03651074568430583 | loss: 0.5142577836910884
valid (56/101) _timer/_fps: 1788.182571329367 | _timer/batch_time: 0.06939363479614258 | _timer/data_time: 0.006959676742553711 | _timer/model_time: 0.062422752380371094 | accuracy01: 0.5483870804309845 | accuracy01/std: 0.03252139905515861 | cumulative_runtime: nan | loss: 0.7701868414878845
* Epoch (56/101) 
train (57/101) _timer/_fps: 1162.5175596894235 | _timer/batch_time: 0.9600257873535156 | _timer/data_time: 0.019662857055664062 | _timer/model_time: 0.9403171539306641 | accuracy01: 0.8010752499103546 | accuracy01/std: 0.10299212481884384 | cumulative_runtime: 0.03747816880544027 | loss: 0.5099266121784846
valid (57/101) _timer/_fps: 1805.827885741785 | _timer/batch_time: 0.06867766380310059 | _timer/data_time: 0.006140708923339844 | _timer/model_time: 0.06252336502075195 | accuracy01: 0.5322580337524414 | accuracy01/std: 0.14634628072540842 | cumulative_runtime: nan | loss: 0.7761976420879364
* Epoch (57/101) 
train (58/101) _timer/_fps: 1165.1123127038927 | _timer/batch_time: 0.9578654766082764 | _timer/data_time: 0.019558429718017578 | _timer/model_time: 0.9382691383361816 | accuracy01: 0.8064515888690948 | accuracy01/std: 0.07469788238968507 | cumulative_runtime: 0.036533474922180176 | loss: 0.5060278028249741
valid (58/101) _timer/_fps: 1792.340708456639 | _timer/batch_time: 0.0692141056060791 | _timer/data_time: 0.00665593147277832 | _timer/model_time: 0.0625452995300293 | accuracy01: 0.5483870506286621 | accuracy01/std: 0.0 | cumulative_runtime: nan | loss: 0.762699693441391
* Epoch (58/101) 
train (59/101) _timer/_fps: 1164.6715259838509 | _timer/batch_time: 0.9582257270812988 | _timer/data_time: 0.019524335861206055 | _timer/model_time: 0.9386634826660156 | accuracy01: 0.7634408473968506 | accuracy01/std: 0.05806128712309445 | cumulative_runtime: 0.03639566898345947 | loss: 0.5336893647909164
valid (59/101) _timer/_fps: 1802.8591847522384 | _timer/batch_time: 0.06880426406860352 | _timer/data_time: 0.006439208984375 | _timer/model_time: 0.062354087829589844 | accuracy01: 0.5322580486536026 | accuracy01/std: 0.04878209858273792 | cumulative_runtime: nan | loss: 0.7790111005306244
* Epoch (59/101) 
train (60/101) _timer/_fps: 1162.4750129798447 | _timer/batch_time: 0.9600801467895508 | _timer/data_time: 0.019635438919067383 | _timer/model_time: 0.9404072761535645 | accuracy01: 0.7849462131659191 | accuracy01/std: 0.04821726628255293 | cumulative_runtime: 0.03740779558817545 | loss: 0.5279308507839838
valid (60/101) _timer/_fps: 1810.694237657488 | _timer/batch_time: 0.06849241256713867 | _timer/data_time: 0.006186246871948242 | _timer/model_time: 0.06229424476623535 | accuracy01: 0.5806451439857483 | accuracy01/std: 0.0 | cumulative_runtime: nan | loss: 0.7345923781394958
* Epoch (60/101) 
train (61/101) _timer/_fps: 1104.4373015949354 | _timer/batch_time: 1.028271198272705 | _timer/data_time: 0.0198061466217041 | _timer/model_time: 1.008427381515503 | accuracy01: 0.7795698742071787 | accuracy01/std: 0.0922765717615622 | cumulative_runtime: 0.03696946303049724 | loss: 0.5232278654972712
valid (61/101) _timer/_fps: 1809.8202297818798 | _timer/batch_time: 0.06853008270263672 | _timer/data_time: 0.0062160491943359375 | _timer/model_time: 0.0623018741607666 | accuracy01: 0.5161290168762207 | accuracy01/std: 0.06504279811031723 | cumulative_runtime: nan | loss: 0.8014980256557465
* Epoch (61/101) 
train (62/101) _timer/_fps: 1164.8094112052477 | _timer/batch_time: 0.9581129550933838 | _timer/data_time: 0.01953864097595215 | _timer/model_time: 0.9385368824005127 | accuracy01: 0.7903225620587667 | accuracy01/std: 0.07642854461253186 | cumulative_runtime: 0.03652032216389974 | loss: 0.5120202749967575
valid (62/101) _timer/_fps: 1802.3363537185585 | _timer/batch_time: 0.0688178539276123 | _timer/data_time: 0.0063021183013916016 | _timer/model_time: 0.06250309944152832 | accuracy01: 0.5645160973072052 | accuracy01/std: 0.016260714550384654 | cumulative_runtime: nan | loss: 0.7474084794521332
* Epoch (62/101) 
train (63/101) _timer/_fps: 1165.194508329073 | _timer/batch_time: 0.9577898979187012 | _timer/data_time: 0.019670486450195312 | _timer/model_time: 0.9380803108215332 | accuracy01: 0.795698901017507 | accuracy01/std: 0.05170725848063441 | cumulative_runtime: 0.03654968738555908 | loss: 0.5202688425779343
valid (63/101) _timer/_fps: 1805.1226118735442 | _timer/batch_time: 0.0687108039855957 | _timer/data_time: 0.006203413009643555 | _timer/model_time: 0.06249547004699707 | accuracy01: 0.5806451439857483 | accuracy01/std: 0.06504279811031723 | cumulative_runtime: nan | loss: 0.7285777628421783
* Epoch (63/101) 
train (64/101) _timer/_fps: 1162.8120025691062 | _timer/batch_time: 0.9598259925842285 | _timer/data_time: 0.019873380661010742 | _timer/model_time: 0.9399142265319824 | accuracy01: 0.8064515888690948 | accuracy01/std: 0.05602342005924272 | cumulative_runtime: 0.03739623228708903 | loss: 0.4990977595249812
valid (64/101) _timer/_fps: 1808.0356911217325 | _timer/batch_time: 0.06859922409057617 | _timer/data_time: 0.006336688995361328 | _timer/model_time: 0.06224966049194336 | accuracy01: 0.5806451439857483 | accuracy01/std: 0.03252142910076931 | cumulative_runtime: nan | loss: 0.7084920108318329
* Epoch (64/101) 
train (65/101) _timer/_fps: 1167.9781663348754 | _timer/batch_time: 0.9555113315582275 | _timer/data_time: 0.01971721649169922 | _timer/model_time: 0.9357559680938721 | accuracy01: 0.8225806256135305 | accuracy01/std: 0.03616296140539355 | cumulative_runtime: 0.037202040354410805 | loss: 0.489933580160141
valid (65/101) _timer/_fps: 1818.4070210335096 | _timer/batch_time: 0.06820058822631836 | _timer/data_time: 0.006190776824951172 | _timer/model_time: 0.06199812889099121 | accuracy01: 0.5483870506286621 | accuracy01/std: 0.0 | cumulative_runtime: nan | loss: 0.7547114193439484
* Epoch (65/101) 
train (66/101) _timer/_fps: 1163.080881944235 | _timer/batch_time: 0.9595310688018799 | _timer/data_time: 0.019545316696166992 | _timer/model_time: 0.9399478435516357 | accuracy01: 0.8279569745063782 | accuracy01/std: 0.05497615751345404 | cumulative_runtime: 0.037885030110677086 | loss: 0.4866127322117488
valid (66/101) _timer/_fps: 1815.914004176344 | _timer/batch_time: 0.0682978630065918 | _timer/data_time: 0.006150484085083008 | _timer/model_time: 0.06213641166687012 | accuracy01: 0.5967741906642914 | accuracy01/std: 0.016260714550384654 | cumulative_runtime: nan | loss: 0.7262044548988342
* Epoch (66/101) 
train (67/101) _timer/_fps: 1162.9285673365255 | _timer/batch_time: 0.9596633911132812 | _timer/data_time: 0.019526243209838867 | _timer/model_time: 0.940101146697998 | accuracy01: 0.8118279278278351 | accuracy01/std: 0.06027159165114031 | cumulative_runtime: 0.03773876031239827 | loss: 0.4900943736235301
valid (67/101) _timer/_fps: 1818.349333125596 | _timer/batch_time: 0.06820297241210938 | _timer/data_time: 0.006172895431518555 | _timer/model_time: 0.062018632888793945 | accuracy01: 0.5483870506286621 | accuracy01/std: 0.0 | cumulative_runtime: nan | loss: 0.7565874755382538
* Epoch (67/101) 
train (68/101) _timer/_fps: 1167.901239631033 | _timer/batch_time: 0.9555668830871582 | _timer/data_time: 0.01952362060546875 | _timer/model_time: 0.9360058307647705 | accuracy01: 0.8279569546381632 | accuracy01/std: 0.0762382053823757 | cumulative_runtime: 0.037067015965779625 | loss: 0.48303540547688806
valid (68/101) _timer/_fps: 1811.0840761198972 | _timer/batch_time: 0.0684814453125 | _timer/data_time: 0.006182670593261719 | _timer/model_time: 0.0622861385345459 | accuracy01: 0.5645161271095276 | accuracy01/std: 0.04878211360554326 | cumulative_runtime: nan | loss: 0.738581120967865
* Epoch (68/101) 
train (69/101) _timer/_fps: 1161.4866775722212 | _timer/batch_time: 0.9608542919158936 | _timer/data_time: 0.020848989486694336 | _timer/model_time: 0.9399635791778564 | accuracy01: 0.8548386891682942 | accuracy01/std: 0.030968117281730472 | cumulative_runtime: 0.03737227121988932 | loss: 0.4533556898434957
valid (69/101) _timer/_fps: 1791.6324821238381 | _timer/batch_time: 0.06923770904541016 | _timer/data_time: 0.006869316101074219 | _timer/model_time: 0.06235551834106445 | accuracy01: 0.4999999850988388 | accuracy01/std: 0.08130349763789653 | cumulative_runtime: nan | loss: 0.8148108124732971
* Epoch (69/101) 
train (70/101) _timer/_fps: 1155.5515035355554 | _timer/batch_time: 0.9658186435699463 | _timer/data_time: 0.019524574279785156 | _timer/model_time: 0.9462578296661377 | accuracy01: 0.8387096424897512 | accuracy01/std: 0.052819376128128384 | cumulative_runtime: 0.03816541035970052 | loss: 0.47190124293168384
valid (70/101) _timer/_fps: 1805.063126702813 | _timer/batch_time: 0.06871461868286133 | _timer/data_time: 0.006447792053222656 | _timer/model_time: 0.062253713607788086 | accuracy01: 0.5645161122083664 | accuracy01/std: 0.14634629574821376 | cumulative_runtime: nan | loss: 0.723196804523468
* Epoch (70/101) 
train (71/101) _timer/_fps: 1164.0247595186156 | _timer/batch_time: 0.9587562084197998 | _timer/data_time: 0.019774436950683594 | _timer/model_time: 0.9389431476593018 | accuracy01: 0.8494623303413391 | accuracy01/std: 0.054976145792471405 | cumulative_runtime: 0.03726092974344889 | loss: 0.45885725816090905
valid (71/101) _timer/_fps: 1806.2357227941093 | _timer/batch_time: 0.06867027282714844 | _timer/data_time: 0.0064275264739990234 | _timer/model_time: 0.06223011016845703 | accuracy01: 0.5806451439857483 | accuracy01/std: 0.0 | cumulative_runtime: nan | loss: 0.7383936941623688
* Epoch (71/101) 
train (72/101) _timer/_fps: 1165.2322340946755 | _timer/batch_time: 0.9578139781951904 | _timer/data_time: 0.019835472106933594 | _timer/model_time: 0.9379401206970215 | accuracy01: 0.8387096325556437 | accuracy01/std: 0.08759102613882172 | cumulative_runtime: 0.037687063217163086 | loss: 0.46788159012794495
valid (72/101) _timer/_fps: 1812.8832953846895 | _timer/batch_time: 0.06841111183166504 | _timer/data_time: 0.006131887435913086 | _timer/model_time: 0.062267303466796875 | accuracy01: 0.6129031777381897 | accuracy01/std: 0.06504279811031723 | cumulative_runtime: nan | loss: 0.7057621777057648
* Epoch (72/101) 
train (73/101) _timer/_fps: 1159.012982711225 | _timer/batch_time: 0.9628968238830566 | _timer/data_time: 0.019663333892822266 | _timer/model_time: 0.943195104598999 | accuracy01: 0.8225806057453156 | accuracy01/std: 0.01617257994713602 | cumulative_runtime: 0.037738124529520675 | loss: 0.4891307602326075
valid (73/101) _timer/_fps: 1801.1366024902195 | _timer/batch_time: 0.0688784122467041 | _timer/data_time: 0.006692409515380859 | _timer/model_time: 0.06217312812805176 | accuracy01: 0.5967741906642914 | accuracy01/std: 0.016260714550384654 | cumulative_runtime: nan | loss: 0.716911256313324
* Epoch (73/101) 
train (74/101) _timer/_fps: 1165.2402368777057 | _timer/batch_time: 0.9577701091766357 | _timer/data_time: 0.019635915756225586 | _timer/model_time: 0.9380955696105957 | accuracy01: 0.8279569645722706 | accuracy01/std: 0.0609905673345785 | cumulative_runtime: 0.03702052434285482 | loss: 0.48491808275381726
valid (74/101) _timer/_fps: 1802.946626328399 | _timer/batch_time: 0.06880640983581543 | _timer/data_time: 0.006548404693603516 | _timer/model_time: 0.06224489212036133 | accuracy01: 0.5322580337524414 | accuracy01/std: 0.016260684504773963 | cumulative_runtime: nan | loss: 0.7754805684089661
* Epoch (74/101) 
train (75/101) _timer/_fps: 1167.50112944395 | _timer/batch_time: 0.9559483528137207 | _timer/data_time: 0.01959991455078125 | _timer/model_time: 0.936309814453125 | accuracy01: 0.8118279278278351 | accuracy01/std: 0.034518324434898995 | cumulative_runtime: 0.03683030605316162 | loss: 0.4984748562177022
valid (75/101) _timer/_fps: 1810.5400258411785 | _timer/batch_time: 0.06850624084472656 | _timer/data_time: 0.006407260894775391 | _timer/model_time: 0.0620875358581543 | accuracy01: 0.5322580635547638 | accuracy01/std: 0.08130351266070188 | cumulative_runtime: nan | loss: 0.7809320688247681
* Epoch (75/101) 
train (76/101) _timer/_fps: 1160.4782651645842 | _timer/batch_time: 0.9617962837219238 | _timer/data_time: 0.019449710845947266 | _timer/model_time: 0.9423072338104248 | accuracy01: 0.8172042767206829 | accuracy01/std: 0.04034148085092336 | cumulative_runtime: 0.03769063949584961 | loss: 0.493892252445221
valid (76/101) _timer/_fps: 1811.9589906108577 | _timer/batch_time: 0.06844782829284668 | _timer/data_time: 0.006196498870849609 | _timer/model_time: 0.062232017517089844 | accuracy01: 0.5161290168762207 | accuracy01/std: 0.13008559622063445 | cumulative_runtime: nan | loss: 0.7919748723506927
* Epoch (76/101) 
train (77/101) _timer/_fps: 1161.3209679953816 | _timer/batch_time: 0.9612832069396973 | _timer/data_time: 0.019471406936645508 | _timer/model_time: 0.9417729377746582 | accuracy01: 0.8064515789349873 | accuracy01/std: 0.07922905605912905 | cumulative_runtime: 0.03785320123036703 | loss: 0.5009086529413859
valid (77/101) _timer/_fps: 1803.1629844302483 | _timer/batch_time: 0.0687856674194336 | _timer/data_time: 0.006359577178955078 | _timer/model_time: 0.062413930892944336 | accuracy01: 0.5967741906642914 | accuracy01/std: 0.016260714550384654 | cumulative_runtime: nan | loss: 0.7207429111003876
* Epoch (77/101) 
train (78/101) _timer/_fps: 1167.2314274964474 | _timer/batch_time: 0.9561359882354736 | _timer/data_time: 0.019629240036010742 | _timer/model_time: 0.9364690780639648 | accuracy01: 0.8494623303413391 | accuracy01/std: 0.05497615751345404 | cumulative_runtime: 0.036893328030904136 | loss: 0.4615408629179001
valid (78/101) _timer/_fps: 1808.8760935045448 | _timer/batch_time: 0.06856608390808105 | _timer/data_time: 0.006182432174682617 | _timer/model_time: 0.062371015548706055 | accuracy01: 0.5322580486536026 | accuracy01/std: 0.11382489669305515 | cumulative_runtime: nan | loss: 0.7789946496486664
* Epoch (78/101) 
train (79/101) _timer/_fps: 1168.8102987684442 | _timer/batch_time: 0.9548251628875732 | _timer/data_time: 0.019590139389038086 | _timer/model_time: 0.9351961612701416 | accuracy01: 0.7903225521246592 | accuracy01/std: 0.030968091272125846 | cumulative_runtime: 0.036273161570231124 | loss: 0.517642100652059
valid (79/101) _timer/_fps: 1813.8320312207056 | _timer/batch_time: 0.06837844848632812 | _timer/data_time: 0.006185054779052734 | _timer/model_time: 0.06218147277832031 | accuracy01: 0.5483870655298233 | accuracy01/std: 0.13008558119782912 | cumulative_runtime: nan | loss: 0.7668347060680389
* Epoch (79/101) 
train (80/101) _timer/_fps: 1168.0442553830633 | _timer/batch_time: 0.9554493427276611 | _timer/data_time: 0.019618749618530273 | _timer/model_time: 0.9357919692993164 | accuracy01: 0.8333333134651184 | accuracy01/std: 0.06027158363275373 | cumulative_runtime: 0.03692591190338135 | loss: 0.4752106467882792
valid (80/101) _timer/_fps: 1813.5665207899347 | _timer/batch_time: 0.06838679313659668 | _timer/data_time: 0.006211519241333008 | _timer/model_time: 0.0621638298034668 | accuracy01: 0.5161290168762207 | accuracy01/std: 0.06504279811031723 | cumulative_runtime: nan | loss: 0.7890348434448242
* Epoch (80/101) 
train (81/101) _timer/_fps: 1167.8597901750081 | _timer/batch_time: 0.9556210041046143 | _timer/data_time: 0.019606351852416992 | _timer/model_time: 0.9359772205352783 | accuracy01: 0.8010752399762472 | accuracy01/std: 0.050857230180961416 | cumulative_runtime: 0.037074049313863114 | loss: 0.5082140117883682
valid (81/101) _timer/_fps: 1810.670383225987 | _timer/batch_time: 0.06849360466003418 | _timer/data_time: 0.006154537200927734 | _timer/model_time: 0.06232619285583496 | accuracy01: 0.5322580486536026 | accuracy01/std: 0.04878209858273792 | cumulative_runtime: nan | loss: 0.7830267548561096
* Epoch (81/101) 
train (82/101) _timer/_fps: 1167.778758831506 | _timer/batch_time: 0.9556825160980225 | _timer/data_time: 0.020713329315185547 | _timer/model_time: 0.9349319934844971 | accuracy01: 0.8172042667865753 | accuracy01/std: 0.08068291910715417 | cumulative_runtime: 0.036537766456604004 | loss: 0.4959254115819931
valid (82/101) _timer/_fps: 1794.929219455547 | _timer/batch_time: 0.06909298896789551 | _timer/data_time: 0.006829023361206055 | _timer/model_time: 0.06225109100341797 | accuracy01: 0.4999999850988388 | accuracy01/std: 0.016260699527579307 | cumulative_runtime: nan | loss: 0.8137717247009277
* Epoch (82/101) 
train (83/101) _timer/_fps: 1164.7649049847546 | _timer/batch_time: 0.9581606388092041 | _timer/data_time: 0.019944190979003906 | _timer/model_time: 0.938178300857544 | accuracy01: 0.8118279377619426 | accuracy01/std: 0.03924600791760078 | cumulative_runtime: 0.03717354933420817 | loss: 0.5023571302493414
valid (83/101) _timer/_fps: 1807.9329876559855 | _timer/batch_time: 0.0686037540435791 | _timer/data_time: 0.0064160823822021484 | _timer/model_time: 0.06217551231384277 | accuracy01: 0.4999999850988388 | accuracy01/std: 0.016260699527579307 | cumulative_runtime: nan | loss: 0.8124443590641022
* Epoch (83/101) 
train (84/101) _timer/_fps: 1165.323569169662 | _timer/batch_time: 0.9577145576477051 | _timer/data_time: 0.019918441772460938 | _timer/model_time: 0.9377548694610596 | accuracy01: 0.8118279278278351 | accuracy01/std: 0.06309832516683048 | cumulative_runtime: 0.03746235370635986 | loss: 0.5017369290192922
valid (84/101) _timer/_fps: 1812.1952875030356 | _timer/batch_time: 0.06843924522399902 | _timer/data_time: 0.006172657012939453 | _timer/model_time: 0.06225395202636719 | accuracy01: 0.467741921544075 | accuracy01/std: 0.17886769480337236 | cumulative_runtime: nan | loss: 0.8456740379333496
* Epoch (84/101) 
train (85/101) _timer/_fps: 1167.6083823327804 | _timer/batch_time: 0.9558501243591309 | _timer/data_time: 0.019608259201049805 | _timer/model_time: 0.9362039566040039 | accuracy01: 0.8225806256135304 | accuracy01/std: 0.06401286020927503 | cumulative_runtime: 0.037140170733133956 | loss: 0.48676332831382746
valid (85/101) _timer/_fps: 1814.1138590206292 | _timer/batch_time: 0.0683596134185791 | _timer/data_time: 0.006214141845703125 | _timer/model_time: 0.0621337890625 | accuracy01: 0.4999999701976776 | accuracy01/std: 0.048782083559932576 | cumulative_runtime: nan | loss: 0.8162656724452972
* Epoch (85/101) 
train (86/101) _timer/_fps: 1167.5740571647063 | _timer/batch_time: 0.9558436870574951 | _timer/data_time: 0.0195767879486084 | _timer/model_time: 0.9362270832061768 | accuracy01: 0.8064516087373097 | accuracy01/std: 0.07699681032970865 | cumulative_runtime: 0.03699052333831787 | loss: 0.5059152195851009
valid (86/101) _timer/_fps: 1808.5505769571014 | _timer/batch_time: 0.06858611106872559 | _timer/data_time: 0.006390571594238281 | _timer/model_time: 0.06218385696411133 | accuracy01: 0.4838709533214569 | accuracy01/std: 0.0 | cumulative_runtime: nan | loss: 0.8296244740486145
* Epoch (86/101) 
train (87/101) _timer/_fps: 1167.7832103036612 | _timer/batch_time: 0.9556705951690674 | _timer/data_time: 0.019606590270996094 | _timer/model_time: 0.9360263347625732 | accuracy01: 0.7795698841412863 | accuracy01/std: 0.0709056418627151 | cumulative_runtime: 0.03737870852152506 | loss: 0.5342186093330383
valid (87/101) _timer/_fps: 1812.5175822439264 | _timer/batch_time: 0.06843400001525879 | _timer/data_time: 0.006375312805175781 | _timer/model_time: 0.06204795837402344 | accuracy01: 0.4838709533214569 | accuracy01/std: 0.09756419716547585 | cumulative_runtime: nan | loss: 0.8328987956047058
* Epoch (87/101) 
train (88/101) _timer/_fps: 1170.8820592934153 | _timer/batch_time: 0.9531495571136475 | _timer/data_time: 0.019779205322265625 | _timer/model_time: 0.9333324432373047 | accuracy01: 0.7795698642730713 | accuracy01/std: 0.07793468909986771 | cumulative_runtime: 0.03656216462453206 | loss: 0.5367547472318014
valid (88/101) _timer/_fps: 1805.0316630874981 | _timer/batch_time: 0.06871318817138672 | _timer/data_time: 0.006288766860961914 | _timer/model_time: 0.06241106986999512 | accuracy01: 0.4516128748655319 | accuracy01/std: 0.0975641821426705 | cumulative_runtime: nan | loss: 0.8641965091228485
* Epoch (88/101) 
train (89/101) _timer/_fps: 1171.0321760683598 | _timer/batch_time: 0.9530272483825684 | _timer/data_time: 0.019564390182495117 | _timer/model_time: 0.9334263801574707 | accuracy01: 0.7688171863555908 | accuracy01/std: 0.022227044050336455 | cumulative_runtime: 0.0362634261449178 | loss: 0.5443198879559834
valid (89/101) _timer/_fps: 1814.0690052501636 | _timer/batch_time: 0.06836676597595215 | _timer/data_time: 0.006189823150634766 | _timer/model_time: 0.06216573715209961 | accuracy01: 0.4354838579893112 | accuracy01/std: 0.08130349763789653 | cumulative_runtime: nan | loss: 0.8720969259738922
* Epoch (89/101) 
train (90/101) _timer/_fps: 1170.3991005261353 | _timer/batch_time: 0.9535360336303711 | _timer/data_time: 0.019568920135498047 | _timer/model_time: 0.9339289665222168 | accuracy01: 0.7473118106524149 | accuracy01/std: 0.10467146109553371 | cumulative_runtime: 0.03635267416636149 | loss: 0.564810593922933
valid (90/101) _timer/_fps: 1815.8387001449073 | _timer/batch_time: 0.06830239295959473 | _timer/data_time: 0.0061876773834228516 | _timer/model_time: 0.062104225158691406 | accuracy01: 0.467741921544075 | accuracy01/std: 0.04878209858273792 | cumulative_runtime: nan | loss: 0.8392896354198456
* Epoch (90/101) 
train (91/101) _timer/_fps: 1171.6419635185666 | _timer/batch_time: 0.9525141716003418 | _timer/data_time: 0.019552946090698242 | _timer/model_time: 0.9329242706298828 | accuracy01: 0.7526881396770477 | accuracy01/std: 0.08068291910715418 | cumulative_runtime: 0.03646417458852132 | loss: 0.5536703715721767
valid (91/101) _timer/_fps: 1812.6432703364565 | _timer/batch_time: 0.0684211254119873 | _timer/data_time: 0.0062427520751953125 | _timer/model_time: 0.062166690826416016 | accuracy01: 0.4193548262119293 | accuracy01/std: 0.03252139905515861 | cumulative_runtime: nan | loss: 0.8842833340167999
* Epoch (91/101) 
train (92/101) _timer/_fps: 1170.0532055528251 | _timer/batch_time: 0.9538276195526123 | _timer/data_time: 0.019701004028320312 | _timer/model_time: 0.9340877532958984 | accuracy01: 0.758064478635788 | accuracy01/std: 0.06122835213139643 | cumulative_runtime: 0.03692305088043213 | loss: 0.5490225702524185
valid (92/101) _timer/_fps: 1807.946733231594 | _timer/batch_time: 0.06860017776489258 | _timer/data_time: 0.006306171417236328 | _timer/model_time: 0.06228017807006836 | accuracy01: 0.4516128897666931 | accuracy01/std: 0.06504279811031723 | cumulative_runtime: nan | loss: 0.8667948246002197
* Epoch (92/101) 
train (93/101) _timer/_fps: 1169.2898364012283 | _timer/batch_time: 0.9544458389282227 | _timer/data_time: 0.019519567489624023 | _timer/model_time: 0.9348881244659424 | accuracy01: 0.7473118305206299 | accuracy01/std: 0.06580377914956431 | cumulative_runtime: 0.036605636278788246 | loss: 0.5665433903535207
valid (93/101) _timer/_fps: 1805.8735979994642 | _timer/batch_time: 0.06868171691894531 | _timer/data_time: 0.0063478946685791016 | _timer/model_time: 0.062322139739990234 | accuracy01: 0.4999999850988388 | accuracy01/std: 0.016260699527579307 | cumulative_runtime: nan | loss: 0.8125828206539154
* Epoch (93/101) 
train (94/101) _timer/_fps: 1170.763618537073 | _timer/batch_time: 0.9532392024993896 | _timer/data_time: 0.019553184509277344 | _timer/model_time: 0.9336490631103516 | accuracy01: 0.7795698642730713 | accuracy01/std: 0.06580376935720017 | cumulative_runtime: 0.03651817639668783 | loss: 0.5353625367085139
valid (94/101) _timer/_fps: 1814.424381275241 | _timer/batch_time: 0.06835508346557617 | _timer/data_time: 0.006173133850097656 | _timer/model_time: 0.06217002868652344 | accuracy01: 0.596774160861969 | accuracy01/std: 0.0813034826150912 | cumulative_runtime: nan | loss: 0.7224573791027069
* Epoch (94/101) 
train (95/101) _timer/_fps: 1165.5467050666161 | _timer/batch_time: 0.9575159549713135 | _timer/data_time: 0.019578218460083008 | _timer/model_time: 0.937899112701416 | accuracy01: 0.6774193445841471 | accuracy01/std: 0.0494079956926979 | cumulative_runtime: 0.03727304935455322 | loss: 0.6345507601896921
valid (95/101) _timer/_fps: 1810.3578610926709 | _timer/batch_time: 0.06850934028625488 | _timer/data_time: 0.006200313568115234 | _timer/model_time: 0.062296152114868164 | accuracy01: 0.4999999850988388 | accuracy01/std: 0.016260699527579307 | cumulative_runtime: nan | loss: 0.8132603764533997
* Epoch (95/101) 
train (96/101) _timer/_fps: 1169.7796300601347 | _timer/batch_time: 0.9540495872497559 | _timer/data_time: 0.01953268051147461 | _timer/model_time: 0.9344794750213623 | accuracy01: 0.7204300860563914 | accuracy01/std: 0.051707264711624 | cumulative_runtime: 0.03659224510192871 | loss: 0.5904954572518666
valid (96/101) _timer/_fps: 1805.1593983884331 | _timer/batch_time: 0.06870555877685547 | _timer/data_time: 0.006288290023803711 | _timer/model_time: 0.062404632568359375 | accuracy01: 0.5322580337524414 | accuracy01/std: 0.016260684504773963 | cumulative_runtime: nan | loss: 0.7842062711715698
* Epoch (96/101) 
train (97/101) _timer/_fps: 1161.8293919612352 | _timer/batch_time: 0.9605722427368164 | _timer/data_time: 0.019570112228393555 | _timer/model_time: 0.9409642219543457 | accuracy01: 0.7634408473968506 | accuracy01/std: 0.058061287123094454 | cumulative_runtime: 0.03812205791473389 | loss: 0.5489131510257721
valid (97/101) _timer/_fps: 1812.012002305787 | _timer/batch_time: 0.06844592094421387 | _timer/data_time: 0.0062105655670166016 | _timer/model_time: 0.062223196029663086 | accuracy01: 0.4838709533214569 | accuracy01/std: 0.03252139905515861 | cumulative_runtime: nan | loss: 0.8337444067001343
* Epoch (97/101) 
train (98/101) _timer/_fps: 1172.056431280268 | _timer/batch_time: 0.9521932601928711 | _timer/data_time: 0.019596099853515625 | _timer/model_time: 0.9325566291809082 | accuracy01: 0.7096773783365886 | accuracy01/std: 0.06987345759827915 | cumulative_runtime: 0.036747535069783524 | loss: 0.598109245300293
valid (98/101) _timer/_fps: 1817.8544572881442 | _timer/batch_time: 0.06822395324707031 | _timer/data_time: 0.0061798095703125 | _timer/model_time: 0.06203174591064453 | accuracy01: 0.5483870804309845 | accuracy01/std: 0.03252139905515861 | cumulative_runtime: nan | loss: 0.7544962465763092
* Epoch (98/101) 
train (99/101) _timer/_fps: 1165.781096295756 | _timer/batch_time: 0.9573354721069336 | _timer/data_time: 0.019779682159423828 | _timer/model_time: 0.9375176429748535 | accuracy01: 0.7043010393778483 | accuracy01/std: 0.08438023627907335 | cumulative_runtime: 0.03740231196085612 | loss: 0.6074312527974447
valid (99/101) _timer/_fps: 1817.4237147430513 | _timer/batch_time: 0.06823921203613281 | _timer/data_time: 0.006113290786743164 | _timer/model_time: 0.06211400032043457 | accuracy01: 0.5161290317773819 | accuracy01/std: 0.0975642121882812 | cumulative_runtime: nan | loss: 0.7948279678821564
* Epoch (99/101) 
train (100/101) _timer/_fps: 1165.7564860974442 | _timer/batch_time: 0.9573273658752441 | _timer/data_time: 0.01957392692565918 | _timer/model_time: 0.9377169609069824 | accuracy01: 0.7580644985040029 | accuracy01/std: 0.0519875213923126 | cumulative_runtime: 0.03714179992675781 | loss: 0.5495575418074926
valid (100/101) _timer/_fps: 1779.9178323181898 | _timer/batch_time: 0.06973505020141602 | _timer/data_time: 0.007689476013183594 | _timer/model_time: 0.062032222747802734 | accuracy01: 0.4999999850988388 | accuracy01/std: 0.016260699527579307 | cumulative_runtime: nan | loss: 0.8085408210754395
* Epoch (100/101) 
train (101/101) _timer/_fps: 1165.8514741653703 | _timer/batch_time: 0.9572553634643555 | _timer/data_time: 0.01975727081298828 | _timer/model_time: 0.9374585151672363 | accuracy01: 0.6935483515262604 | accuracy01/std: 0.06668119737971724 | cumulative_runtime: 0.03712260723114014 | loss: 0.6211039125919342
valid (101/101) _timer/_fps: 1802.8460512369033 | _timer/batch_time: 0.06879925727844238 | _timer/data_time: 0.006490230560302734 | _timer/model_time: 0.06229686737060547 | accuracy01: 0.5322580337524414 | accuracy01/std: 0.016260684504773963 | cumulative_runtime: nan | loss: 0.7868927717208862
* Epoch (101/101) 
Top models:
logs/nn=4-be=gloo-lr=0.001-bs=31-ep=101-dm=rankdad-nf=10-mo=icalstm-ma=[]-mk={}-da=hcp_gender-cr=CrossEntropyLoss-optimizer=Adam-sc=None-k=0-N=-1-pini=1-pief=3-pius=1-pito=0.001/site_2/checkpoints/model.0044.pth	0.6453
