additional_args --lr 0.001 --batch-size 31 --epochs 101 --distributed-mode rankdad --dataset hcp_gender --model icalstm --backend gloo --N -1 --k 0
ARGS  {'rank': 3, 'num_nodes': 4, 'backend': 'gloo', 'dist_url': 'tcp://10.245.10.112:8998', 'master_port': '8998', 'master_addr': '10.245.10.112', 'lr': 0.001, 'batch_size': 31, 'epochs': 101, 'name': 'NONE', 'log_dir': 'logs', 'distributed_mode': 'rankdad', 'num_folds': 10, 'model': 'icalstm', 'model_args': '[]', 'model_kwargs': '{}', 'dataset': 'hcp_gender', 'criterion': 'CrossEntropyLoss', 'optimizer': 'Adam', 'scheduler': 'None', 'k': 0, 'N': -1, 'pi_numiterations': 1, 'pi_effective_rank': 3, 'pi_use_sigma': 1, 'pi_tolerance': 0.001}
ARGS
{'rank': 3, 'num_nodes': 4, 'backend': 'gloo', 'dist_url': 'tcp://10.245.10.112:8998', 'master_port': '8998', 'master_addr': '10.245.10.112', 'lr': 0.001, 'batch_size': 31, 'epochs': 101, 'name': 'nn=4-be=gloo-lr=0.001-bs=31-ep=101-dm=rankdad-nf=10-mo=icalstm-ma=[]-mk={}-da=hcp_gender-cr=CrossEntropyLoss-optimizer=Adam-sc=None-k=0-N=-1-pini=1-pief=3-pius=1-pito=0.001', 'log_dir': 'logs', 'distributed_mode': 'rankdad', 'num_folds': 10, 'model': 'icalstm', 'model_args': '[]', 'model_kwargs': '{}', 'dataset': 'hcp_gender', 'criterion': 'CrossEntropyLoss', 'optimizer': 'Adam', 'scheduler': 'None', 'k': 0, 'N': -1, 'pi_numiterations': 1, 'pi_effective_rank': 3, 'pi_use_sigma': 1, 'pi_tolerance': 0.001}
Model kwargs {}
Len train full 749
Len Valid  84
Len Train  187
train (1/101) _timer/_fps: 972.2288936879172 | _timer/batch_time: 1.330000638961792 | _timer/data_time: 0.0266416072845459 | _timer/model_time: 1.3033182621002197 | accuracy01: 0.49462363620599115 | accuracy01/std: 0.08068292642811425 | cumulative_runtime: 0.0838010311126709 | loss: 0.6950109203656514
valid (1/101) _timer/_fps: 1795.4925823681674 | _timer/batch_time: 0.06906723976135254 | _timer/data_time: 0.006531238555908203 | _timer/model_time: 0.06252312660217285 | accuracy01: 0.4516128748655319 | accuracy01/std: 0.0975641821426705 | cumulative_runtime: nan | loss: 0.6930723488330841
* Epoch (1/101) 
train (2/101) _timer/_fps: 1131.9334385052541 | _timer/batch_time: 0.9893486499786377 | _timer/data_time: 0.020777225494384766 | _timer/model_time: 0.9685325622558594 | accuracy01: 0.6075268586476643 | accuracy01/std: 0.07793467807568713 | cumulative_runtime: 0.04160936673482259 | loss: 0.6691482961177826
valid (2/101) _timer/_fps: 1803.3581367862835 | _timer/batch_time: 0.06877017021179199 | _timer/data_time: 0.006217002868652344 | _timer/model_time: 0.06254148483276367 | accuracy01: 0.5322580337524414 | accuracy01/std: 0.016260684504773963 | cumulative_runtime: nan | loss: 0.6981689929962158
* Epoch (2/101) 
train (3/101) _timer/_fps: 1157.8247090995903 | _timer/batch_time: 0.9638843536376953 | _timer/data_time: 0.019652128219604492 | _timer/model_time: 0.9441940784454346 | accuracy01: 0.6236559003591537 | accuracy01/std: 0.08068293308353587 | cumulative_runtime: 0.03712085882822672 | loss: 0.6468950410683949
valid (3/101) _timer/_fps: 1799.5689758257681 | _timer/batch_time: 0.06891989707946777 | _timer/data_time: 0.0061740875244140625 | _timer/model_time: 0.06273436546325684 | accuracy01: 0.5645160973072052 | accuracy01/std: 0.016260714550384654 | cumulative_runtime: nan | loss: 0.684249073266983
* Epoch (3/101) 
train (4/101) _timer/_fps: 1151.1909711366961 | _timer/batch_time: 0.969473123550415 | _timer/data_time: 0.02050018310546875 | _timer/model_time: 0.94893479347229 | accuracy01: 0.6827956835428874 | accuracy01/std: 0.04346246189142677 | cumulative_runtime: 0.038041790326436356 | loss: 0.6137716472148895
valid (4/101) _timer/_fps: 1789.7106802480134 | _timer/batch_time: 0.06930160522460938 | _timer/data_time: 0.0066070556640625 | _timer/model_time: 0.06268191337585449 | accuracy01: 0.5161290168762207 | accuracy01/std: 0.13008559622063445 | cumulative_runtime: nan | loss: 0.6915567219257355
* Epoch (4/101) 
train (5/101) _timer/_fps: 1158.1737712472031 | _timer/batch_time: 0.9637451171875 | _timer/data_time: 0.020236730575561523 | _timer/model_time: 0.9434680938720703 | accuracy01: 0.6881720125675201 | accuracy01/std: 0.08890824143005331 | cumulative_runtime: 0.0372780958811442 | loss: 0.5989957352479298
valid (5/101) _timer/_fps: 1807.4169837921563 | _timer/batch_time: 0.06861758232116699 | _timer/data_time: 0.006385326385498047 | _timer/model_time: 0.06221938133239746 | accuracy01: 0.4354838579893112 | accuracy01/std: 0.08130349763789653 | cumulative_runtime: nan | loss: 0.7446180582046509
* Epoch (5/101) 
train (6/101) _timer/_fps: 1159.828554253401 | _timer/batch_time: 0.9622683525085449 | _timer/data_time: 0.019832849502563477 | _timer/model_time: 0.9423959255218506 | accuracy01: 0.7258064250151317 | accuracy01/std: 0.06668120221147432 | cumulative_runtime: 0.0377961794535319 | loss: 0.569942037264506
valid (6/101) _timer/_fps: 1781.5416563347771 | _timer/batch_time: 0.06963801383972168 | _timer/data_time: 0.006691694259643555 | _timer/model_time: 0.06293439865112305 | accuracy01: 0.4516128897666931 | accuracy01/std: 0.06504279811031723 | cumulative_runtime: nan | loss: 0.7502566576004028
* Epoch (6/101) 
train (7/101) _timer/_fps: 1160.5114896835642 | _timer/batch_time: 0.9616925716400146 | _timer/data_time: 0.01986527442932129 | _timer/model_time: 0.9417874813079834 | accuracy01: 0.7849462231000265 | accuracy01/std: 0.06903664575852145 | cumulative_runtime: 0.036980946858723954 | loss: 0.5391743133465449
valid (7/101) _timer/_fps: 1798.5372793855738 | _timer/batch_time: 0.06896042823791504 | _timer/data_time: 0.006273508071899414 | _timer/model_time: 0.06267452239990234 | accuracy01: 0.4999999850988388 | accuracy01/std: 0.016260699527579307 | cumulative_runtime: nan | loss: 0.7413763105869293
* Epoch (7/101) 
train (8/101) _timer/_fps: 1156.5996707310294 | _timer/batch_time: 0.9649062156677246 | _timer/data_time: 0.019606828689575195 | _timer/model_time: 0.9452590942382812 | accuracy01: 0.736559122800827 | accuracy01/std: 0.08014082140037003 | cumulative_runtime: 0.03758577505747477 | loss: 0.5468697001536688
valid (8/101) _timer/_fps: 1817.6237603641182 | _timer/batch_time: 0.06824064254760742 | _timer/data_time: 0.006196022033691406 | _timer/model_time: 0.06203198432922363 | accuracy01: 0.4999999701976776 | accuracy01/std: 0.048782083559932576 | cumulative_runtime: nan | loss: 0.7731689214706421
* Epoch (8/101) 
train (9/101) _timer/_fps: 1152.3118053551943 | _timer/batch_time: 0.9685442447662354 | _timer/data_time: 0.019655704498291016 | _timer/model_time: 0.9488489627838135 | accuracy01: 0.7204301158587137 | accuracy01/std: 0.0889082583411982 | cumulative_runtime: 0.03835173447926839 | loss: 0.5819096863269806
valid (9/101) _timer/_fps: 1813.3060751775656 | _timer/batch_time: 0.06839323043823242 | _timer/data_time: 0.00615382194519043 | _timer/model_time: 0.06222701072692871 | accuracy01: 0.4838709384202957 | accuracy01/std: 0.06504278308751188 | cumulative_runtime: nan | loss: 0.7765462100505829
* Epoch (9/101) 
train (10/101) _timer/_fps: 1160.0828103139838 | _timer/batch_time: 0.9620676040649414 | _timer/data_time: 0.02066206932067871 | _timer/model_time: 0.9413652420043945 | accuracy01: 0.6881720125675201 | accuracy01/std: 0.11461113914391895 | cumulative_runtime: 0.036960760752360024 | loss: 0.6022903273502985
valid (10/101) _timer/_fps: 1793.570960866185 | _timer/batch_time: 0.06915760040283203 | _timer/data_time: 0.006579160690307617 | _timer/model_time: 0.06256580352783203 | accuracy01: 0.5806451439857483 | accuracy01/std: 0.03252142910076931 | cumulative_runtime: nan | loss: 0.7096895277500153
* Epoch (10/101) 
train (11/101) _timer/_fps: 1161.8794937456876 | _timer/batch_time: 0.9605615139007568 | _timer/data_time: 0.020051002502441406 | _timer/model_time: 0.9404714107513428 | accuracy01: 0.7043010592460632 | accuracy01/std: 0.07332355349461364 | cumulative_runtime: 0.037041942278544106 | loss: 0.5989777445793152
valid (11/101) _timer/_fps: 1795.7508836955535 | _timer/batch_time: 0.06907439231872559 | _timer/data_time: 0.006520271301269531 | _timer/model_time: 0.06254172325134277 | accuracy01: 0.6451612710952759 | accuracy01/std: 0.06504279811031723 | cumulative_runtime: nan | loss: 0.6622205972671509
* Epoch (11/101) 
train (12/101) _timer/_fps: 1162.8270833963402 | _timer/batch_time: 0.9597475528717041 | _timer/data_time: 0.01962137222290039 | _timer/model_time: 0.9400849342346191 | accuracy01: 0.8064515789349874 | accuracy01/std: 0.0494079956926979 | cumulative_runtime: 0.03687906265258789 | loss: 0.5152387917041779
valid (12/101) _timer/_fps: 1801.6895450564907 | _timer/batch_time: 0.06883955001831055 | _timer/data_time: 0.0062253475189208984 | _timer/model_time: 0.06260037422180176 | accuracy01: 0.6290322542190552 | accuracy01/std: 0.016260684504773963 | cumulative_runtime: nan | loss: 0.6691642999649048
* Epoch (12/101) 
train (13/101) _timer/_fps: 1158.6418852190084 | _timer/batch_time: 0.9632043838500977 | _timer/data_time: 0.019660234451293945 | _timer/model_time: 0.943505048751831 | accuracy01: 0.7849462032318115 | accuracy01/std: 0.06646292089185649 | cumulative_runtime: 0.03727595011393229 | loss: 0.513265440861384
valid (13/101) _timer/_fps: 1820.22780497269 | _timer/batch_time: 0.06814193725585938 | _timer/data_time: 0.006199836730957031 | _timer/model_time: 0.06192922592163086 | accuracy01: 0.5483870804309845 | accuracy01/std: 0.09756419716547585 | cumulative_runtime: nan | loss: 0.7749774158000946
* Epoch (13/101) 
train (14/101) _timer/_fps: 1162.3445290178647 | _timer/batch_time: 0.9601583480834961 | _timer/data_time: 0.019441843032836914 | _timer/model_time: 0.9406776428222656 | accuracy01: 0.7795698841412863 | accuracy01/std: 0.08841659326749554 | cumulative_runtime: 0.037605245908101395 | loss: 0.5198927919069926
valid (14/101) _timer/_fps: 1805.8510517963823 | _timer/batch_time: 0.06868243217468262 | _timer/data_time: 0.006215333938598633 | _timer/model_time: 0.0624547004699707 | accuracy01: 0.5161290168762207 | accuracy01/std: 0.0 | cumulative_runtime: nan | loss: 0.8064985871315002
* Epoch (14/101) 
train (15/101) _timer/_fps: 1153.8281989732136 | _timer/batch_time: 0.9677295684814453 | _timer/data_time: 0.020002126693725586 | _timer/model_time: 0.947688102722168 | accuracy01: 0.7258064250151317 | accuracy01/std: 0.11165708426748282 | cumulative_runtime: 0.038553714752197266 | loss: 0.562957227230072
valid (15/101) _timer/_fps: 1781.9317908212458 | _timer/batch_time: 0.069610595703125 | _timer/data_time: 0.006929636001586914 | _timer/model_time: 0.0626685619354248 | accuracy01: 0.467741921544075 | accuracy01/std: 0.04878209858273792 | cumulative_runtime: nan | loss: 0.8331049382686615
* Epoch (15/101) 
train (16/101) _timer/_fps: 1163.7754580730764 | _timer/batch_time: 0.9589712619781494 | _timer/data_time: 0.020146846771240234 | _timer/model_time: 0.9387850761413574 | accuracy01: 0.758064478635788 | accuracy01/std: 0.07172065994718216 | cumulative_runtime: 0.03708545366923014 | loss: 0.5439312309026718
valid (16/101) _timer/_fps: 1801.286575324777 | _timer/batch_time: 0.06885552406311035 | _timer/data_time: 0.006372690200805664 | _timer/model_time: 0.0624699592590332 | accuracy01: 0.5322580337524414 | accuracy01/std: 0.016260684504773963 | cumulative_runtime: nan | loss: 0.7867363095283508
* Epoch (16/101) 
train (17/101) _timer/_fps: 1161.1462769471286 | _timer/batch_time: 0.9611437320709229 | _timer/data_time: 0.019800662994384766 | _timer/model_time: 0.9413049221038818 | accuracy01: 0.7419354716936747 | accuracy01/std: 0.10888993342774186 | cumulative_runtime: 0.03705012798309326 | loss: 0.5543698171774547
valid (17/101) _timer/_fps: 1804.613036016091 | _timer/batch_time: 0.06872701644897461 | _timer/data_time: 0.006170511245727539 | _timer/model_time: 0.06254339218139648 | accuracy01: 0.4516128897666931 | accuracy01/std: 0.03252139905515861 | cumulative_runtime: nan | loss: 0.8130307197570801
* Epoch (17/101) 
train (18/101) _timer/_fps: 1152.5292012260124 | _timer/batch_time: 0.9684391021728516 | _timer/data_time: 0.01957869529724121 | _timer/model_time: 0.9488217830657959 | accuracy01: 0.7526881396770477 | accuracy01/std: 0.04821726850988469 | cumulative_runtime: 0.03820761044820149 | loss: 0.539515937368075
valid (18/101) _timer/_fps: 1802.0753794174293 | _timer/batch_time: 0.06882667541503906 | _timer/data_time: 0.006212711334228516 | _timer/model_time: 0.06260132789611816 | accuracy01: 0.4999999701976776 | accuracy01/std: 0.048782083559932576 | cumulative_runtime: nan | loss: 0.7857590317726135
* Epoch (18/101) 
train (19/101) _timer/_fps: 1164.9107540497807 | _timer/batch_time: 0.9580264091491699 | _timer/data_time: 0.019661426544189453 | _timer/model_time: 0.9383249282836914 | accuracy01: 0.7634408374627432 | accuracy01/std: 0.051707264711623985 | cumulative_runtime: 0.036430557568868 | loss: 0.5237280577421188
valid (19/101) _timer/_fps: 1803.0706862107872 | _timer/batch_time: 0.06878829002380371 | _timer/data_time: 0.006188392639160156 | _timer/model_time: 0.06258726119995117 | accuracy01: 0.4838709384202957 | accuracy01/std: 0.06504278308751188 | cumulative_runtime: nan | loss: 0.8129465878009796
* Epoch (19/101) 
train (20/101) _timer/_fps: 1146.4985536683275 | _timer/batch_time: 0.9747350215911865 | _timer/data_time: 0.019989728927612305 | _timer/model_time: 0.9547052383422852 | accuracy01: 0.7849462231000264 | accuracy01/std: 0.05497615360646012 | cumulative_runtime: 0.03932138284047444 | loss: 0.518336147069931
valid (20/101) _timer/_fps: 1789.4611693000684 | _timer/batch_time: 0.06932234764099121 | _timer/data_time: 0.006634712219238281 | _timer/model_time: 0.06267523765563965 | accuracy01: 0.5161290168762207 | accuracy01/std: 0.13008559622063445 | cumulative_runtime: nan | loss: 0.8061179518699646
* Epoch (20/101) 
train (21/101) _timer/_fps: 1160.040098120751 | _timer/batch_time: 0.9622321128845215 | _timer/data_time: 0.019902467727661133 | _timer/model_time: 0.942291259765625 | accuracy01: 0.795698901017507 | accuracy01/std: 0.06646294351410158 | cumulative_runtime: 0.036975860595703125 | loss: 0.5180240670839946
valid (21/101) _timer/_fps: 1811.6631184112077 | _timer/batch_time: 0.0684671401977539 | _timer/data_time: 0.006326198577880859 | _timer/model_time: 0.06212806701660156 | accuracy01: 0.4516128897666931 | accuracy01/std: 0.0 | cumulative_runtime: nan | loss: 0.8405849933624268
* Epoch (21/101) 
train (22/101) _timer/_fps: 1163.3582401964004 | _timer/batch_time: 0.9593021869659424 | _timer/data_time: 0.019632816314697266 | _timer/model_time: 0.939629077911377 | accuracy01: 0.8010752399762472 | accuracy01/std: 0.07332355935334493 | cumulative_runtime: 0.036603689193725586 | loss: 0.5066946893930435
valid (22/101) _timer/_fps: 1797.6608608181386 | _timer/batch_time: 0.06899833679199219 | _timer/data_time: 0.006405830383300781 | _timer/model_time: 0.06257867813110352 | accuracy01: 0.467741921544075 | accuracy01/std: 0.11382489669305515 | cumulative_runtime: nan | loss: 0.8357674777507782
* Epoch (22/101) 
train (23/101) _timer/_fps: 1163.524756484407 | _timer/batch_time: 0.9592750072479248 | _timer/data_time: 0.019616365432739258 | _timer/model_time: 0.9396188259124756 | accuracy01: 0.7580644985040029 | accuracy01/std: 0.06924679443979882 | cumulative_runtime: 0.03694025675455729 | loss: 0.545991246898969
valid (23/101) _timer/_fps: 1801.838289520376 | _timer/batch_time: 0.06883502006530762 | _timer/data_time: 0.006220102310180664 | _timer/model_time: 0.06260251998901367 | accuracy01: 0.5322580486536026 | accuracy01/std: 0.04878209858273792 | cumulative_runtime: nan | loss: 0.7632254362106323
* Epoch (23/101) 
train (24/101) _timer/_fps: 1162.7368832766385 | _timer/batch_time: 0.9598228931427002 | _timer/data_time: 0.0196225643157959 | _timer/model_time: 0.9401612281799316 | accuracy01: 0.7849462032318115 | accuracy01/std: 0.06903663020217972 | cumulative_runtime: 0.036851604779561356 | loss: 0.532480388879776
valid (24/101) _timer/_fps: 1804.1761436546335 | _timer/batch_time: 0.0687410831451416 | _timer/data_time: 0.006207704544067383 | _timer/model_time: 0.06252074241638184 | accuracy01: 0.4354838579893112 | accuracy01/std: 0.016260699527579307 | cumulative_runtime: nan | loss: 0.8643797338008881
* Epoch (24/101) 
train (25/101) _timer/_fps: 1166.4360273254927 | _timer/batch_time: 0.9567766189575195 | _timer/data_time: 0.019680500030517578 | _timer/model_time: 0.9370570182800293 | accuracy01: 0.7526881396770477 | accuracy01/std: 0.06903662086837087 | cumulative_runtime: 0.03649413585662842 | loss: 0.5463864952325821
valid (25/101) _timer/_fps: 1801.6191410371803 | _timer/batch_time: 0.06884932518005371 | _timer/data_time: 0.006480216979980469 | _timer/model_time: 0.062347412109375 | accuracy01: 0.37096773087978363 | accuracy01/std: 0.04878209858273792 | cumulative_runtime: nan | loss: 0.8766534626483917
* Epoch (25/101) 
train (26/101) _timer/_fps: 1162.03534068095 | _timer/batch_time: 0.9604535102844238 | _timer/data_time: 0.019560813903808594 | _timer/model_time: 0.9408543109893799 | accuracy01: 0.7741935153802236 | accuracy01/std: 0.05281937612812837 | cumulative_runtime: 0.03709856669108073 | loss: 0.5300000806649526
valid (26/101) _timer/_fps: 1786.173479529008 | _timer/batch_time: 0.06945276260375977 | _timer/data_time: 0.006587505340576172 | _timer/model_time: 0.06285285949707031 | accuracy01: 0.4516128748655319 | accuracy01/std: 0.0975641821426705 | cumulative_runtime: nan | loss: 0.8362908661365509
* Epoch (26/101) 
train (27/101) _timer/_fps: 1146.190379105968 | _timer/batch_time: 0.9746556282043457 | _timer/data_time: 0.019554615020751953 | _timer/model_time: 0.9550602436065674 | accuracy01: 0.7634408374627432 | accuracy01/std: 0.09643454258808468 | cumulative_runtime: 0.0400700569152832 | loss: 0.5413859089215597
valid (27/101) _timer/_fps: 1793.6112152517394 | _timer/batch_time: 0.06915140151977539 | _timer/data_time: 0.006511211395263672 | _timer/model_time: 0.06262731552124023 | accuracy01: 0.4838709533214569 | accuracy01/std: 0.03252139905515861 | cumulative_runtime: nan | loss: 0.8083324134349823
* Epoch (27/101) 
train (28/101) _timer/_fps: 1158.7125590821743 | _timer/batch_time: 0.9632234573364258 | _timer/data_time: 0.020230531692504883 | _timer/model_time: 0.9429552555084229 | accuracy01: 0.7580644885698954 | accuracy01/std: 0.0850662580367207 | cumulative_runtime: 0.03822028636932373 | loss: 0.5528374314308167
valid (28/101) _timer/_fps: 1788.5726601526842 | _timer/batch_time: 0.06933760643005371 | _timer/data_time: 0.006621837615966797 | _timer/model_time: 0.06270337104797363 | accuracy01: 0.4999999701976776 | accuracy01/std: 0.048782083559932576 | cumulative_runtime: nan | loss: 0.8004772663116455
* Epoch (28/101) 
train (29/101) _timer/_fps: 1167.1283625608082 | _timer/batch_time: 0.9562180042266846 | _timer/data_time: 0.019677400588989258 | _timer/model_time: 0.936500072479248 | accuracy01: 0.6935483614603679 | accuracy01/std: 0.09658511154245059 | cumulative_runtime: 0.03710726896921794 | loss: 0.6053425073623657
valid (29/101) _timer/_fps: 1799.6426097190267 | _timer/batch_time: 0.0689239501953125 | _timer/data_time: 0.0066869258880615234 | _timer/model_time: 0.0622248649597168 | accuracy01: 0.4193548262119293 | accuracy01/std: 0.0 | cumulative_runtime: nan | loss: 0.8693998157978058
* Epoch (29/101) 
train (30/101) _timer/_fps: 1161.8154580150926 | _timer/batch_time: 0.9606101512908936 | _timer/data_time: 0.019748687744140625 | _timer/model_time: 0.9408204555511475 | accuracy01: 0.7043010493119558 | accuracy01/std: 0.039246020231740196 | cumulative_runtime: 0.03761732578277588 | loss: 0.6055051287015278
valid (30/101) _timer/_fps: 1801.6335537796892 | _timer/batch_time: 0.06884527206420898 | _timer/data_time: 0.006455183029174805 | _timer/model_time: 0.0623774528503418 | accuracy01: 0.4193548113107681 | accuracy01/std: 0.13008558119782912 | cumulative_runtime: nan | loss: 0.8672267198562622
* Epoch (30/101) 
train (31/101) _timer/_fps: 1161.0842644803593 | _timer/batch_time: 0.9612162113189697 | _timer/data_time: 0.01947307586669922 | _timer/model_time: 0.9417009353637695 | accuracy01: 0.7096774081389109 | accuracy01/std: 0.052819376128128384 | cumulative_runtime: 0.03800761699676514 | loss: 0.5935578147570293
valid (31/101) _timer/_fps: 1790.318478960877 | _timer/batch_time: 0.06928896903991699 | _timer/data_time: 0.0066509246826171875 | _timer/model_time: 0.06262397766113281 | accuracy01: 0.5161290168762207 | accuracy01/std: 0.0 | cumulative_runtime: nan | loss: 0.7827781736850739
* Epoch (31/101) 
train (32/101) _timer/_fps: 1161.0794632877587 | _timer/batch_time: 0.9612374305725098 | _timer/data_time: 0.0197906494140625 | _timer/model_time: 0.94140625 | accuracy01: 0.6559139639139175 | accuracy01/std: 0.10171444346823025 | cumulative_runtime: 0.037707408269246415 | loss: 0.6493846476078033
valid (32/101) _timer/_fps: 1786.8588190079608 | _timer/batch_time: 0.06942081451416016 | _timer/data_time: 0.0066492557525634766 | _timer/model_time: 0.0627584457397461 | accuracy01: 0.4838709384202957 | accuracy01/std: 0.06504278308751188 | cumulative_runtime: nan | loss: 0.8225913345813751
* Epoch (32/101) 
train (33/101) _timer/_fps: 1159.4462553346275 | _timer/batch_time: 0.9626126289367676 | _timer/data_time: 0.019626855850219727 | _timer/model_time: 0.9429483413696289 | accuracy01: 0.6559139490127563 | accuracy01/std: 0.06646293058710405 | cumulative_runtime: 0.03751567999521892 | loss: 0.6476244827111561
valid (33/101) _timer/_fps: 1801.825243695574 | _timer/batch_time: 0.06883358955383301 | _timer/data_time: 0.0062215328216552734 | _timer/model_time: 0.06259894371032715 | accuracy01: 0.5161290168762207 | accuracy01/std: 0.06504279811031723 | cumulative_runtime: nan | loss: 0.7939725816249847
* Epoch (33/101) 
train (34/101) _timer/_fps: 1165.5783170689779 | _timer/batch_time: 0.957505464553833 | _timer/data_time: 0.019876480102539062 | _timer/model_time: 0.9375913143157959 | accuracy01: 0.6666666467984518 | accuracy01/std: 0.13423120464216304 | cumulative_runtime: 0.03637278079986572 | loss: 0.6416005343198776
valid (34/101) _timer/_fps: 1787.7829694743104 | _timer/batch_time: 0.06938719749450684 | _timer/data_time: 0.006510734558105469 | _timer/model_time: 0.06286311149597168 | accuracy01: 0.5483870953321457 | accuracy01/std: 0.06504281313312257 | cumulative_runtime: nan | loss: 0.7674568891525269
* Epoch (34/101) 
train (35/101) _timer/_fps: 1168.2721515028675 | _timer/batch_time: 0.9552609920501709 | _timer/data_time: 0.01946568489074707 | _timer/model_time: 0.9357566833496094 | accuracy01: 0.6505376100540161 | accuracy01/std: 0.04346245200742473 | cumulative_runtime: 0.036933183670043945 | loss: 0.6587989230950673
valid (35/101) _timer/_fps: 1788.611768444011 | _timer/batch_time: 0.06934547424316406 | _timer/data_time: 0.006495952606201172 | _timer/model_time: 0.0628366470336914 | accuracy01: 0.4838709384202957 | accuracy01/std: 0.06504278308751188 | cumulative_runtime: nan | loss: 0.8243929147720337
* Epoch (35/101) 
train (36/101) _timer/_fps: 1168.2155538315262 | _timer/batch_time: 0.9553287029266357 | _timer/data_time: 0.019613027572631836 | _timer/model_time: 0.9356768131256104 | accuracy01: 0.6881720225016277 | accuracy01/std: 0.09274777638793764 | cumulative_runtime: 0.03628655274709065 | loss: 0.6189992825190226
valid (36/101) _timer/_fps: 1802.8301749208395 | _timer/batch_time: 0.06879615783691406 | _timer/data_time: 0.006213188171386719 | _timer/model_time: 0.06257152557373047 | accuracy01: 0.5322580486536026 | accuracy01/std: 0.04878209858273792 | cumulative_runtime: nan | loss: 0.7669366300106049
* Epoch (36/101) 
train (37/101) _timer/_fps: 1165.3425372684321 | _timer/batch_time: 0.9576766490936279 | _timer/data_time: 0.01973557472229004 | _timer/model_time: 0.9379010200500488 | accuracy01: 0.7473118205865223 | accuracy01/std: 0.11574656764120446 | cumulative_runtime: 0.036448876063028976 | loss: 0.5611169934272766
valid (37/101) _timer/_fps: 1804.7916814176065 | _timer/batch_time: 0.06871962547302246 | _timer/data_time: 0.006214141845703125 | _timer/model_time: 0.06249237060546875 | accuracy01: 0.4999999701976776 | accuracy01/std: 0.048782083559932576 | cumulative_runtime: nan | loss: 0.7966855764389038
* Epoch (37/101) 
train (38/101) _timer/_fps: 1166.4817826601345 | _timer/batch_time: 0.9567463397979736 | _timer/data_time: 0.019748449325561523 | _timer/model_time: 0.9369587898254395 | accuracy01: 0.7419354617595673 | accuracy01/std: 0.03734893041183214 | cumulative_runtime: 0.036107023557027176 | loss: 0.5642707248528798
valid (38/101) _timer/_fps: 1802.228926900884 | _timer/batch_time: 0.06881880760192871 | _timer/data_time: 0.0062143802642822266 | _timer/model_time: 0.062591552734375 | accuracy01: 0.5483870953321457 | accuracy01/std: 0.06504281313312257 | cumulative_runtime: nan | loss: 0.7695458829402924
* Epoch (38/101) 
train (39/101) _timer/_fps: 1162.4518108421864 | _timer/batch_time: 0.9600434303283691 | _timer/data_time: 0.01958489418029785 | _timer/model_time: 0.9404175281524658 | accuracy01: 0.7580644885698954 | accuracy01/std: 0.040700048875800005 | cumulative_runtime: 0.036672393480936684 | loss: 0.5369499226411184
valid (39/101) _timer/_fps: 1794.6628100040357 | _timer/batch_time: 0.06912684440612793 | _timer/data_time: 0.006638050079345703 | _timer/model_time: 0.06247520446777344 | accuracy01: 0.5967741757631302 | accuracy01/std: 0.11382489669305515 | cumulative_runtime: nan | loss: 0.7147608995437622
* Epoch (39/101) 
train (40/101) _timer/_fps: 1160.2350595479686 | _timer/batch_time: 0.9618921279907227 | _timer/data_time: 0.019561052322387695 | _timer/model_time: 0.9422907829284668 | accuracy01: 0.7795698742071788 | accuracy01/std: 0.06309834218720912 | cumulative_runtime: 0.03711108366648356 | loss: 0.526877835392952
valid (40/101) _timer/_fps: 1785.3133023097143 | _timer/batch_time: 0.0694577693939209 | _timer/data_time: 0.0068187713623046875 | _timer/model_time: 0.06262516975402832 | accuracy01: 0.5806451439857483 | accuracy01/std: 0.06504279811031723 | cumulative_runtime: nan | loss: 0.7235492765903473
* Epoch (40/101) 
train (41/101) _timer/_fps: 1168.1556236985052 | _timer/batch_time: 0.9553732872009277 | _timer/data_time: 0.019625425338745117 | _timer/model_time: 0.9357097148895264 | accuracy01: 0.7903225620587667 | accuracy01/std: 0.06401285265952773 | cumulative_runtime: 0.03630765279134114 | loss: 0.5235999673604965
valid (41/101) _timer/_fps: 1804.924348474398 | _timer/batch_time: 0.06871199607849121 | _timer/data_time: 0.006205081939697266 | _timer/model_time: 0.06249403953552246 | accuracy01: 0.6129032373428345 | accuracy01/std: 0.0 | cumulative_runtime: nan | loss: 0.6980673372745514
* Epoch (41/101) 
train (42/101) _timer/_fps: 1144.4205336797602 | _timer/batch_time: 0.975654125213623 | _timer/data_time: 0.01963973045349121 | _timer/model_time: 0.9559741020202637 | accuracy01: 0.7365591327349345 | accuracy01/std: 0.04346246436242463 | cumulative_runtime: 0.039884487787882485 | loss: 0.5760829746723175
valid (42/101) _timer/_fps: 1797.4879686078334 | _timer/batch_time: 0.06900453567504883 | _timer/data_time: 0.0063588619232177734 | _timer/model_time: 0.06263279914855957 | accuracy01: 0.5967741757631302 | accuracy01/std: 0.11382489669305515 | cumulative_runtime: nan | loss: 0.7185254693031311
* Epoch (42/101) 
train (43/101) _timer/_fps: 1168.8065478349051 | _timer/batch_time: 0.9548680782318115 | _timer/data_time: 0.019742727279663086 | _timer/model_time: 0.935084342956543 | accuracy01: 0.7258064349492391 | accuracy01/std: 0.07172067567006292 | cumulative_runtime: 0.036512772242228195 | loss: 0.5915868977705638
valid (43/101) _timer/_fps: 1787.480575032058 | _timer/batch_time: 0.06939220428466797 | _timer/data_time: 0.006591081619262695 | _timer/model_time: 0.06278634071350098 | accuracy01: 0.661290317773819 | accuracy01/std: 0.08130351266070188 | cumulative_runtime: nan | loss: 0.6528033018112183
* Epoch (43/101) 
train (44/101) _timer/_fps: 1160.3415657982646 | _timer/batch_time: 0.96181321144104 | _timer/data_time: 0.019733190536499023 | _timer/model_time: 0.9420413970947266 | accuracy01: 0.736559122800827 | accuracy01/std: 0.06309835580350875 | cumulative_runtime: 0.037501772244771324 | loss: 0.568604255716006
valid (44/101) _timer/_fps: 1797.0797710772754 | _timer/batch_time: 0.06902313232421875 | _timer/data_time: 0.00664067268371582 | _timer/model_time: 0.06236839294433594 | accuracy01: 0.5322580486536026 | accuracy01/std: 0.04878209858273792 | cumulative_runtime: nan | loss: 0.7598817348480225
* Epoch (44/101) 
train (45/101) _timer/_fps: 1161.3089461152745 | _timer/batch_time: 0.9610018730163574 | _timer/data_time: 0.01983046531677246 | _timer/model_time: 0.9411303997039795 | accuracy01: 0.6989247103532155 | accuracy01/std: 0.03575890470113553 | cumulative_runtime: 0.03700832525889079 | loss: 0.6065493226051331
valid (45/101) _timer/_fps: 1801.6341409478655 | _timer/batch_time: 0.06883883476257324 | _timer/data_time: 0.006238460540771484 | _timer/model_time: 0.06258797645568848 | accuracy01: 0.5645161122083664 | accuracy01/std: 0.08130349763789653 | cumulative_runtime: nan | loss: 0.7425612509250641
* Epoch (45/101) 
train (46/101) _timer/_fps: 1160.417841894579 | _timer/batch_time: 0.9617431163787842 | _timer/data_time: 0.020354509353637695 | _timer/model_time: 0.9413464069366455 | accuracy01: 0.6182795564333597 | accuracy01/std: 0.08014082073032602 | cumulative_runtime: 0.03679549694061279 | loss: 0.6850077708562214
valid (46/101) _timer/_fps: 1775.7569846130139 | _timer/batch_time: 0.06986522674560547 | _timer/data_time: 0.0071489810943603516 | _timer/model_time: 0.06270170211791992 | accuracy01: 0.4838709384202957 | accuracy01/std: 0.06504278308751188 | cumulative_runtime: nan | loss: 0.8207721412181854
* Epoch (46/101) 
train (47/101) _timer/_fps: 1157.7200337674997 | _timer/batch_time: 0.9639918804168701 | _timer/data_time: 0.019620895385742188 | _timer/model_time: 0.9443278312683105 | accuracy01: 0.6129032075405121 | accuracy01/std: 0.0970353900345342 | cumulative_runtime: 0.0373764435450236 | loss: 0.693089634180069
valid (47/101) _timer/_fps: 1820.0286894162518 | _timer/batch_time: 0.0681450366973877 | _timer/data_time: 0.006290912628173828 | _timer/model_time: 0.06184124946594238 | accuracy01: 0.5483870506286621 | accuracy01/std: 0.0 | cumulative_runtime: nan | loss: 0.7565706968307495
* Epoch (47/101) 
train (48/101) _timer/_fps: 1159.721618897557 | _timer/batch_time: 0.962430477142334 | _timer/data_time: 0.01968526840209961 | _timer/model_time: 0.9427042007446289 | accuracy01: 0.6129032075405121 | accuracy01/std: 0.09337235449672866 | cumulative_runtime: 0.037239392598470054 | loss: 0.6934414505958557
valid (48/101) _timer/_fps: 1786.5773238266256 | _timer/batch_time: 0.06943416595458984 | _timer/data_time: 0.006593465805053711 | _timer/model_time: 0.06282782554626465 | accuracy01: 0.5806451439857483 | accuracy01/std: 0.06504279811031723 | cumulative_runtime: nan | loss: 0.7217691838741302
* Epoch (48/101) 
train (49/101) _timer/_fps: 1165.9322242223225 | _timer/batch_time: 0.957183837890625 | _timer/data_time: 0.019971370697021484 | _timer/model_time: 0.9371681213378906 | accuracy01: 0.6075268685817719 | accuracy01/std: 0.11113532606714101 | cumulative_runtime: 0.03632664680480957 | loss: 0.694755385319392
valid (49/101) _timer/_fps: 1780.5762363804602 | _timer/batch_time: 0.06968951225280762 | _timer/data_time: 0.007071971893310547 | _timer/model_time: 0.06260442733764648 | accuracy01: 0.5645161122083664 | accuracy01/std: 0.08130349763789653 | cumulative_runtime: nan | loss: 0.7441644072532654
* Epoch (49/101) 
train (50/101) _timer/_fps: 1157.1331063978182 | _timer/batch_time: 0.9645309448242188 | _timer/data_time: 0.019642114639282227 | _timer/model_time: 0.9448490142822266 | accuracy01: 0.6075268586476643 | accuracy01/std: 0.06840230014938094 | cumulative_runtime: 0.037572622299194336 | loss: 0.7053197820981344
valid (50/101) _timer/_fps: 1805.01439267281 | _timer/batch_time: 0.06870794296264648 | _timer/data_time: 0.0061724185943603516 | _timer/model_time: 0.06252217292785645 | accuracy01: 0.4999999850988388 | accuracy01/std: 0.016260699527579307 | cumulative_runtime: nan | loss: 0.7956800162792206
* Epoch (50/101) 
train (51/101) _timer/_fps: 1153.9123865651545 | _timer/batch_time: 0.9672577381134033 | _timer/data_time: 0.019962072372436523 | _timer/model_time: 0.947253942489624 | accuracy01: 0.6182795663674673 | accuracy01/std: 0.11423017444297989 | cumulative_runtime: 0.03791022300720215 | loss: 0.6817742188771565
valid (51/101) _timer/_fps: 1783.6460652341116 | _timer/batch_time: 0.06955862045288086 | _timer/data_time: 0.006658077239990234 | _timer/model_time: 0.06288790702819824 | accuracy01: 0.5161290168762207 | accuracy01/std: 0.13008559622063445 | cumulative_runtime: nan | loss: 0.7930761277675629
* Epoch (51/101) 
train (52/101) _timer/_fps: 1164.4588466545001 | _timer/batch_time: 0.958444356918335 | _timer/data_time: 0.019710063934326172 | _timer/model_time: 0.9386816024780273 | accuracy01: 0.6720429956912994 | accuracy01/std: 0.0779346704965621 | cumulative_runtime: 0.03737183411916097 | loss: 0.6376790603001912
valid (52/101) _timer/_fps: 1788.8095259469071 | _timer/batch_time: 0.0693509578704834 | _timer/data_time: 0.006635189056396484 | _timer/model_time: 0.06270122528076172 | accuracy01: 0.5161290168762207 | accuracy01/std: 0.06504279811031723 | cumulative_runtime: nan | loss: 0.7837188243865967
* Epoch (52/101) 
train (53/101) _timer/_fps: 1152.660926255425 | _timer/batch_time: 0.9683325290679932 | _timer/data_time: 0.019571781158447266 | _timer/model_time: 0.9487197399139404 | accuracy01: 0.672042985757192 | accuracy01/std: 0.07332354177714971 | cumulative_runtime: 0.03886151313781738 | loss: 0.6284362475077312
valid (53/101) _timer/_fps: 1801.6836089821795 | _timer/batch_time: 0.06883811950683594 | _timer/data_time: 0.0061762332916259766 | _timer/model_time: 0.06264925003051758 | accuracy01: 0.4838709384202957 | accuracy01/std: 0.06504278308751188 | cumulative_runtime: nan | loss: 0.8251786231994629
* Epoch (53/101) 
train (54/101) _timer/_fps: 1159.4176760081843 | _timer/batch_time: 0.9626073837280273 | _timer/data_time: 0.019571781158447266 | _timer/model_time: 0.9429960250854492 | accuracy01: 0.7043010393778484 | accuracy01/std: 0.06580376282895961 | cumulative_runtime: 0.03749914964040121 | loss: 0.5944992850224177
valid (54/101) _timer/_fps: 1825.9877185719288 | _timer/batch_time: 0.06792116165161133 | _timer/data_time: 0.006157636642456055 | _timer/model_time: 0.06175088882446289 | accuracy01: 0.4838709682226181 | accuracy01/std: 0.1300856112434398 | cumulative_runtime: nan | loss: 0.8338539004325867
* Epoch (54/101) 
train (55/101) _timer/_fps: 1159.0644916100973 | _timer/batch_time: 0.9628567695617676 | _timer/data_time: 0.01938796043395996 | _timer/model_time: 0.9434242248535156 | accuracy01: 0.7849462032318115 | accuracy01/std: 0.05806129822127172 | cumulative_runtime: 0.037940144538879395 | loss: 0.521721750497818
valid (55/101) _timer/_fps: 1804.8659719242187 | _timer/batch_time: 0.06871891021728516 | _timer/data_time: 0.0061986446380615234 | _timer/model_time: 0.06250691413879395 | accuracy01: 0.4516128748655319 | accuracy01/std: 0.0975641821426705 | cumulative_runtime: nan | loss: 0.8514028787612915
* Epoch (55/101) 
train (56/101) _timer/_fps: 1166.4239726998085 | _timer/batch_time: 0.9567775726318359 | _timer/data_time: 0.019986629486083984 | _timer/model_time: 0.9367501735687256 | accuracy01: 0.7795698642730713 | accuracy01/std: 0.07793467256359625 | cumulative_runtime: 0.03698988755544026 | loss: 0.5351053029298782
valid (56/101) _timer/_fps: 1823.6895638093804 | _timer/batch_time: 0.0680093765258789 | _timer/data_time: 0.006167173385620117 | _timer/model_time: 0.0618290901184082 | accuracy01: 0.4999999850988388 | accuracy01/std: 0.016260699527579307 | cumulative_runtime: nan | loss: 0.8211300373077393
* Epoch (56/101) 
train (57/101) _timer/_fps: 1158.8469528071385 | _timer/batch_time: 0.9630634784698486 | _timer/data_time: 0.019533395767211914 | _timer/model_time: 0.9434871673583984 | accuracy01: 0.7419354617595673 | accuracy01/std: 0.0646902550425648 | cumulative_runtime: 0.03759805361429851 | loss: 0.5586408277352651
valid (57/101) _timer/_fps: 1820.4283653159355 | _timer/batch_time: 0.06812787055969238 | _timer/data_time: 0.00616765022277832 | _timer/model_time: 0.06194758415222168 | accuracy01: 0.4838709682226181 | accuracy01/std: 0.1300856112434398 | cumulative_runtime: nan | loss: 0.836188942193985
* Epoch (57/101) 
train (58/101) _timer/_fps: 1162.3953967037878 | _timer/batch_time: 0.9600965976715088 | _timer/data_time: 0.019530773162841797 | _timer/model_time: 0.9405267238616943 | accuracy01: 0.7419354816277822 | accuracy01/std: 0.018674469519124857 | cumulative_runtime: 0.03737143675486247 | loss: 0.561541239420573
valid (58/101) _timer/_fps: 1809.1508621545443 | _timer/batch_time: 0.06855320930480957 | _timer/data_time: 0.0061740875244140625 | _timer/model_time: 0.062366485595703125 | accuracy01: 0.5161290019750595 | accuracy01/std: 0.03252138403235327 | cumulative_runtime: nan | loss: 0.7986103296279907
* Epoch (58/101) 
train (59/101) _timer/_fps: 1160.0274997287436 | _timer/batch_time: 0.9620728492736816 | _timer/data_time: 0.019562244415283203 | _timer/model_time: 0.9424686431884766 | accuracy01: 0.7258064250151317 | accuracy01/std: 0.055239824332960985 | cumulative_runtime: 0.03717160224914551 | loss: 0.5783250431219736
valid (59/101) _timer/_fps: 1804.3487830872878 | _timer/batch_time: 0.06875014305114746 | _timer/data_time: 0.006543636322021484 | _timer/model_time: 0.06218409538269043 | accuracy01: 0.4838709384202957 | accuracy01/std: 0.06504278308751188 | cumulative_runtime: nan | loss: 0.8288512527942657
* Epoch (59/101) 
train (60/101) _timer/_fps: 1163.52675480202 | _timer/batch_time: 0.9592368602752686 | _timer/data_time: 0.019431352615356445 | _timer/model_time: 0.9397585391998291 | accuracy01: 0.7419354518254597 | accuracy01/std: 0.049407995692697916 | cumulative_runtime: 0.036890387535095215 | loss: 0.5602462887763977
valid (60/101) _timer/_fps: 1804.9134393209902 | _timer/batch_time: 0.06871700286865234 | _timer/data_time: 0.006211519241333008 | _timer/model_time: 0.06249213218688965 | accuracy01: 0.5322580486536026 | accuracy01/std: 0.04878209858273792 | cumulative_runtime: nan | loss: 0.7749137580394745
* Epoch (60/101) 
train (61/101) _timer/_fps: 1104.026020917046 | _timer/batch_time: 1.0285887718200684 | _timer/data_time: 0.019847631454467773 | _timer/model_time: 1.0087006092071533 | accuracy01: 0.7096773982048035 | accuracy01/std: 0.10228427575080794 | cumulative_runtime: 0.03673827648162842 | loss: 0.5970488588015238
valid (61/101) _timer/_fps: 1785.8609314259647 | _timer/batch_time: 0.06946659088134766 | _timer/data_time: 0.006639242172241211 | _timer/model_time: 0.06281352043151855 | accuracy01: 0.4999999701976776 | accuracy01/std: 0.048782083559932576 | cumulative_runtime: nan | loss: 0.8092867732048035
* Epoch (61/101) 
train (62/101) _timer/_fps: 1161.1664598662528 | _timer/batch_time: 0.9611296653747559 | _timer/data_time: 0.01962423324584961 | _timer/model_time: 0.9414651393890381 | accuracy01: 0.7150537371635437 | accuracy01/std: 0.03451832910180046 | cumulative_runtime: 0.03738391399383545 | loss: 0.5951729913552601
valid (62/101) _timer/_fps: 1803.8458258169562 | _timer/batch_time: 0.0687565803527832 | _timer/data_time: 0.0062143802642822266 | _timer/model_time: 0.0625298023223877 | accuracy01: 0.5483870506286621 | accuracy01/std: 0.0 | cumulative_runtime: nan | loss: 0.774582028388977
* Epoch (62/101) 
train (63/101) _timer/_fps: 1166.2888301842218 | _timer/batch_time: 0.9568908214569092 | _timer/data_time: 0.019779682159423828 | _timer/model_time: 0.9370691776275635 | accuracy01: 0.7365591029326121 | accuracy01/std: 0.0541774207740609 | cumulative_runtime: 0.03678663571675619 | loss: 0.5740590790907543
valid (63/101) _timer/_fps: 1804.039666268942 | _timer/batch_time: 0.06874608993530273 | _timer/data_time: 0.006199359893798828 | _timer/model_time: 0.06253337860107422 | accuracy01: 0.5806451439857483 | accuracy01/std: 0.06504279811031723 | cumulative_runtime: nan | loss: 0.7324299514293671
* Epoch (63/101) 
train (64/101) _timer/_fps: 1161.158184787761 | _timer/batch_time: 0.9611709117889404 | _timer/data_time: 0.019500732421875 | _timer/model_time: 0.9416298866271973 | accuracy01: 0.7311827739079793 | accuracy01/std: 0.07623818566076065 | cumulative_runtime: 0.036859989166259766 | loss: 0.5723971674839656
valid (64/101) _timer/_fps: 1818.3499191239553 | _timer/batch_time: 0.0682072639465332 | _timer/data_time: 0.006188392639160156 | _timer/model_time: 0.06200551986694336 | accuracy01: 0.5645161122083664 | accuracy01/std: 0.08130349763789653 | cumulative_runtime: nan | loss: 0.7429438829421997
* Epoch (64/101) 
train (65/101) _timer/_fps: 1166.2110873897152 | _timer/batch_time: 0.9569675922393799 | _timer/data_time: 0.019702672958374023 | _timer/model_time: 0.9372241497039795 | accuracy01: 0.7204300860563914 | accuracy01/std: 0.060990567334578485 | cumulative_runtime: 0.0368114709854126 | loss: 0.5891252408425013
valid (65/101) _timer/_fps: 1799.075106688102 | _timer/batch_time: 0.06893801689147949 | _timer/data_time: 0.006184101104736328 | _timer/model_time: 0.06274080276489258 | accuracy01: 0.5645160973072052 | accuracy01/std: 0.016260714550384654 | cumulative_runtime: nan | loss: 0.764514297246933
* Epoch (65/101) 
train (66/101) _timer/_fps: 1162.1221331295205 | _timer/batch_time: 0.960324764251709 | _timer/data_time: 0.01962447166442871 | _timer/model_time: 0.9406588077545166 | accuracy01: 0.7526881694793701 | accuracy01/std: 0.06646293058710404 | cumulative_runtime: 0.037545641263326004 | loss: 0.560700128475825
valid (66/101) _timer/_fps: 1799.7464634271712 | _timer/batch_time: 0.06892871856689453 | _timer/data_time: 0.006393909454345703 | _timer/model_time: 0.06252193450927734 | accuracy01: 0.596774160861969 | accuracy01/std: 0.0813034826150912 | cumulative_runtime: nan | loss: 0.7183200120925903
* Epoch (66/101) 
train (67/101) _timer/_fps: 1163.9113775145559 | _timer/batch_time: 0.9588592052459717 | _timer/data_time: 0.019501447677612305 | _timer/model_time: 0.9393165111541748 | accuracy01: 0.758064478635788 | accuracy01/std: 0.06122835213139642 | cumulative_runtime: 0.03662741184234619 | loss: 0.5442141741514206
valid (67/101) _timer/_fps: 1791.3684376553424 | _timer/batch_time: 0.06923890113830566 | _timer/data_time: 0.006348609924316406 | _timer/model_time: 0.06287598609924316 | accuracy01: 0.5645160973072052 | accuracy01/std: 0.016260714550384654 | cumulative_runtime: nan | loss: 0.742931604385376
* Epoch (67/101) 
train (68/101) _timer/_fps: 1166.5422634518702 | _timer/batch_time: 0.956693172454834 | _timer/data_time: 0.01961517333984375 | _timer/model_time: 0.937035083770752 | accuracy01: 0.7688171863555908 | accuracy01/std: 0.106324285028281 | cumulative_runtime: 0.036896546681722 | loss: 0.5436104337374369
valid (68/101) _timer/_fps: 1797.9233656693973 | _timer/batch_time: 0.06898045539855957 | _timer/data_time: 0.0062291622161865234 | _timer/model_time: 0.06273651123046875 | accuracy01: 0.5806451290845871 | accuracy01/std: 0.0975641821426705 | cumulative_runtime: nan | loss: 0.7352502346038818
* Epoch (68/101) 
train (69/101) _timer/_fps: 1159.2721816602234 | _timer/batch_time: 0.9627363681793213 | _timer/data_time: 0.019583463668823242 | _timer/model_time: 0.9431102275848389 | accuracy01: 0.7688171764214834 | accuracy01/std: 0.08014081872019399 | cumulative_runtime: 0.037979086240132645 | loss: 0.5405139078696569
valid (69/101) _timer/_fps: 1819.4205879508395 | _timer/batch_time: 0.06816720962524414 | _timer/data_time: 0.006265401840209961 | _timer/model_time: 0.061888694763183594 | accuracy01: 0.4999999701976776 | accuracy01/std: 0.048782083559932576 | cumulative_runtime: nan | loss: 0.8108746409416199
* Epoch (69/101) 
train (70/101) _timer/_fps: 1153.7735765025518 | _timer/batch_time: 0.9673545360565186 | _timer/data_time: 0.020339012145996094 | _timer/model_time: 0.9469749927520752 | accuracy01: 0.747311810652415 | accuracy01/std: 0.08228782604235306 | cumulative_runtime: 0.038504719734191895 | loss: 0.5562834441661835
valid (70/101) _timer/_fps: 1787.6662977101882 | _timer/batch_time: 0.0693812370300293 | _timer/data_time: 0.006803274154663086 | _timer/model_time: 0.06256556510925293 | accuracy01: 0.5645160973072052 | accuracy01/std: 0.1138248816702498 | cumulative_runtime: nan | loss: 0.7473652362823486
* Epoch (70/101) 
train (71/101) _timer/_fps: 1161.5425161633063 | _timer/batch_time: 0.9608187675476074 | _timer/data_time: 0.019615650177001953 | _timer/model_time: 0.9411625862121582 | accuracy01: 0.7419354617595673 | accuracy01/std: 0.04175738328850625 | cumulative_runtime: 0.03722270329793294 | loss: 0.573078249891599
valid (71/101) _timer/_fps: 1815.1352483526966 | _timer/batch_time: 0.06833291053771973 | _timer/data_time: 0.00630497932434082 | _timer/model_time: 0.062014102935791016 | accuracy01: 0.5483870804309845 | accuracy01/std: 0.03252139905515861 | cumulative_runtime: nan | loss: 0.7586986124515533
* Epoch (71/101) 
train (72/101) _timer/_fps: 1164.3488075993328 | _timer/batch_time: 0.958564043045044 | _timer/data_time: 0.020212888717651367 | _timer/model_time: 0.938309907913208 | accuracy01: 0.7580644885698954 | accuracy01/std: 0.036162948041416704 | cumulative_runtime: 0.037052551905314125 | loss: 0.5541893144448597
valid (72/101) _timer/_fps: 1799.2189209051094 | _timer/batch_time: 0.06893610954284668 | _timer/data_time: 0.006202220916748047 | _timer/model_time: 0.06272006034851074 | accuracy01: 0.6129031777381897 | accuracy01/std: 0.06504279811031723 | cumulative_runtime: nan | loss: 0.7013808190822601
* Epoch (72/101) 
train (73/101) _timer/_fps: 1157.9537823034852 | _timer/batch_time: 0.9637925624847412 | _timer/data_time: 0.01995706558227539 | _timer/model_time: 0.9437932968139648 | accuracy01: 0.795698901017507 | accuracy01/std: 0.0403414648779191 | cumulative_runtime: 0.03784910837809245 | loss: 0.5093688319126766
valid (73/101) _timer/_fps: 1824.5048098171328 | _timer/batch_time: 0.06797242164611816 | _timer/data_time: 0.006162881851196289 | _timer/model_time: 0.06179690361022949 | accuracy01: 0.596774160861969 | accuracy01/std: 0.04878211360554326 | cumulative_runtime: nan | loss: 0.7191367149353027
* Epoch (73/101) 
train (74/101) _timer/_fps: 1165.2680623521442 | _timer/batch_time: 0.957747220993042 | _timer/data_time: 0.01962590217590332 | _timer/model_time: 0.9380795955657959 | accuracy01: 0.7903225620587667 | accuracy01/std: 0.058310997189388834 | cumulative_runtime: 0.03698345025380453 | loss: 0.5185955415169398
valid (74/101) _timer/_fps: 1821.7408347752007 | _timer/batch_time: 0.0680842399597168 | _timer/data_time: 0.006132841110229492 | _timer/model_time: 0.06193852424621582 | accuracy01: 0.4838709533214569 | accuracy01/std: 0.03252139905515861 | cumulative_runtime: nan | loss: 0.8248348832130432
* Epoch (74/101) 
train (75/101) _timer/_fps: 1162.5551735251738 | _timer/batch_time: 0.9600021839141846 | _timer/data_time: 0.019686460494995117 | _timer/model_time: 0.9402742385864258 | accuracy01: 0.8172042767206827 | accuracy01/std: 0.07623819411288311 | cumulative_runtime: 0.037383715311686196 | loss: 0.4927152295907339
valid (75/101) _timer/_fps: 1790.3282361059923 | _timer/batch_time: 0.06930160522460938 | _timer/data_time: 0.006628274917602539 | _timer/model_time: 0.06265997886657715 | accuracy01: 0.5 | accuracy01/std: 0.1138249117158605 | cumulative_runtime: nan | loss: 0.8116129040718079
* Epoch (75/101) 
train (76/101) _timer/_fps: 1159.8024717454878 | _timer/batch_time: 0.9623489379882812 | _timer/data_time: 0.01969742774963379 | _timer/model_time: 0.9426102638244629 | accuracy01: 0.8279569645722706 | accuracy01/std: 0.08890825471738278 | cumulative_runtime: 0.03738145033518474 | loss: 0.4843708823124568
valid (76/101) _timer/_fps: 1800.1254832460004 | _timer/batch_time: 0.06890153884887695 | _timer/data_time: 0.006250858306884766 | _timer/model_time: 0.0626382827758789 | accuracy01: 0.5322580635547638 | accuracy01/std: 0.08130351266070188 | cumulative_runtime: nan | loss: 0.7794171869754791
* Epoch (76/101) 
train (77/101) _timer/_fps: 1157.5343668074333 | _timer/batch_time: 0.9643714427947998 | _timer/data_time: 0.019669294357299805 | _timer/model_time: 0.9446518421173096 | accuracy01: 0.8010752300421397 | accuracy01/std: 0.022227060961487254 | cumulative_runtime: 0.037850936253865555 | loss: 0.5114943583806356
valid (77/101) _timer/_fps: 1786.052455379243 | _timer/batch_time: 0.06946015357971191 | _timer/data_time: 0.006726503372192383 | _timer/model_time: 0.06272077560424805 | accuracy01: 0.5322580337524414 | accuracy01/std: 0.016260684504773963 | cumulative_runtime: nan | loss: 0.7803657948970795
* Epoch (77/101) 
train (78/101) _timer/_fps: 1165.3375740822646 | _timer/batch_time: 0.9576828479766846 | _timer/data_time: 0.01961040496826172 | _timer/model_time: 0.9380311965942383 | accuracy01: 0.795698901017507 | accuracy01/std: 0.05497614969946951 | cumulative_runtime: 0.0368200937906901 | loss: 0.5095915645360947
valid (78/101) _timer/_fps: 1801.421361735634 | _timer/batch_time: 0.06886053085327148 | _timer/data_time: 0.006540060043334961 | _timer/model_time: 0.06230807304382324 | accuracy01: 0.4354838579893112 | accuracy01/std: 0.04878209858273792 | cumulative_runtime: nan | loss: 0.8503326773643494
* Epoch (78/101) 
train (79/101) _timer/_fps: 1170.3752745098093 | _timer/batch_time: 0.9535677433013916 | _timer/data_time: 0.019626140594482422 | _timer/model_time: 0.9339010715484619 | accuracy01: 0.8118279377619425 | accuracy01/std: 0.054177427712097236 | cumulative_runtime: 0.036234776178995766 | loss: 0.4960141231616338
valid (79/101) _timer/_fps: 1806.779351758622 | _timer/batch_time: 0.06864595413208008 | _timer/data_time: 0.006165981292724609 | _timer/model_time: 0.06246757507324219 | accuracy01: 0.4838709384202957 | accuracy01/std: 0.06504278308751188 | cumulative_runtime: nan | loss: 0.8200258016586304
* Epoch (79/101) 
train (80/101) _timer/_fps: 1167.9276780007285 | _timer/batch_time: 0.9555435180664062 | _timer/data_time: 0.019640445709228516 | _timer/model_time: 0.9358620643615723 | accuracy01: 0.8440860013167063 | accuracy01/std: 0.06840227895356021 | cumulative_runtime: 0.03637520472208659 | loss: 0.47118045886357623
valid (80/101) _timer/_fps: 1803.4847660878304 | _timer/batch_time: 0.06877970695495605 | _timer/data_time: 0.006368875503540039 | _timer/model_time: 0.06239771842956543 | accuracy01: 0.5645160973072052 | accuracy01/std: 0.016260714550384654 | cumulative_runtime: nan | loss: 0.7488625943660736
* Epoch (80/101) 
train (81/101) _timer/_fps: 1165.4111387484672 | _timer/batch_time: 0.9576129913330078 | _timer/data_time: 0.0197603702545166 | _timer/model_time: 0.9378113746643066 | accuracy01: 0.8118279178937277 | accuracy01/std: 0.07090564186271507 | cumulative_runtime: 0.03633475303649902 | loss: 0.5003198087215424
valid (81/101) _timer/_fps: 1783.6755397404554 | _timer/batch_time: 0.06954813003540039 | _timer/data_time: 0.006600618362426758 | _timer/model_time: 0.06293320655822754 | accuracy01: 0.5161290019750595 | accuracy01/std: 0.03252138403235327 | cumulative_runtime: nan | loss: 0.7896101474761963
* Epoch (81/101) 
train (82/101) _timer/_fps: 1167.8050779708271 | _timer/batch_time: 0.9556601047515869 | _timer/data_time: 0.019771814346313477 | _timer/model_time: 0.9358475208282471 | accuracy01: 0.8225806057453156 | accuracy01/std: 0.06668118771620503 | cumulative_runtime: 0.0363457997639974 | loss: 0.49114029109477997
valid (82/101) _timer/_fps: 1802.557644177813 | _timer/batch_time: 0.06880617141723633 | _timer/data_time: 0.006205081939697266 | _timer/model_time: 0.06258726119995117 | accuracy01: 0.4999999850988388 | accuracy01/std: 0.016260699527579307 | cumulative_runtime: nan | loss: 0.8134171664714813
* Epoch (82/101) 
train (83/101) _timer/_fps: 1164.3003063026536 | _timer/batch_time: 0.9585392475128174 | _timer/data_time: 0.01986098289489746 | _timer/model_time: 0.9386374950408936 | accuracy01: 0.7849462231000265 | accuracy01/std: 0.09274777870380241 | cumulative_runtime: 0.03653856118520101 | loss: 0.5250677863756815
valid (83/101) _timer/_fps: 1821.9885486242372 | _timer/batch_time: 0.0680704116821289 | _timer/data_time: 0.0062046051025390625 | _timer/model_time: 0.06185340881347656 | accuracy01: 0.5161290168762207 | accuracy01/std: 0.0 | cumulative_runtime: nan | loss: 0.7972450256347656
* Epoch (83/101) 
train (84/101) _timer/_fps: 1163.4417643015047 | _timer/batch_time: 0.9592390060424805 | _timer/data_time: 0.019574880599975586 | _timer/model_time: 0.9396240711212158 | accuracy01: 0.833333303531011 | accuracy01/std: 0.02903066945729538 | cumulative_runtime: 0.03660055001576742 | loss: 0.47717947264512384
valid (84/101) _timer/_fps: 1804.3566775551758 | _timer/batch_time: 0.06873941421508789 | _timer/data_time: 0.006193399429321289 | _timer/model_time: 0.06253242492675781 | accuracy01: 0.4516129046678543 | accuracy01/std: 0.16260701029859842 | cumulative_runtime: nan | loss: 0.8574921190738678
* Epoch (84/101) 
train (85/101) _timer/_fps: 1165.0998358934744 | _timer/batch_time: 0.9578840732574463 | _timer/data_time: 0.019631385803222656 | _timer/model_time: 0.9382119178771973 | accuracy01: 0.8387096325556438 | accuracy01/std: 0.04574292153900263 | cumulative_runtime: 0.03630169232686361 | loss: 0.4748518268267313
valid (85/101) _timer/_fps: 1798.7872755713156 | _timer/batch_time: 0.06895256042480469 | _timer/data_time: 0.006195783615112305 | _timer/model_time: 0.062744140625 | accuracy01: 0.4838709384202957 | accuracy01/std: 0.06504278308751188 | cumulative_runtime: nan | loss: 0.8279762864112854
* Epoch (85/101) 
train (86/101) _timer/_fps: 1167.6147047771349 | _timer/batch_time: 0.9558117389678955 | _timer/data_time: 0.019632816314697266 | _timer/model_time: 0.9361386299133301 | accuracy01: 0.8064515789349874 | accuracy01/std: 0.0264096880640656 | cumulative_runtime: 0.036372145016988114 | loss: 0.5079984813928604
valid (86/101) _timer/_fps: 1814.3625900203888 | _timer/batch_time: 0.06836748123168945 | _timer/data_time: 0.006394624710083008 | _timer/model_time: 0.06195950508117676 | accuracy01: 0.467741921544075 | accuracy01/std: 0.016260699527579307 | cumulative_runtime: nan | loss: 0.8391090333461761
* Epoch (86/101) 
train (87/101) _timer/_fps: 1168.441860522437 | _timer/batch_time: 0.9551286697387695 | _timer/data_time: 0.019565105438232422 | _timer/model_time: 0.9355249404907227 | accuracy01: 0.8064515888690948 | accuracy01/std: 0.052819382227919126 | cumulative_runtime: 0.0363389253616333 | loss: 0.5097338706254959
valid (87/101) _timer/_fps: 1805.9344793825794 | _timer/batch_time: 0.06867289543151855 | _timer/data_time: 0.0061798095703125 | _timer/model_time: 0.06248068809509277 | accuracy01: 0.4516128897666931 | accuracy01/std: 0.13008559622063445 | cumulative_runtime: nan | loss: 0.8633769154548645
* Epoch (87/101) 
train (88/101) _timer/_fps: 1164.756459782776 | _timer/batch_time: 0.9582152366638184 | _timer/data_time: 0.01950359344482422 | _timer/model_time: 0.9386715888977051 | accuracy01: 0.8064515789349873 | accuracy01/std: 0.04940800873460388 | cumulative_runtime: 0.03688919544219971 | loss: 0.504528562227885
valid (88/101) _timer/_fps: 1785.1976525074997 | _timer/batch_time: 0.06949996948242188 | _timer/data_time: 0.0067064762115478516 | _timer/model_time: 0.06277966499328613 | accuracy01: 0.4354838579893112 | accuracy01/std: 0.08130349763789653 | cumulative_runtime: nan | loss: 0.8715892434120178
* Epoch (88/101) 
train (89/101) _timer/_fps: 1170.7717133568628 | _timer/batch_time: 0.953235387802124 | _timer/data_time: 0.019475460052490234 | _timer/model_time: 0.9337174892425537 | accuracy01: 0.8387096623579661 | accuracy01/std: 0.037348956291061663 | cumulative_runtime: 0.036484320958455406 | loss: 0.4724687735239665
valid (89/101) _timer/_fps: 1788.349203444812 | _timer/batch_time: 0.06934094429016113 | _timer/data_time: 0.006276845932006836 | _timer/model_time: 0.0630500316619873 | accuracy01: 0.4354838579893112 | accuracy01/std: 0.08130349763789653 | cumulative_runtime: nan | loss: 0.8777726888656616
* Epoch (89/101) 
train (90/101) _timer/_fps: 1170.205428883726 | _timer/batch_time: 0.9536905288696289 | _timer/data_time: 0.019538164138793945 | _timer/model_time: 0.9341111183166504 | accuracy01: 0.8225806156794231 | accuracy01/std: 0.06401284762636704 | cumulative_runtime: 0.0363306204477946 | loss: 0.4926706900199254
valid (90/101) _timer/_fps: 1805.8636561080134 | _timer/batch_time: 0.0686788558959961 | _timer/data_time: 0.0061931610107421875 | _timer/model_time: 0.06247401237487793 | accuracy01: 0.467741921544075 | accuracy01/std: 0.04878209858273792 | cumulative_runtime: nan | loss: 0.8450320065021515
* Epoch (90/101) 
train (91/101) _timer/_fps: 1171.6264858511165 | _timer/batch_time: 0.9525265693664551 | _timer/data_time: 0.01958012580871582 | _timer/model_time: 0.9329056739807129 | accuracy01: 0.8333332935969036 | accuracy01/std: 0.03924603528235486 | cumulative_runtime: 0.036068638165791825 | loss: 0.48443645735581714
valid (91/101) _timer/_fps: 1795.2740636988544 | _timer/batch_time: 0.06908559799194336 | _timer/data_time: 0.006319284439086914 | _timer/model_time: 0.06275296211242676 | accuracy01: 0.4193548262119293 | accuracy01/std: 0.06504279811031723 | cumulative_runtime: nan | loss: 0.8925858438014984
* Epoch (91/101) 
train (92/101) _timer/_fps: 1170.9285555111455 | _timer/batch_time: 0.9531295299530029 | _timer/data_time: 0.01961231231689453 | _timer/model_time: 0.9334754943847656 | accuracy01: 0.8440859913825989 | accuracy01/std: 0.05085723440438248 | cumulative_runtime: 0.03612335522969563 | loss: 0.4664283295472463
valid (92/101) _timer/_fps: 1804.1020127069112 | _timer/batch_time: 0.06874942779541016 | _timer/data_time: 0.0062236785888671875 | _timer/model_time: 0.06251239776611328 | accuracy01: 0.4354838579893112 | accuracy01/std: 0.08130349763789653 | cumulative_runtime: nan | loss: 0.8777095973491669
* Epoch (92/101) 
train (93/101) _timer/_fps: 1169.5339231208957 | _timer/batch_time: 0.9542441368103027 | _timer/data_time: 0.01960277557373047 | _timer/model_time: 0.9345996379852295 | accuracy01: 0.8387096424897512 | accuracy01/std: 0.061936213755770506 | cumulative_runtime: 0.03634917736053467 | loss: 0.4773991604646047
valid (93/101) _timer/_fps: 1822.9928784407311 | _timer/batch_time: 0.06803083419799805 | _timer/data_time: 0.006261110305786133 | _timer/model_time: 0.06175589561462402 | accuracy01: 0.4999999850988388 | accuracy01/std: 0.016260699527579307 | cumulative_runtime: nan | loss: 0.8072278797626495
* Epoch (93/101) 
train (94/101) _timer/_fps: 1162.805300811051 | _timer/batch_time: 0.9598884582519531 | _timer/data_time: 0.01960277557373047 | _timer/model_time: 0.9402451515197754 | accuracy01: 0.8440859913825989 | accuracy01/std: 0.07090562974567792 | cumulative_runtime: 0.03693652153015137 | loss: 0.46842198073863983
valid (94/101) _timer/_fps: 1802.5341284261326 | _timer/batch_time: 0.06880378723144531 | _timer/data_time: 0.006231546401977539 | _timer/model_time: 0.0625607967376709 | accuracy01: 0.5483870804309845 | accuracy01/std: 0.03252139905515861 | cumulative_runtime: nan | loss: 0.7547072470188141
* Epoch (94/101) 
train (95/101) _timer/_fps: 1162.2444489766217 | _timer/batch_time: 0.960228443145752 | _timer/data_time: 0.020354270935058594 | _timer/model_time: 0.9398338794708252 | accuracy01: 0.8548386792341868 | accuracy01/std: 0.06668118288444988 | cumulative_runtime: 0.03654702504475912 | loss: 0.457565243045489
valid (95/101) _timer/_fps: 1796.9032672342933 | _timer/batch_time: 0.06902027130126953 | _timer/data_time: 0.006618976593017578 | _timer/model_time: 0.062387704849243164 | accuracy01: 0.5161290168762207 | accuracy01/std: 0.0 | cumulative_runtime: nan | loss: 0.7855992615222931
* Epoch (95/101) 
train (96/101) _timer/_fps: 1169.8301971997569 | _timer/batch_time: 0.9540097713470459 | _timer/data_time: 0.019754648208618164 | _timer/model_time: 0.9342145919799805 | accuracy01: 0.8387096524238586 | accuracy01/std: 0.0417573910041976 | cumulative_runtime: 0.03623819351196289 | loss: 0.47529425720373786
valid (96/101) _timer/_fps: 1799.9099573395429 | _timer/batch_time: 0.0689091682434082 | _timer/data_time: 0.006268024444580078 | _timer/model_time: 0.06262755393981934 | accuracy01: 0.5161290168762207 | accuracy01/std: 0.0 | cumulative_runtime: nan | loss: 0.7882151901721954
* Epoch (96/101) 
train (97/101) _timer/_fps: 1162.394360936306 | _timer/batch_time: 0.9601004123687744 | _timer/data_time: 0.0196685791015625 | _timer/model_time: 0.9403913021087646 | accuracy01: 0.8817204038302104 | accuracy01/std: 0.07391568414684652 | cumulative_runtime: 0.03718876838684082 | loss: 0.4297180225451787
valid (97/101) _timer/_fps: 1798.1855710095465 | _timer/batch_time: 0.06897258758544922 | _timer/data_time: 0.006317138671875 | _timer/model_time: 0.06264209747314453 | accuracy01: 0.4838709533214569 | accuracy01/std: 0.03252139905515861 | cumulative_runtime: nan | loss: 0.8297857642173767
* Epoch (97/101) 
train (98/101) _timer/_fps: 1174.0378652267964 | _timer/batch_time: 0.9506046772003174 | _timer/data_time: 0.01964592933654785 | _timer/model_time: 0.9309091567993164 | accuracy01: 0.8548386891682943 | accuracy01/std: 0.08086281407176812 | cumulative_runtime: 0.035540103912353516 | loss: 0.45752150317033136
valid (98/101) _timer/_fps: 1803.32883055375 | _timer/batch_time: 0.06877851486206055 | _timer/data_time: 0.0061838626861572266 | _timer/model_time: 0.06258082389831543 | accuracy01: 0.5322580337524414 | accuracy01/std: 0.016260684504773963 | cumulative_runtime: nan | loss: 0.7822123765945435
* Epoch (98/101) 
train (99/101) _timer/_fps: 1165.807277845073 | _timer/batch_time: 0.9573194980621338 | _timer/data_time: 0.0198519229888916 | _timer/model_time: 0.937424898147583 | accuracy01: 0.8333333134651184 | accuracy01/std: 0.034518329101800464 | cumulative_runtime: 0.03652048110961914 | loss: 0.4776935825745265
valid (99/101) _timer/_fps: 1797.2835805571635 | _timer/batch_time: 0.06900405883789062 | _timer/data_time: 0.006450653076171875 | _timer/model_time: 0.06254124641418457 | accuracy01: 0.4354838579893112 | accuracy01/std: 0.04878209858273792 | cumulative_runtime: nan | loss: 0.8709916770458221
* Epoch (99/101) 
train (100/101) _timer/_fps: 1165.2605938833583 | _timer/batch_time: 0.9577383995056152 | _timer/data_time: 0.019662141799926758 | _timer/model_time: 0.9380371570587158 | accuracy01: 0.8333332935969034 | accuracy01/std: 0.08438023627907333 | cumulative_runtime: 0.03665586312611897 | loss: 0.4806516766548157
valid (100/101) _timer/_fps: 1796.4019766392782 | _timer/batch_time: 0.06905913352966309 | _timer/data_time: 0.0066874027252197266 | _timer/model_time: 0.06235814094543457 | accuracy01: 0.4838709533214569 | accuracy01/std: 0.03252139905515861 | cumulative_runtime: nan | loss: 0.8252034783363342
* Epoch (100/101) 
train (101/101) _timer/_fps: 1167.4408703316954 | _timer/batch_time: 0.9559757709503174 | _timer/data_time: 0.019567489624023438 | _timer/model_time: 0.9363672733306885 | accuracy01: 0.8387096524238586 | accuracy01/std: 0.05905384686416973 | cumulative_runtime: 0.03642114003499349 | loss: 0.47555381059646606
valid (101/101) _timer/_fps: 1804.2128287870787 | _timer/batch_time: 0.06874418258666992 | _timer/data_time: 0.0061914920806884766 | _timer/model_time: 0.06254029273986816 | accuracy01: 0.4999999850988388 | accuracy01/std: 0.016260699527579307 | cumulative_runtime: nan | loss: 0.8162307441234589
* Epoch (101/101) 
Top models:
logs/nn=4-be=gloo-lr=0.001-bs=31-ep=101-dm=rankdad-nf=10-mo=icalstm-ma=[]-mk={}-da=hcp_gender-cr=CrossEntropyLoss-optimizer=Adam-sc=None-k=0-N=-1-pini=1-pief=3-pius=1-pito=0.001/site_3/checkpoints/model.0043.pth	0.6528
