additional_args --lr 0.001 --batch-size 31 --epochs 101 --distributed-mode rankdad --dataset hcp_gender --model icalstm --backend gloo --N -1 --k 0
ARGS  {'rank': 1, 'num_nodes': 4, 'backend': 'gloo', 'dist_url': 'tcp://10.245.10.112:8998', 'master_port': '8998', 'master_addr': '10.245.10.112', 'lr': 0.001, 'batch_size': 31, 'epochs': 101, 'name': 'NONE', 'log_dir': 'logs', 'distributed_mode': 'rankdad', 'num_folds': 10, 'model': 'icalstm', 'model_args': '[]', 'model_kwargs': '{}', 'dataset': 'hcp_gender', 'criterion': 'CrossEntropyLoss', 'optimizer': 'Adam', 'scheduler': 'None', 'k': 0, 'N': -1, 'pi_numiterations': 1, 'pi_effective_rank': 3, 'pi_use_sigma': 1, 'pi_tolerance': 0.001}
ARGS
{'rank': 1, 'num_nodes': 4, 'backend': 'gloo', 'dist_url': 'tcp://10.245.10.112:8998', 'master_port': '8998', 'master_addr': '10.245.10.112', 'lr': 0.001, 'batch_size': 31, 'epochs': 101, 'name': 'nn=4-be=gloo-lr=0.001-bs=31-ep=101-dm=rankdad-nf=10-mo=icalstm-ma=[]-mk={}-da=hcp_gender-cr=CrossEntropyLoss-optimizer=Adam-sc=None-k=0-N=-1-pini=1-pief=3-pius=1-pito=0.001', 'log_dir': 'logs', 'distributed_mode': 'rankdad', 'num_folds': 10, 'model': 'icalstm', 'model_args': '[]', 'model_kwargs': '{}', 'dataset': 'hcp_gender', 'criterion': 'CrossEntropyLoss', 'optimizer': 'Adam', 'scheduler': 'None', 'k': 0, 'N': -1, 'pi_numiterations': 1, 'pi_effective_rank': 3, 'pi_use_sigma': 1, 'pi_tolerance': 0.001}
Model kwargs {}
Len train full 749
Len Valid  84
Len Train  187
train (1/101) _timer/_fps: 951.4363752881948 | _timer/batch_time: 1.5280749797821045 | _timer/data_time: 0.02659773826599121 | _timer/model_time: 1.5014369487762451 | accuracy01: 0.5268816997607549 | accuracy01/std: 0.09998545778585988 | cumulative_runtime: 0.11443197727203369 | loss: 0.6874842246373494
valid (1/101) _timer/_fps: 1806.4083090336308 | _timer/batch_time: 0.0686638355255127 | _timer/data_time: 0.006365060806274414 | _timer/model_time: 0.06228756904602051 | accuracy01: 0.4838709533214569 | accuracy01/std: 0.0 | cumulative_runtime: nan | loss: 0.694266676902771
* Epoch (1/101) 
train (2/101) _timer/_fps: 1132.9008608631002 | _timer/batch_time: 0.9882776737213135 | _timer/data_time: 0.020995616912841797 | _timer/model_time: 0.9672434329986572 | accuracy01: 0.6182795464992523 | accuracy01/std: 0.07793469530096861 | cumulative_runtime: 0.04122034708658854 | loss: 0.6448283990224202
valid (2/101) _timer/_fps: 1816.2531579733336 | _timer/batch_time: 0.06828784942626953 | _timer/data_time: 0.006172657012939453 | _timer/model_time: 0.0621037483215332 | accuracy01: 0.5322580635547638 | accuracy01/std: 0.08130351266070188 | cumulative_runtime: nan | loss: 0.6982167959213257
* Epoch (2/101) 
train (3/101) _timer/_fps: 1157.9663182360193 | _timer/batch_time: 0.9637665748596191 | _timer/data_time: 0.01953125 | _timer/model_time: 0.9441967010498047 | accuracy01: 0.6666666567325592 | accuracy01/std: 0.08068293508016215 | cumulative_runtime: 0.03718487421671549 | loss: 0.6309268275896709
valid (3/101) _timer/_fps: 1806.6186846088822 | _timer/batch_time: 0.0686502456665039 | _timer/data_time: 0.006215572357177734 | _timer/model_time: 0.062422990798950195 | accuracy01: 0.5161290019750595 | accuracy01/std: 0.03252138403235327 | cumulative_runtime: nan | loss: 0.6840780377388
* Epoch (3/101) 
train (4/101) _timer/_fps: 1154.2710040435265 | _timer/batch_time: 0.9668653011322021 | _timer/data_time: 0.02051067352294922 | _timer/model_time: 0.9463138580322266 | accuracy01: 0.6559139490127563 | accuracy01/std: 0.08489525934522102 | cumulative_runtime: 0.03719043731689453 | loss: 0.6077372829119364
valid (4/101) _timer/_fps: 1794.9619475520753 | _timer/batch_time: 0.0691077709197998 | _timer/data_time: 0.006611347198486328 | _timer/model_time: 0.062484025955200195 | accuracy01: 0.5322580337524414 | accuracy01/std: 0.016260684504773963 | cumulative_runtime: nan | loss: 0.7080020904541016
* Epoch (4/101) 
train (5/101) _timer/_fps: 1161.4964031245665 | _timer/batch_time: 0.960864782333374 | _timer/data_time: 0.019708633422851562 | _timer/model_time: 0.9411196708679199 | accuracy01: 0.7419354518254597 | accuracy01/std: 0.04574292153900262 | cumulative_runtime: 0.036958138147989913 | loss: 0.5678522686163585
valid (5/101) _timer/_fps: 1810.4576344983739 | _timer/batch_time: 0.06850004196166992 | _timer/data_time: 0.006469011306762695 | _timer/model_time: 0.06201982498168945 | accuracy01: 0.4516128897666931 | accuracy01/std: 0.03252139905515861 | cumulative_runtime: nan | loss: 0.7874729931354523
* Epoch (5/101) 
train (6/101) _timer/_fps: 1158.9597295382373 | _timer/batch_time: 0.9629735946655273 | _timer/data_time: 0.019565820693969727 | _timer/model_time: 0.9433627128601074 | accuracy01: 0.774193525314331 | accuracy01/std: 0.1151171502065721 | cumulative_runtime: 0.037322680155436196 | loss: 0.5486004650592804
valid (6/101) _timer/_fps: 1806.4463074932905 | _timer/batch_time: 0.06865954399108887 | _timer/data_time: 0.006251811981201172 | _timer/model_time: 0.06239581108093262 | accuracy01: 0.4516128748655319 | accuracy01/std: 0.0975641821426705 | cumulative_runtime: nan | loss: 0.7662749886512756
* Epoch (6/101) 
train (7/101) _timer/_fps: 1159.278648770458 | _timer/batch_time: 0.9626979827880859 | _timer/data_time: 0.019657135009765625 | _timer/model_time: 0.9430019855499268 | accuracy01: 0.8225806057453156 | accuracy01/std: 0.05523981850044105 | cumulative_runtime: 0.036918441454569496 | loss: 0.5071738511323929
valid (7/101) _timer/_fps: 1809.8863657080606 | _timer/batch_time: 0.0685267448425293 | _timer/data_time: 0.006195783615112305 | _timer/model_time: 0.06231880187988281 | accuracy01: 0.4838709384202957 | accuracy01/std: 0.06504278308751188 | cumulative_runtime: nan | loss: 0.7705930173397064
* Epoch (7/101) 
train (8/101) _timer/_fps: 1158.7946547200215 | _timer/batch_time: 0.9630916118621826 | _timer/data_time: 0.01945328712463379 | _timer/model_time: 0.9435901641845703 | accuracy01: 0.8279569645722707 | accuracy01/std: 0.08068294173557997 | cumulative_runtime: 0.03729406992594401 | loss: 0.4901323815186818
valid (8/101) _timer/_fps: 1813.39636712004 | _timer/batch_time: 0.06839513778686523 | _timer/data_time: 0.006177425384521484 | _timer/model_time: 0.06220507621765137 | accuracy01: 0.5645161271095276 | accuracy01/std: 0.04878211360554326 | cumulative_runtime: nan | loss: 0.7506286203861237
* Epoch (8/101) 
train (9/101) _timer/_fps: 1152.9145470778494 | _timer/batch_time: 0.9680187702178955 | _timer/data_time: 0.019472360610961914 | _timer/model_time: 0.9485068321228027 | accuracy01: 0.8172042767206827 | accuracy01/std: 0.04034146487791909 | cumulative_runtime: 0.0381847620010376 | loss: 0.4881776124238968
valid (9/101) _timer/_fps: 1783.9655009818612 | _timer/batch_time: 0.0695347785949707 | _timer/data_time: 0.007360935211181641 | _timer/model_time: 0.06216239929199219 | accuracy01: 0.4516128897666931 | accuracy01/std: 0.06504279811031723 | cumulative_runtime: nan | loss: 0.8168464004993439
* Epoch (9/101) 
train (10/101) _timer/_fps: 1159.1698607072542 | _timer/batch_time: 0.9627912044525146 | _timer/data_time: 0.020020484924316406 | _timer/model_time: 0.9427309036254883 | accuracy01: 0.8010752598444622 | accuracy01/std: 0.08438023627907335 | cumulative_runtime: 0.03731830914815267 | loss: 0.5175590018431345
valid (10/101) _timer/_fps: 1814.096491248516 | _timer/batch_time: 0.06837129592895508 | _timer/data_time: 0.006292819976806641 | _timer/model_time: 0.06206703186035156 | accuracy01: 0.5806451439857483 | accuracy01/std: 0.03252142910076931 | cumulative_runtime: nan | loss: 0.7096937000751495
* Epoch (10/101) 
train (11/101) _timer/_fps: 1162.240658673266 | _timer/batch_time: 0.960268497467041 | _timer/data_time: 0.019776344299316406 | _timer/model_time: 0.9404540061950684 | accuracy01: 0.8010752499103546 | accuracy01/std: 0.05730558643876368 | cumulative_runtime: 0.03698249657948812 | loss: 0.49343795080979663
valid (11/101) _timer/_fps: 1806.3666586907975 | _timer/batch_time: 0.06866288185119629 | _timer/data_time: 0.006270170211791992 | _timer/model_time: 0.062380313873291016 | accuracy01: 0.5645160973072052 | accuracy01/std: 0.016260714550384654 | cumulative_runtime: nan | loss: 0.740750789642334
* Epoch (11/101) 
train (12/101) _timer/_fps: 1161.4558473484913 | _timer/batch_time: 0.9608790874481201 | _timer/data_time: 0.01951313018798828 | _timer/model_time: 0.9413285255432129 | accuracy01: 0.795698901017507 | accuracy01/std: 0.06378546163205434 | cumulative_runtime: 0.037179032961527504 | loss: 0.4913465181986491
valid (12/101) _timer/_fps: 1814.1682053903546 | _timer/batch_time: 0.06836700439453125 | _timer/data_time: 0.0061855316162109375 | _timer/model_time: 0.062169790267944336 | accuracy01: 0.5645161122083664 | accuracy01/std: 0.08130349763789653 | cumulative_runtime: nan | loss: 0.7456639409065247
* Epoch (12/101) 
train (13/101) _timer/_fps: 1162.6998915895394 | _timer/batch_time: 0.9598746299743652 | _timer/data_time: 0.01945042610168457 | _timer/model_time: 0.9403860569000244 | accuracy01: 0.8225806256135304 | accuracy01/std: 0.07867693343253088 | cumulative_runtime: 0.03700284163157145 | loss: 0.47286948064963025
valid (13/101) _timer/_fps: 1816.149714120525 | _timer/batch_time: 0.06829190254211426 | _timer/data_time: 0.00614166259765625 | _timer/model_time: 0.06213784217834473 | accuracy01: 0.4193548262119293 | accuracy01/std: 0.06504279811031723 | cumulative_runtime: nan | loss: 0.8555535972118378
* Epoch (13/101) 
train (14/101) _timer/_fps: 1165.1961667506512 | _timer/batch_time: 0.9577970504760742 | _timer/data_time: 0.019428014755249023 | _timer/model_time: 0.9383306503295898 | accuracy01: 0.7634408374627432 | accuracy01/std: 0.12757090558522577 | cumulative_runtime: 0.03661163647969564 | loss: 0.5345302472511927
valid (14/101) _timer/_fps: 1809.5348656728324 | _timer/batch_time: 0.0685415267944336 | _timer/data_time: 0.006194591522216797 | _timer/model_time: 0.06233572959899902 | accuracy01: 0.4516128748655319 | accuracy01/std: 0.0975641821426705 | cumulative_runtime: nan | loss: 0.855269581079483
* Epoch (14/101) 
train (15/101) _timer/_fps: 1154.278058258659 | _timer/batch_time: 0.9673581123352051 | _timer/data_time: 0.020551443099975586 | _timer/model_time: 0.9467689990997314 | accuracy01: 0.6827956835428873 | accuracy01/std: 0.10795177509953392 | cumulative_runtime: 0.038039962450663246 | loss: 0.6090513865152996
valid (15/101) _timer/_fps: 1794.4371567617977 | _timer/batch_time: 0.06911945343017578 | _timer/data_time: 0.006734132766723633 | _timer/model_time: 0.06237292289733887 | accuracy01: 0.4354838579893112 | accuracy01/std: 0.04878209858273792 | cumulative_runtime: nan | loss: 0.8599983155727386
* Epoch (15/101) 
train (16/101) _timer/_fps: 1163.1958634363443 | _timer/batch_time: 0.9594385623931885 | _timer/data_time: 0.01977372169494629 | _timer/model_time: 0.9396259784698486 | accuracy01: 0.6612902979056041 | accuracy01/std: 0.1035549328581907 | cumulative_runtime: 0.036570072174072266 | loss: 0.6355368494987488
valid (16/101) _timer/_fps: 1810.856807347954 | _timer/batch_time: 0.06849265098571777 | _timer/data_time: 0.006373405456542969 | _timer/model_time: 0.06210732460021973 | accuracy01: 0.5161290019750595 | accuracy01/std: 0.16260698025298773 | cumulative_runtime: nan | loss: 0.7719469666481018
* Epoch (16/101) 
train (17/101) _timer/_fps: 1163.326594534615 | _timer/batch_time: 0.9593617916107178 | _timer/data_time: 0.019623756408691406 | _timer/model_time: 0.9397010803222656 | accuracy01: 0.7096773982048035 | accuracy01/std: 0.08557718142913381 | cumulative_runtime: 0.03653105099995931 | loss: 0.5893890211979549
valid (17/101) _timer/_fps: 1808.3663315045724 | _timer/batch_time: 0.06858229637145996 | _timer/data_time: 0.00622105598449707 | _timer/model_time: 0.062349557876586914 | accuracy01: 0.4999999701976776 | accuracy01/std: 0.048782083559932576 | cumulative_runtime: nan | loss: 0.8009761273860931
* Epoch (17/101) 
train (18/101) _timer/_fps: 1155.22564798639 | _timer/batch_time: 0.9662008285522461 | _timer/data_time: 0.01947784423828125 | _timer/model_time: 0.9466826915740967 | accuracy01: 0.7419354617595673 | accuracy01/std: 0.07469786513686415 | cumulative_runtime: 0.03802557786305746 | loss: 0.5687784800926844
valid (18/101) _timer/_fps: 1818.5498347237767 | _timer/batch_time: 0.06819963455200195 | _timer/data_time: 0.006150245666503906 | _timer/model_time: 0.06203651428222656 | accuracy01: 0.4999999701976776 | accuracy01/std: 0.048782083559932576 | cumulative_runtime: nan | loss: 0.7959219813346863
* Epoch (18/101) 
train (19/101) _timer/_fps: 1165.5152180099703 | _timer/batch_time: 0.9575319290161133 | _timer/data_time: 0.019741535186767578 | _timer/model_time: 0.9377527236938477 | accuracy01: 0.7956989109516144 | accuracy01/std: 0.08068291910715417 | cumulative_runtime: 0.036521991093953446 | loss: 0.5045336186885834
valid (19/101) _timer/_fps: 1819.1895724140027 | _timer/batch_time: 0.0681769847869873 | _timer/data_time: 0.006155490875244141 | _timer/model_time: 0.06200981140136719 | accuracy01: 0.5645161122083664 | accuracy01/std: 0.08130349763789653 | cumulative_runtime: nan | loss: 0.7393758296966553
* Epoch (19/101) 
train (20/101) _timer/_fps: 1146.5374266369504 | _timer/batch_time: 0.9747509956359863 | _timer/data_time: 0.019593238830566406 | _timer/model_time: 0.9551208019256592 | accuracy01: 0.8172042667865753 | accuracy01/std: 0.07151777035897107 | cumulative_runtime: 0.03939481576283773 | loss: 0.4873597671588262
valid (20/101) _timer/_fps: 1812.120342535535 | _timer/batch_time: 0.06844258308410645 | _timer/data_time: 0.0062139034271240234 | _timer/model_time: 0.062216997146606445 | accuracy01: 0.5483870804309845 | accuracy01/std: 0.09756419716547585 | cumulative_runtime: nan | loss: 0.7665817141532898
* Epoch (20/101) 
train (21/101) _timer/_fps: 1160.4160834344239 | _timer/batch_time: 0.9618887901306152 | _timer/data_time: 0.019427061080932617 | _timer/model_time: 0.942425012588501 | accuracy01: 0.7688171764214834 | accuracy01/std: 0.0822878240846682 | cumulative_runtime: 0.037075956662495926 | loss: 0.5234344700972239
valid (21/101) _timer/_fps: 1803.9353020262035 | _timer/batch_time: 0.06876087188720703 | _timer/data_time: 0.00643467903137207 | _timer/model_time: 0.062314748764038086 | accuracy01: 0.5806451290845871 | accuracy01/std: 0.0975641821426705 | cumulative_runtime: nan | loss: 0.734937459230423
* Epoch (21/101) 
train (22/101) _timer/_fps: 1165.981761598865 | _timer/batch_time: 0.9571423530578613 | _timer/data_time: 0.019465208053588867 | _timer/model_time: 0.9376401901245117 | accuracy01: 0.7150537272294363 | accuracy01/std: 0.094147234280558 | cumulative_runtime: 0.03642404079437256 | loss: 0.5725577225287756
valid (22/101) _timer/_fps: 1809.5936596483125 | _timer/batch_time: 0.06853842735290527 | _timer/data_time: 0.0062046051025390625 | _timer/model_time: 0.06232190132141113 | accuracy01: 0.5645161271095276 | accuracy01/std: 0.04878211360554326 | cumulative_runtime: nan | loss: 0.7659415006637573
* Epoch (22/101) 
train (23/101) _timer/_fps: 1164.3842291841383 | _timer/batch_time: 0.9585394859313965 | _timer/data_time: 0.01938343048095703 | _timer/model_time: 0.9391179084777832 | accuracy01: 0.7204300761222839 | accuracy01/std: 0.08489527452567906 | cumulative_runtime: 0.036881208419799805 | loss: 0.592354600628217
valid (23/101) _timer/_fps: 1808.9164173088363 | _timer/batch_time: 0.06856513023376465 | _timer/data_time: 0.006197929382324219 | _timer/model_time: 0.06235623359680176 | accuracy01: 0.4999999850988388 | accuracy01/std: 0.016260699527579307 | cumulative_runtime: nan | loss: 0.8021750152111053
* Epoch (23/101) 
train (24/101) _timer/_fps: 1163.5479925146824 | _timer/batch_time: 0.9591488838195801 | _timer/data_time: 0.019491910934448242 | _timer/model_time: 0.9396176338195801 | accuracy01: 0.7043010493119558 | accuracy01/std: 0.06840227895356021 | cumulative_runtime: 0.03685847918192545 | loss: 0.5979808767636617
valid (24/101) _timer/_fps: 1815.6923144165316 | _timer/batch_time: 0.06830787658691406 | _timer/data_time: 0.00616765022277832 | _timer/model_time: 0.06212782859802246 | accuracy01: 0.4999999850988388 | accuracy01/std: 0.016260699527579307 | cumulative_runtime: nan | loss: 0.8051431179046631
* Epoch (24/101) 
train (25/101) _timer/_fps: 1165.8926213806153 | _timer/batch_time: 0.957221508026123 | _timer/data_time: 0.019692420959472656 | _timer/model_time: 0.9374911785125732 | accuracy01: 0.661290297905604 | accuracy01/std: 0.07867692933746066 | cumulative_runtime: 0.03662010033925374 | loss: 0.6317391296227773
valid (25/101) _timer/_fps: 1810.945579291435 | _timer/batch_time: 0.06849074363708496 | _timer/data_time: 0.0061724185943603516 | _timer/model_time: 0.06230616569519043 | accuracy01: 0.5161290168762207 | accuracy01/std: 0.0 | cumulative_runtime: nan | loss: 0.7882708609104156
* Epoch (25/101) 
train (26/101) _timer/_fps: 1161.769260246099 | _timer/batch_time: 0.9606900215148926 | _timer/data_time: 0.019458532333374023 | _timer/model_time: 0.9411957263946533 | accuracy01: 0.7150537470976512 | accuracy01/std: 0.06840227895356019 | cumulative_runtime: 0.037051637967427574 | loss: 0.5998987555503845
valid (26/101) _timer/_fps: 1816.5654018574055 | _timer/batch_time: 0.06827473640441895 | _timer/data_time: 0.006168365478515625 | _timer/model_time: 0.06209444999694824 | accuracy01: 0.5322580337524414 | accuracy01/std: 0.016260684504773963 | cumulative_runtime: nan | loss: 0.772610604763031
* Epoch (26/101) 
train (27/101) _timer/_fps: 1146.5458026574279 | _timer/batch_time: 0.9743666648864746 | _timer/data_time: 0.019526243209838867 | _timer/model_time: 0.9548032283782959 | accuracy01: 0.7419354617595673 | accuracy01/std: 0.052819370028333174 | cumulative_runtime: 0.039435744285583496 | loss: 0.5589469770590465
valid (27/101) _timer/_fps: 1816.6735338310086 | _timer/batch_time: 0.06827092170715332 | _timer/data_time: 0.0061492919921875 | _timer/model_time: 0.06210923194885254 | accuracy01: 0.4354838579893112 | accuracy01/std: 0.016260699527579307 | cumulative_runtime: nan | loss: 0.8508480489253998
* Epoch (27/101) 
train (28/101) _timer/_fps: 1156.8523486972185 | _timer/batch_time: 0.9648406505584717 | _timer/data_time: 0.020429611206054688 | _timer/model_time: 0.9443717002868652 | accuracy01: 0.7419354518254597 | accuracy01/std: 0.05905385777580879 | cumulative_runtime: 0.03764021396636963 | loss: 0.568995013833046
valid (28/101) _timer/_fps: 1814.761898411657 | _timer/batch_time: 0.0683436393737793 | _timer/data_time: 0.006378173828125 | _timer/model_time: 0.06195425987243652 | accuracy01: 0.4354838579893112 | accuracy01/std: 0.016260699527579307 | cumulative_runtime: nan | loss: 0.8391072452068329
* Epoch (28/101) 
train (29/101) _timer/_fps: 1166.9090060945696 | _timer/batch_time: 0.9563930034637451 | _timer/data_time: 0.019738197326660156 | _timer/model_time: 0.9366161823272705 | accuracy01: 0.774193525314331 | accuracy01/std: 0.06987347604232229 | cumulative_runtime: 0.03647661209106445 | loss: 0.5363780409097672
valid (29/101) _timer/_fps: 1814.8873509766531 | _timer/batch_time: 0.06833720207214355 | _timer/data_time: 0.006275653839111328 | _timer/model_time: 0.06205034255981445 | accuracy01: 0.5161290168762207 | accuracy01/std: 0.06504279811031723 | cumulative_runtime: nan | loss: 0.772822231054306
* Epoch (29/101) 
train (30/101) _timer/_fps: 1162.9780393814794 | _timer/batch_time: 0.9596407413482666 | _timer/data_time: 0.01974797248840332 | _timer/model_time: 0.9398517608642578 | accuracy01: 0.7580644885698955 | accuracy01/std: 0.03616294804141673 | cumulative_runtime: 0.03646838665008545 | loss: 0.5483966867129008
valid (30/101) _timer/_fps: 1806.751371020054 | _timer/batch_time: 0.06865119934082031 | _timer/data_time: 0.006272077560424805 | _timer/model_time: 0.06236743927001953 | accuracy01: 0.5322580486536026 | accuracy01/std: 0.04878209858273792 | cumulative_runtime: nan | loss: 0.7830038964748383
* Epoch (30/101) 
train (31/101) _timer/_fps: 1164.390761430935 | _timer/batch_time: 0.9584753513336182 | _timer/data_time: 0.019465923309326172 | _timer/model_time: 0.9389708042144775 | accuracy01: 0.7473118007183075 | accuracy01/std: 0.04730455441610016 | cumulative_runtime: 0.03629442056020101 | loss: 0.5544287463029225
valid (31/101) _timer/_fps: 1804.4097404968334 | _timer/batch_time: 0.06874370574951172 | _timer/data_time: 0.0063745975494384766 | _timer/model_time: 0.06235766410827637 | accuracy01: 0.5483870804309845 | accuracy01/std: 0.03252139905515861 | cumulative_runtime: nan | loss: 0.7506544291973114
* Epoch (31/101) 
train (32/101) _timer/_fps: 1162.88085357153 | _timer/batch_time: 0.959719181060791 | _timer/data_time: 0.01943659782409668 | _timer/model_time: 0.9402453899383545 | accuracy01: 0.725806434949239 | accuracy01/std: 0.08086283797797635 | cumulative_runtime: 0.03701345125834147 | loss: 0.5788300037384033
valid (32/101) _timer/_fps: 1807.1890618985472 | _timer/batch_time: 0.06863689422607422 | _timer/data_time: 0.0064470767974853516 | _timer/model_time: 0.06217837333679199 | accuracy01: 0.5645160973072052 | accuracy01/std: 0.1138248816702498 | cumulative_runtime: nan | loss: 0.7298919558525085
* Epoch (32/101) 
train (33/101) _timer/_fps: 1158.8206595922409 | _timer/batch_time: 0.9631409645080566 | _timer/data_time: 0.019408464431762695 | _timer/model_time: 0.9436948299407959 | accuracy01: 0.6666666368643442 | accuracy01/std: 0.0241086320276141 | cumulative_runtime: 0.037493109703063965 | loss: 0.6360038618246714
valid (33/101) _timer/_fps: 1815.2848494937434 | _timer/batch_time: 0.06832504272460938 | _timer/data_time: 0.006194353103637695 | _timer/model_time: 0.0621180534362793 | accuracy01: 0.5322580635547638 | accuracy01/std: 0.08130351266070188 | cumulative_runtime: nan | loss: 0.7592049241065979
* Epoch (33/101) 
train (34/101) _timer/_fps: 1166.1984507176705 | _timer/batch_time: 0.9570024013519287 | _timer/data_time: 0.019370555877685547 | _timer/model_time: 0.9375941753387451 | accuracy01: 0.6182795464992523 | accuracy01/std: 0.10128497018191832 | cumulative_runtime: 0.03654261430104574 | loss: 0.6758192479610443
valid (34/101) _timer/_fps: 1812.6565600418248 | _timer/batch_time: 0.06842470169067383 | _timer/data_time: 0.006199359893798828 | _timer/model_time: 0.062212467193603516 | accuracy01: 0.4999999850988388 | accuracy01/std: 0.08130349763789653 | cumulative_runtime: nan | loss: 0.7820258736610413
* Epoch (34/101) 
train (35/101) _timer/_fps: 1169.3029868433748 | _timer/batch_time: 0.954425573348999 | _timer/data_time: 0.019411563873291016 | _timer/model_time: 0.9349761009216309 | accuracy01: 0.6129031976064045 | accuracy01/std: 0.04940799569269789 | cumulative_runtime: 0.036108811696370445 | loss: 0.6807330648104349
valid (35/101) _timer/_fps: 1817.6804952334014 | _timer/batch_time: 0.06823182106018066 | _timer/data_time: 0.006161212921142578 | _timer/model_time: 0.0620579719543457 | accuracy01: 0.5161290168762207 | accuracy01/std: 0.06504279811031723 | cumulative_runtime: nan | loss: 0.7990076243877411
* Epoch (35/101) 
train (36/101) _timer/_fps: 1167.414560639049 | _timer/batch_time: 0.9559764862060547 | _timer/data_time: 0.019615888595581055 | _timer/model_time: 0.9363217353820801 | accuracy01: 0.6397849222024282 | accuracy01/std: 0.03451829954474719 | cumulative_runtime: 0.03636364142100016 | loss: 0.661410003900528
valid (36/101) _timer/_fps: 1814.186420165147 | _timer/batch_time: 0.06836509704589844 | _timer/data_time: 0.006149768829345703 | _timer/model_time: 0.06220293045043945 | accuracy01: 0.5806451439857483 | accuracy01/std: 0.0 | cumulative_runtime: nan | loss: 0.7346600592136383
* Epoch (36/101) 
train (37/101) _timer/_fps: 1161.4054789030151 | _timer/batch_time: 0.9609458446502686 | _timer/data_time: 0.01956629753112793 | _timer/model_time: 0.941342830657959 | accuracy01: 0.6774193346500397 | accuracy01/std: 0.052819370028333174 | cumulative_runtime: 0.03737119833628337 | loss: 0.6319737136363983
valid (37/101) _timer/_fps: 1811.699973089495 | _timer/batch_time: 0.06845927238464355 | _timer/data_time: 0.0061986446380615234 | _timer/model_time: 0.06224870681762695 | accuracy01: 0.5483870953321457 | accuracy01/std: 0.06504281313312257 | cumulative_runtime: nan | loss: 0.7517633140087128
* Epoch (37/101) 
train (38/101) _timer/_fps: 1167.1462005361564 | _timer/batch_time: 0.9562187194824219 | _timer/data_time: 0.019591569900512695 | _timer/model_time: 0.9365880489349365 | accuracy01: 0.7473118007183075 | accuracy01/std: 0.1187212746221212 | cumulative_runtime: 0.036435445149739586 | loss: 0.5679922252893448
valid (38/101) _timer/_fps: 1816.5177157821422 | _timer/batch_time: 0.06827831268310547 | _timer/data_time: 0.0061719417572021484 | _timer/model_time: 0.062094688415527344 | accuracy01: 0.5967741757631302 | accuracy01/std: 0.11382489669305515 | cumulative_runtime: nan | loss: 0.7201152741909027
* Epoch (38/101) 
train (39/101) _timer/_fps: 1159.753929922556 | _timer/batch_time: 0.9622936248779297 | _timer/data_time: 0.01942276954650879 | _timer/model_time: 0.9428319931030273 | accuracy01: 0.7473118007183075 | accuracy01/std: 0.07090564110540189 | cumulative_runtime: 0.03736007213592529 | loss: 0.5605947921673456
valid (39/101) _timer/_fps: 1810.8073376512584 | _timer/batch_time: 0.06848978996276855 | _timer/data_time: 0.006153106689453125 | _timer/model_time: 0.06232500076293945 | accuracy01: 0.6290322542190552 | accuracy01/std: 0.016260684504773963 | cumulative_runtime: nan | loss: 0.6700809299945831
* Epoch (39/101) 
train (40/101) _timer/_fps: 1159.5340919395246 | _timer/batch_time: 0.9624795913696289 | _timer/data_time: 0.019385337829589844 | _timer/model_time: 0.9430546760559082 | accuracy01: 0.81182794769605 | accuracy01/std: 0.0630983336770188 | cumulative_runtime: 0.037426670392354325 | loss: 0.49994468688964844
valid (40/101) _timer/_fps: 1807.9683065546592 | _timer/batch_time: 0.06860017776489258 | _timer/data_time: 0.006173372268676758 | _timer/model_time: 0.06241440773010254 | accuracy01: 0.5645161271095276 | accuracy01/std: 0.04878211360554326 | cumulative_runtime: nan | loss: 0.7269017994403839
* Epoch (40/101) 
train (41/101) _timer/_fps: 1168.2267920744378 | _timer/batch_time: 0.9553155899047852 | _timer/data_time: 0.019385337829589844 | _timer/model_time: 0.9358916282653809 | accuracy01: 0.8172042767206827 | accuracy01/std: 0.06646294351410158 | cumulative_runtime: 0.03630193074544271 | loss: 0.48176764945189154
valid (41/101) _timer/_fps: 1808.5405326297073 | _timer/batch_time: 0.06858325004577637 | _timer/data_time: 0.006154775619506836 | _timer/model_time: 0.06241726875305176 | accuracy01: 0.4838709533214569 | accuracy01/std: 0.03252139905515861 | cumulative_runtime: nan | loss: 0.8130667209625244
* Epoch (41/101) 
train (42/101) _timer/_fps: 1150.1565822884015 | _timer/batch_time: 0.9708776473999023 | _timer/data_time: 0.019558191299438477 | _timer/model_time: 0.9512736797332764 | accuracy01: 0.8064515988032024 | accuracy01/std: 0.06193621375577289 | cumulative_runtime: 0.038856069246927895 | loss: 0.5082460443178812
valid (42/101) _timer/_fps: 1803.6488720188831 | _timer/batch_time: 0.06878900527954102 | _timer/data_time: 0.0068819522857666016 | _timer/model_time: 0.06189465522766113 | accuracy01: 0.5161290168762207 | accuracy01/std: 0.0 | cumulative_runtime: nan | loss: 0.7839474678039551
* Epoch (42/101) 
train (43/101) _timer/_fps: 1168.5834379990042 | _timer/batch_time: 0.9550485610961914 | _timer/data_time: 0.01952362060546875 | _timer/model_time: 0.935478925704956 | accuracy01: 0.7903225521246592 | accuracy01/std: 0.02470399784634895 | cumulative_runtime: 0.036830266316731766 | loss: 0.5065574993689855
valid (43/101) _timer/_fps: 1819.5157774783238 | _timer/batch_time: 0.06816315650939941 | _timer/data_time: 0.006156444549560547 | _timer/model_time: 0.061994314193725586 | accuracy01: 0.5806451439857483 | accuracy01/std: 0.0 | cumulative_runtime: nan | loss: 0.7384836971759796
* Epoch (43/101) 
train (44/101) _timer/_fps: 1160.4167757533755 | _timer/batch_time: 0.9617493152618408 | _timer/data_time: 0.019410133361816406 | _timer/model_time: 0.9422996044158936 | accuracy01: 0.774193525314331 | accuracy01/std: 0.05905386868745253 | cumulative_runtime: 0.03774730364481608 | loss: 0.5353354116280874
valid (44/101) _timer/_fps: 1807.4466609386727 | _timer/batch_time: 0.06864619255065918 | _timer/data_time: 0.0069582462310791016 | _timer/model_time: 0.0616757869720459 | accuracy01: 0.5645161271095276 | accuracy01/std: 0.04878211360554326 | cumulative_runtime: nan | loss: 0.7584170997142792
* Epoch (44/101) 
train (45/101) _timer/_fps: 1160.4193912604824 | _timer/batch_time: 0.9617516994476318 | _timer/data_time: 0.019367218017578125 | _timer/model_time: 0.9423460960388184 | accuracy01: 0.763440857330958 | accuracy01/std: 0.03575887466782803 | cumulative_runtime: 0.037761688232421875 | loss: 0.5291408201058706
valid (45/101) _timer/_fps: 1826.3708019537125 | _timer/batch_time: 0.06790781021118164 | _timer/data_time: 0.006151676177978516 | _timer/model_time: 0.06174325942993164 | accuracy01: 0.4999999701976776 | accuracy01/std: 0.048782083559932576 | cumulative_runtime: nan | loss: 0.793882817029953
* Epoch (45/101) 
train (46/101) _timer/_fps: 1160.834254811552 | _timer/batch_time: 0.9613940715789795 | _timer/data_time: 0.019453048706054688 | _timer/model_time: 0.9419019222259521 | accuracy01: 0.7849462131659191 | accuracy01/std: 0.08692492501834392 | cumulative_runtime: 0.037716706593831376 | loss: 0.5238722016414007
valid (46/101) _timer/_fps: 1826.165504514159 | _timer/batch_time: 0.06791973114013672 | _timer/data_time: 0.006150484085083008 | _timer/model_time: 0.06175732612609863 | accuracy01: 0.4193548262119293 | accuracy01/std: 0.03252139905515861 | cumulative_runtime: nan | loss: 0.868269145488739
* Epoch (46/101) 
train (47/101) _timer/_fps: 1157.9463041222484 | _timer/batch_time: 0.9638087749481201 | _timer/data_time: 0.020263195037841797 | _timer/model_time: 0.9435060024261475 | accuracy01: 0.7580644885698954 | accuracy01/std: 0.114737882009129 | cumulative_runtime: 0.037944118181864425 | loss: 0.5468467473983765
valid (47/101) _timer/_fps: 1813.5307894383423 | _timer/batch_time: 0.06839156150817871 | _timer/data_time: 0.006457328796386719 | _timer/model_time: 0.06192278861999512 | accuracy01: 0.467741921544075 | accuracy01/std: 0.016260699527579307 | cumulative_runtime: nan | loss: 0.8314325511455536
* Epoch (47/101) 
train (48/101) _timer/_fps: 1159.5257450019394 | _timer/batch_time: 0.9625797271728516 | _timer/data_time: 0.019511699676513672 | _timer/model_time: 0.9430294036865234 | accuracy01: 0.7795698642730713 | accuracy01/std: 0.05417741978290859 | cumulative_runtime: 0.037933548291524254 | loss: 0.5325034608443577
valid (48/101) _timer/_fps: 1811.1742655337189 | _timer/batch_time: 0.06848597526550293 | _timer/data_time: 0.006543159484863281 | _timer/model_time: 0.06192946434020996 | accuracy01: 0.5161290168762207 | accuracy01/std: 0.06504279811031723 | cumulative_runtime: nan | loss: 0.775614857673645
* Epoch (48/101) 
train (49/101) _timer/_fps: 1164.694485823152 | _timer/batch_time: 0.9581987857818604 | _timer/data_time: 0.019377708435058594 | _timer/model_time: 0.9387819766998291 | accuracy01: 0.7688171962896982 | accuracy01/std: 0.03451830265601428 | cumulative_runtime: 0.03726486365000407 | loss: 0.5368679563204448
valid (49/101) _timer/_fps: 1819.708819928892 | _timer/batch_time: 0.06815767288208008 | _timer/data_time: 0.006124734878540039 | _timer/model_time: 0.062021732330322266 | accuracy01: 0.5161290168762207 | accuracy01/std: 0.06504279811031723 | cumulative_runtime: nan | loss: 0.8037267029285431
* Epoch (49/101) 
train (50/101) _timer/_fps: 1156.1754179710906 | _timer/batch_time: 0.9653594493865967 | _timer/data_time: 0.019377470016479492 | _timer/model_time: 0.9459426403045654 | accuracy01: 0.8064515888690948 | accuracy01/std: 0.05281938222791912 | cumulative_runtime: 0.0384376843770345 | loss: 0.4992550114790599
valid (50/101) _timer/_fps: 1821.7217205344155 | _timer/batch_time: 0.06808352470397949 | _timer/data_time: 0.006159067153930664 | _timer/model_time: 0.06191301345825195 | accuracy01: 0.4354838579893112 | accuracy01/std: 0.04878209858273792 | cumulative_runtime: nan | loss: 0.8686151504516602
* Epoch (50/101) 
train (51/101) _timer/_fps: 1160.7579270187462 | _timer/batch_time: 0.9615154266357422 | _timer/data_time: 0.0195467472076416 | _timer/model_time: 0.9419295787811279 | accuracy01: 0.774193525314331 | accuracy01/std: 0.06987347604232229 | cumulative_runtime: 0.037207722663879395 | loss: 0.5342785914738973
valid (51/101) _timer/_fps: 1828.1630979028628 | _timer/batch_time: 0.06784296035766602 | _timer/data_time: 0.006170034408569336 | _timer/model_time: 0.06166219711303711 | accuracy01: 0.4193548262119293 | accuracy01/std: 0.0 | cumulative_runtime: nan | loss: 0.8870751261711121
* Epoch (51/101) 
train (52/101) _timer/_fps: 1163.6623019591404 | _timer/batch_time: 0.9590835571289062 | _timer/data_time: 0.01973247528076172 | _timer/model_time: 0.9393126964569092 | accuracy01: 0.8118279377619426 | accuracy01/std: 0.07090561308475651 | cumulative_runtime: 0.037213802337646484 | loss: 0.4937145411968231
valid (52/101) _timer/_fps: 1824.8029545648712 | _timer/batch_time: 0.06796598434448242 | _timer/data_time: 0.006197690963745117 | _timer/model_time: 0.06175684928894043 | accuracy01: 0.4354838579893112 | accuracy01/std: 0.08130349763789653 | cumulative_runtime: nan | loss: 0.8589892685413361
* Epoch (52/101) 
train (53/101) _timer/_fps: 1160.8896736818551 | _timer/batch_time: 0.9614450931549072 | _timer/data_time: 0.019609928131103516 | _timer/model_time: 0.9417943954467773 | accuracy01: 0.8494623303413391 | accuracy01/std: 0.04445413158648261 | cumulative_runtime: 0.037793477376302086 | loss: 0.46500736474990845
valid (53/101) _timer/_fps: 1819.6852306860717 | _timer/batch_time: 0.06815814971923828 | _timer/data_time: 0.006230354309082031 | _timer/model_time: 0.06191658973693848 | accuracy01: 0.467741921544075 | accuracy01/std: 0.11382489669305515 | cumulative_runtime: nan | loss: 0.842303454875946
* Epoch (53/101) 
train (54/101) _timer/_fps: 1159.792909953783 | _timer/batch_time: 0.9622881412506104 | _timer/data_time: 0.019379615783691406 | _timer/model_time: 0.9428713321685791 | accuracy01: 0.7903225620587667 | accuracy01/std: 0.05523982724921982 | cumulative_runtime: 0.038060545921325684 | loss: 0.5235788921515148
valid (54/101) _timer/_fps: 1827.4596101065192 | _timer/batch_time: 0.0678708553314209 | _timer/data_time: 0.0061168670654296875 | _timer/model_time: 0.06174182891845703 | accuracy01: 0.4999999701976776 | accuracy01/std: 0.048782083559932576 | cumulative_runtime: nan | loss: 0.8091959357261658
* Epoch (54/101) 
train (55/101) _timer/_fps: 1158.5527217641627 | _timer/batch_time: 0.9632823467254639 | _timer/data_time: 0.019463062286376953 | _timer/model_time: 0.9437785148620605 | accuracy01: 0.8118279278278351 | accuracy01/std: 0.0602715916511403 | cumulative_runtime: 0.03834231694539388 | loss: 0.4960103531678518
valid (55/101) _timer/_fps: 1833.2597211368707 | _timer/batch_time: 0.06764888763427734 | _timer/data_time: 0.006151437759399414 | _timer/model_time: 0.06148529052734375 | accuracy01: 0.5483870804309845 | accuracy01/std: 0.03252139905515861 | cumulative_runtime: nan | loss: 0.7647858262062073
* Epoch (55/101) 
train (56/101) _timer/_fps: 1166.6212856018096 | _timer/batch_time: 0.9566185474395752 | _timer/data_time: 0.019655227661132812 | _timer/model_time: 0.9369235038757324 | accuracy01: 0.8064515789349874 | accuracy01/std: 0.05905385777580879 | cumulative_runtime: 0.03695480028788249 | loss: 0.5012727876504263
valid (56/101) _timer/_fps: 1825.9929204826867 | _timer/batch_time: 0.06792449951171875 | _timer/data_time: 0.0061604976654052734 | _timer/model_time: 0.061753273010253906 | accuracy01: 0.4516128897666931 | accuracy01/std: 0.06504279811031723 | cumulative_runtime: nan | loss: 0.849465936422348
* Epoch (56/101) 
train (57/101) _timer/_fps: 1160.0100483142965 | _timer/batch_time: 0.962090015411377 | _timer/data_time: 0.019368886947631836 | _timer/model_time: 0.942681074142456 | accuracy01: 0.8279569645722707 | accuracy01/std: 0.09084831748901263 | cumulative_runtime: 0.038024465243021645 | loss: 0.4881662627061208
valid (57/101) _timer/_fps: 1829.2885737973138 | _timer/batch_time: 0.06779932975769043 | _timer/data_time: 0.00612187385559082 | _timer/model_time: 0.06166529655456543 | accuracy01: 0.467741921544075 | accuracy01/std: 0.04878209858273792 | cumulative_runtime: nan | loss: 0.845274955034256
* Epoch (57/101) 
train (58/101) _timer/_fps: 1164.5676622657609 | _timer/batch_time: 0.9583070278167725 | _timer/data_time: 0.019365787506103516 | _timer/model_time: 0.9389023780822754 | accuracy01: 0.7956988910833995 | accuracy01/std: 0.06903663642471466 | cumulative_runtime: 0.037250002225240074 | loss: 0.513236865401268
valid (58/101) _timer/_fps: 1822.3439245730883 | _timer/batch_time: 0.06805658340454102 | _timer/data_time: 0.006140947341918945 | _timer/model_time: 0.061904191970825195 | accuracy01: 0.5322580486536026 | accuracy01/std: 0.04878209858273792 | cumulative_runtime: nan | loss: 0.7784539759159088
* Epoch (58/101) 
train (59/101) _timer/_fps: 1162.3975014758096 | _timer/batch_time: 0.9600861072540283 | _timer/data_time: 0.01930379867553711 | _timer/model_time: 0.9407422542572021 | accuracy01: 0.7903225521246593 | accuracy01/std: 0.1443501681292012 | cumulative_runtime: 0.03762376308441162 | loss: 0.5205214768648148
valid (59/101) _timer/_fps: 1815.770743918868 | _timer/batch_time: 0.06831669807434082 | _timer/data_time: 0.006420612335205078 | _timer/model_time: 0.06188392639160156 | accuracy01: 0.5645161271095276 | accuracy01/std: 0.04878211360554326 | cumulative_runtime: nan | loss: 0.7536939680576324
* Epoch (59/101) 
train (60/101) _timer/_fps: 1162.0567559980234 | _timer/batch_time: 0.9604182243347168 | _timer/data_time: 0.01930546760559082 | _timer/model_time: 0.9410731792449951 | accuracy01: 0.7688171664873759 | accuracy01/std: 0.07793468772184395 | cumulative_runtime: 0.037697831789652504 | loss: 0.5443925211826961
valid (60/101) _timer/_fps: 1829.0362032094085 | _timer/batch_time: 0.0678102970123291 | _timer/data_time: 0.006143093109130859 | _timer/model_time: 0.061655521392822266 | accuracy01: 0.5806451439857483 | accuracy01/std: 0.06504279811031723 | cumulative_runtime: nan | loss: 0.7374545335769653
* Epoch (60/101) 
train (61/101) _timer/_fps: 1105.8224582144967 | _timer/batch_time: 1.0271151065826416 | _timer/data_time: 0.019371747970581055 | _timer/model_time: 1.0077037811279297 | accuracy01: 0.7580644985040028 | accuracy01/std: 0.08086282004832084 | cumulative_runtime: 0.037102739016215004 | loss: 0.5541748354832332
valid (61/101) _timer/_fps: 1828.2742398855357 | _timer/batch_time: 0.067840576171875 | _timer/data_time: 0.006145954132080078 | _timer/model_time: 0.06168365478515625 | accuracy01: 0.5322580635547638 | accuracy01/std: 0.08130351266070188 | cumulative_runtime: nan | loss: 0.7698776423931122
* Epoch (61/101) 
train (62/101) _timer/_fps: 1163.8797828580775 | _timer/batch_time: 0.9588704109191895 | _timer/data_time: 0.019441843032836914 | _timer/model_time: 0.9393901824951172 | accuracy01: 0.7526881595452627 | accuracy01/std: 0.0241086320276141 | cumulative_runtime: 0.03736905256907145 | loss: 0.5564261476198832
valid (62/101) _timer/_fps: 1827.9274273187239 | _timer/batch_time: 0.06785035133361816 | _timer/data_time: 0.006148815155029297 | _timer/model_time: 0.061690330505371094 | accuracy01: 0.5483870953321457 | accuracy01/std: 0.06504281313312257 | cumulative_runtime: nan | loss: 0.760742723941803
* Epoch (62/101) 
train (63/101) _timer/_fps: 1164.1324834185307 | _timer/batch_time: 0.958672285079956 | _timer/data_time: 0.019537925720214844 | _timer/model_time: 0.9390959739685059 | accuracy01: 0.7526881396770477 | accuracy01/std: 0.06099056909543849 | cumulative_runtime: 0.037348429361979164 | loss: 0.5596904108921686
valid (63/101) _timer/_fps: 1807.4049318867337 | _timer/batch_time: 0.06864261627197266 | _timer/data_time: 0.00658869743347168 | _timer/model_time: 0.06204056739807129 | accuracy01: 0.5483870655298233 | accuracy01/std: 0.13008558119782912 | cumulative_runtime: nan | loss: 0.7605613172054291
* Epoch (63/101) 
train (64/101) _timer/_fps: 1162.8860156568394 | _timer/batch_time: 0.9597599506378174 | _timer/data_time: 0.01931905746459961 | _timer/model_time: 0.9404022693634033 | accuracy01: 0.7258064250151317 | accuracy01/std: 0.05523982433296099 | cumulative_runtime: 0.037663539250691734 | loss: 0.583153247833252
valid (64/101) _timer/_fps: 1825.660887521969 | _timer/batch_time: 0.0679318904876709 | _timer/data_time: 0.006167173385620117 | _timer/model_time: 0.0617527961730957 | accuracy01: 0.5483870804309845 | accuracy01/std: 0.03252139905515861 | cumulative_runtime: nan | loss: 0.7655044198036194
* Epoch (64/101) 
train (65/101) _timer/_fps: 1168.5389974963557 | _timer/batch_time: 0.9550528526306152 | _timer/data_time: 0.019373178482055664 | _timer/model_time: 0.9356329441070557 | accuracy01: 0.7580644885698954 | accuracy01/std: 0.04070006470807567 | cumulative_runtime: 0.03657646973927816 | loss: 0.5518433352311451
valid (65/101) _timer/_fps: 1830.6140750104414 | _timer/batch_time: 0.0677497386932373 | _timer/data_time: 0.00612640380859375 | _timer/model_time: 0.06161165237426758 | accuracy01: 0.5161290019750595 | accuracy01/std: 0.03252138403235327 | cumulative_runtime: nan | loss: 0.8000922799110413
* Epoch (65/101) 
train (66/101) _timer/_fps: 1160.7346360176298 | _timer/batch_time: 0.9614903926849365 | _timer/data_time: 0.0193479061126709 | _timer/model_time: 0.9421026706695557 | accuracy01: 0.7795698742071788 | accuracy01/std: 0.0630983523994341 | cumulative_runtime: 0.037690043449401855 | loss: 0.5323657542467117
valid (66/101) _timer/_fps: 1829.4105841340217 | _timer/batch_time: 0.06779646873474121 | _timer/data_time: 0.0061185359954833984 | _timer/model_time: 0.06166577339172363 | accuracy01: 0.5483870804309845 | accuracy01/std: 0.09756419716547585 | cumulative_runtime: nan | loss: 0.7612683176994324
* Epoch (66/101) 
train (67/101) _timer/_fps: 1163.5872242243593 | _timer/batch_time: 0.9591231346130371 | _timer/data_time: 0.019269704818725586 | _timer/model_time: 0.9398155212402344 | accuracy01: 0.7204300761222839 | accuracy01/std: 0.06646293058710404 | cumulative_runtime: 0.037526607513427734 | loss: 0.5873725612958272
valid (67/101) _timer/_fps: 1822.805617767319 | _timer/batch_time: 0.0680391788482666 | _timer/data_time: 0.006160259246826172 | _timer/model_time: 0.06186676025390625 | accuracy01: 0.5161290019750595 | accuracy01/std: 0.03252138403235327 | cumulative_runtime: nan | loss: 0.7867788076400757
* Epoch (67/101) 
train (68/101) _timer/_fps: 1167.1957843106652 | _timer/batch_time: 0.9561481475830078 | _timer/data_time: 0.019318819046020508 | _timer/model_time: 0.9367902278900146 | accuracy01: 0.7634408374627432 | accuracy01/std: 0.04821726628255289 | cumulative_runtime: 0.03701396783192952 | loss: 0.5457088649272919
valid (68/101) _timer/_fps: 1819.0847921208929 | _timer/batch_time: 0.06818222999572754 | _timer/data_time: 0.006161212921142578 | _timer/model_time: 0.06200838088989258 | accuracy01: 0.5806451439857483 | accuracy01/std: 0.03252142910076931 | cumulative_runtime: nan | loss: 0.7308241426944733
* Epoch (68/101) 
train (69/101) _timer/_fps: 1164.9560248421844 | _timer/batch_time: 0.9579992294311523 | _timer/data_time: 0.019552230834960938 | _timer/model_time: 0.938408374786377 | accuracy01: 0.7634408374627432 | accuracy01/std: 0.06099056733457849 | cumulative_runtime: 0.037193735440572105 | loss: 0.543989693125089
valid (69/101) _timer/_fps: 1821.1857435631823 | _timer/batch_time: 0.06811189651489258 | _timer/data_time: 0.006438255310058594 | _timer/model_time: 0.06166243553161621 | accuracy01: 0.4999999850988388 | accuracy01/std: 0.08130349763789653 | cumulative_runtime: nan | loss: 0.7957653999328613
* Epoch (69/101) 
train (70/101) _timer/_fps: 1153.9681394212357 | _timer/batch_time: 0.9671857357025146 | _timer/data_time: 0.019448041915893555 | _timer/model_time: 0.9476990699768066 | accuracy01: 0.7634408473968506 | accuracy01/std: 0.08692491884084608 | cumulative_runtime: 0.03882253170013428 | loss: 0.5506100406249365
valid (70/101) _timer/_fps: 1824.465871513577 | _timer/batch_time: 0.0679781436920166 | _timer/data_time: 0.006148099899291992 | _timer/model_time: 0.06181788444519043 | accuracy01: 0.5806451439857483 | accuracy01/std: 0.06504279811031723 | cumulative_runtime: nan | loss: 0.7275519073009491
* Epoch (70/101) 
train (71/101) _timer/_fps: 1163.690890751205 | _timer/batch_time: 0.9590318202972412 | _timer/data_time: 0.020490169525146484 | _timer/model_time: 0.9385044574737549 | accuracy01: 0.7580644985040028 | accuracy01/std: 0.05198752139231258 | cumulative_runtime: 0.03703343868255615 | loss: 0.5490239312251408
valid (71/101) _timer/_fps: 1820.0206966275277 | _timer/batch_time: 0.06814074516296387 | _timer/data_time: 0.006437778472900391 | _timer/model_time: 0.06169009208679199 | accuracy01: 0.5322580635547638 | accuracy01/std: 0.08130351266070188 | cumulative_runtime: nan | loss: 0.7807839512825012
* Epoch (71/101) 
train (72/101) _timer/_fps: 1163.7581707873055 | _timer/batch_time: 0.9590709209442139 | _timer/data_time: 0.01942586898803711 | _timer/model_time: 0.9396064281463623 | accuracy01: 0.7795698642730713 | accuracy01/std: 0.0779346890998677 | cumulative_runtime: 0.037458856900533036 | loss: 0.5325253208478291
valid (72/101) _timer/_fps: 1825.6088118706498 | _timer/batch_time: 0.06793427467346191 | _timer/data_time: 0.0061359405517578125 | _timer/model_time: 0.06178689002990723 | accuracy01: 0.5806451439857483 | accuracy01/std: 0.06504279811031723 | cumulative_runtime: nan | loss: 0.7158635258674622
* Epoch (72/101) 
train (73/101) _timer/_fps: 1158.2060508131979 | _timer/batch_time: 0.9635739326477051 | _timer/data_time: 0.019523143768310547 | _timer/model_time: 0.9440104961395264 | accuracy01: 0.7473118007183075 | accuracy01/std: 0.07793469530096861 | cumulative_runtime: 0.03794272740681966 | loss: 0.5570888817310333
valid (73/101) _timer/_fps: 1819.5673394805199 | _timer/batch_time: 0.06816363334655762 | _timer/data_time: 0.006275177001953125 | _timer/model_time: 0.06187605857849121 | accuracy01: 0.6290322244167328 | accuracy01/std: 0.08130351266070188 | cumulative_runtime: nan | loss: 0.6976065039634705
* Epoch (73/101) 
train (74/101) _timer/_fps: 1165.4908354880495 | _timer/batch_time: 0.9575741291046143 | _timer/data_time: 0.01953911781311035 | _timer/model_time: 0.937997579574585 | accuracy01: 0.7526881496111552 | accuracy01/std: 0.06903664264725626 | cumulative_runtime: 0.037238081296284996 | loss: 0.5583731383085251
valid (74/101) _timer/_fps: 1820.7584814070867 | _timer/batch_time: 0.0681149959564209 | _timer/data_time: 0.006174802780151367 | _timer/model_time: 0.061928749084472656 | accuracy01: 0.5322580337524414 | accuracy01/std: 0.016260684504773963 | cumulative_runtime: nan | loss: 0.7760234475135803
* Epoch (74/101) 
train (75/101) _timer/_fps: 1166.2218312403309 | _timer/batch_time: 0.956977367401123 | _timer/data_time: 0.019740581512451172 | _timer/model_time: 0.9371974468231201 | accuracy01: 0.7903225521246593 | accuracy01/std: 0.048517699997731284 | cumulative_runtime: 0.03712189197540283 | loss: 0.5258478273948034
valid (75/101) _timer/_fps: 1823.6147954324456 | _timer/batch_time: 0.06801962852478027 | _timer/data_time: 0.006378650665283203 | _timer/model_time: 0.06162905693054199 | accuracy01: 0.4838709533214569 | accuracy01/std: 0.09756419716547585 | cumulative_runtime: nan | loss: 0.8169674575328827
* Epoch (75/101) 
train (76/101) _timer/_fps: 1160.5632134331486 | _timer/batch_time: 0.9617288112640381 | _timer/data_time: 0.0194854736328125 | _timer/model_time: 0.9422051906585693 | accuracy01: 0.7473117907842 | accuracy01/std: 0.05085723229267002 | cumulative_runtime: 0.03791383902231852 | loss: 0.5645027061303457
valid (76/101) _timer/_fps: 1822.2809956682822 | _timer/batch_time: 0.06805968284606934 | _timer/data_time: 0.006189823150634766 | _timer/model_time: 0.06185793876647949 | accuracy01: 0.5322580337524414 | accuracy01/std: 0.016260684504773963 | cumulative_runtime: nan | loss: 0.7806066572666168
* Epoch (76/101) 
train (77/101) _timer/_fps: 1155.24141319382 | _timer/batch_time: 0.9663898944854736 | _timer/data_time: 0.01944756507873535 | _timer/model_time: 0.9469020366668701 | accuracy01: 0.7526881496111552 | accuracy01/std: 0.05170727094260707 | cumulative_runtime: 0.03862297534942627 | loss: 0.5607189933458964
valid (77/101) _timer/_fps: 1827.4004719508355 | _timer/batch_time: 0.06786918640136719 | _timer/data_time: 0.006156206130981445 | _timer/model_time: 0.061701059341430664 | accuracy01: 0.5645160973072052 | accuracy01/std: 0.016260714550384654 | cumulative_runtime: nan | loss: 0.7535906136035919
* Epoch (77/101) 
train (78/101) _timer/_fps: 1167.686743470068 | _timer/batch_time: 0.955768346786499 | _timer/data_time: 0.01956319808959961 | _timer/model_time: 0.9361670017242432 | accuracy01: 0.7419354518254597 | accuracy01/std: 0.04940800873460387 | cumulative_runtime: 0.03695690631866455 | loss: 0.5710634291172028
valid (78/101) _timer/_fps: 1826.24560017034 | _timer/batch_time: 0.06791210174560547 | _timer/data_time: 0.006195783615112305 | _timer/model_time: 0.06170511245727539 | accuracy01: 0.467741921544075 | accuracy01/std: 0.016260699527579307 | cumulative_runtime: nan | loss: 0.8417811691761017
* Epoch (78/101) 
train (79/101) _timer/_fps: 1168.940543292083 | _timer/batch_time: 0.954719066619873 | _timer/data_time: 0.01984095573425293 | _timer/model_time: 0.9348409175872803 | accuracy01: 0.7473118007183075 | accuracy01/std: 0.04730455441610017 | cumulative_runtime: 0.03655771414438883 | loss: 0.5626827826102575
valid (79/101) _timer/_fps: 1830.4508087247564 | _timer/batch_time: 0.06775903701782227 | _timer/data_time: 0.00615382194519043 | _timer/model_time: 0.06159353256225586 | accuracy01: 0.5161290019750595 | accuracy01/std: 0.03252138403235327 | cumulative_runtime: nan | loss: 0.7941037118434906
* Epoch (79/101) 
train (80/101) _timer/_fps: 1168.7299442352796 | _timer/batch_time: 0.9548895359039307 | _timer/data_time: 0.01933574676513672 | _timer/model_time: 0.9355165958404541 | accuracy01: 0.7419354716936748 | accuracy01/std: 0.0457429215390026 | cumulative_runtime: 0.036735971768697105 | loss: 0.575937956571579
valid (80/101) _timer/_fps: 1830.4244338195895 | _timer/batch_time: 0.06775736808776855 | _timer/data_time: 0.006148099899291992 | _timer/model_time: 0.06159639358520508 | accuracy01: 0.5806451439857483 | accuracy01/std: 0.03252142910076931 | cumulative_runtime: nan | loss: 0.7242014706134796
* Epoch (80/101) 
train (81/101) _timer/_fps: 1168.3057724679907 | _timer/batch_time: 0.9552650451660156 | _timer/data_time: 0.019425630569458008 | _timer/model_time: 0.9358005523681641 | accuracy01: 0.7258064250151316 | accuracy01/std: 0.10522528792944047 | cumulative_runtime: 0.036537607510884605 | loss: 0.5830931961536407
valid (81/101) _timer/_fps: 1828.528903683588 | _timer/batch_time: 0.06783056259155273 | _timer/data_time: 0.0061457157135009766 | _timer/model_time: 0.06167268753051758 | accuracy01: 0.5483870804309845 | accuracy01/std: 0.03252139905515861 | cumulative_runtime: nan | loss: 0.7660740911960602
* Epoch (81/101) 
train (82/101) _timer/_fps: 1165.3440718423446 | _timer/batch_time: 0.9576654434204102 | _timer/data_time: 0.019402265548706055 | _timer/model_time: 0.938225507736206 | accuracy01: 0.7580644985040029 | accuracy01/std: 0.0485176867165039 | cumulative_runtime: 0.03713456789652506 | loss: 0.5516684104998907
valid (82/101) _timer/_fps: 1822.3275154559083 | _timer/batch_time: 0.06805825233459473 | _timer/data_time: 0.006202220916748047 | _timer/model_time: 0.0618443489074707 | accuracy01: 0.4838709533214569 | accuracy01/std: 0.0 | cumulative_runtime: nan | loss: 0.8334602415561676
* Epoch (82/101) 
train (83/101) _timer/_fps: 1163.857346452619 | _timer/batch_time: 0.9589037895202637 | _timer/data_time: 0.01935863494873047 | _timer/model_time: 0.9395062923431396 | accuracy01: 0.736559122800827 | accuracy01/std: 0.03924601749527267 | cumulative_runtime: 0.03753276666005453 | loss: 0.5727571547031403
valid (83/101) _timer/_fps: 1826.3348804442655 | _timer/batch_time: 0.06791067123413086 | _timer/data_time: 0.006155967712402344 | _timer/model_time: 0.06174278259277344 | accuracy01: 0.4838709384202957 | accuracy01/std: 0.06504278308751188 | cumulative_runtime: nan | loss: 0.8310604691505432
* Epoch (83/101) 
train (84/101) _timer/_fps: 1164.494371124043 | _timer/batch_time: 0.9583754539489746 | _timer/data_time: 0.019334793090820312 | _timer/model_time: 0.9390032291412354 | accuracy01: 0.758064478635788 | accuracy01/std: 0.06122834160727561 | cumulative_runtime: 0.03724658489227295 | loss: 0.5549699664115906
valid (84/101) _timer/_fps: 1826.7926200792667 | _timer/batch_time: 0.06789302825927734 | _timer/data_time: 0.006123781204223633 | _timer/model_time: 0.06175708770751953 | accuracy01: 0.4999999850988388 | accuracy01/std: 0.14634629574821376 | cumulative_runtime: nan | loss: 0.8115497529506683
* Epoch (84/101) 
train (85/101) _timer/_fps: 1166.7100584346401 | _timer/batch_time: 0.9565720558166504 | _timer/data_time: 0.019345998764038086 | _timer/model_time: 0.9371869564056396 | accuracy01: 0.709677388270696 | accuracy01/std: 0.11047964866591523 | cumulative_runtime: 0.03710667292277018 | loss: 0.6019210914770762
valid (85/101) _timer/_fps: 1828.4148099639929 | _timer/batch_time: 0.06783127784729004 | _timer/data_time: 0.006131887435913086 | _timer/model_time: 0.06168651580810547 | accuracy01: 0.4838709533214569 | accuracy01/std: 0.09756419716547585 | cumulative_runtime: nan | loss: 0.8233872950077057
* Epoch (85/101) 
train (86/101) _timer/_fps: 1167.701367332754 | _timer/batch_time: 0.9557404518127441 | _timer/data_time: 0.01944422721862793 | _timer/model_time: 0.9362583160400391 | accuracy01: 0.7150537470976511 | accuracy01/std: 0.10632427543254565 | cumulative_runtime: 0.03686706225077312 | loss: 0.5947177559137344
valid (86/101) _timer/_fps: 1818.9208700542888 | _timer/batch_time: 0.06819295883178711 | _timer/data_time: 0.006419181823730469 | _timer/model_time: 0.06176185607910156 | accuracy01: 0.4838709384202957 | accuracy01/std: 0.06504278308751188 | cumulative_runtime: nan | loss: 0.8297631740570068
* Epoch (86/101) 
train (87/101) _timer/_fps: 1167.351685895098 | _timer/batch_time: 0.9560272693634033 | _timer/data_time: 0.01953864097595215 | _timer/model_time: 0.9364509582519531 | accuracy01: 0.7204300860563915 | accuracy01/std: 0.0715177688573044 | cumulative_runtime: 0.03699672222137451 | loss: 0.592787077029546
valid (87/101) _timer/_fps: 1825.0341795420863 | _timer/batch_time: 0.06795763969421387 | _timer/data_time: 0.0062255859375 | _timer/model_time: 0.06172013282775879 | accuracy01: 0.4838709682226181 | accuracy01/std: 0.1300856112434398 | cumulative_runtime: nan | loss: 0.8256823122501373
* Epoch (87/101) 
train (88/101) _timer/_fps: 1165.4624942777562 | _timer/batch_time: 0.9576108455657959 | _timer/data_time: 0.01948237419128418 | _timer/model_time: 0.9380881786346436 | accuracy01: 0.7204300860563914 | accuracy01/std: 0.08068294173557997 | cumulative_runtime: 0.037162065505981445 | loss: 0.5940492947896322
valid (88/101) _timer/_fps: 1824.8726660997936 | _timer/batch_time: 0.06796455383300781 | _timer/data_time: 0.006165504455566406 | _timer/model_time: 0.06178689002990723 | accuracy01: 0.467741921544075 | accuracy01/std: 0.04878209858273792 | cumulative_runtime: nan | loss: 0.8438438773155212
* Epoch (88/101) 
train (89/101) _timer/_fps: 1171.1640308456817 | _timer/batch_time: 0.9529235363006592 | _timer/data_time: 0.019469022750854492 | _timer/model_time: 0.9334142208099365 | accuracy01: 0.6989247103532156 | accuracy01/std: 0.0637854464787307 | cumulative_runtime: 0.03622166315714519 | loss: 0.6121948162714641
valid (89/101) _timer/_fps: 1828.7780347265025 | _timer/batch_time: 0.06782007217407227 | _timer/data_time: 0.0061266422271728516 | _timer/model_time: 0.061681270599365234 | accuracy01: 0.467741921544075 | accuracy01/std: 0.04878209858273792 | cumulative_runtime: nan | loss: 0.8417491912841797
* Epoch (89/101) 
train (90/101) _timer/_fps: 1170.6348585771443 | _timer/batch_time: 0.953345775604248 | _timer/data_time: 0.019653797149658203 | _timer/model_time: 0.9336528778076172 | accuracy01: 0.768817166487376 | accuracy01/std: 0.09414723599163992 | cumulative_runtime: 0.03627336025238037 | loss: 0.5386397242546082
valid (90/101) _timer/_fps: 1832.300035073907 | _timer/batch_time: 0.0676882266998291 | _timer/data_time: 0.006143331527709961 | _timer/model_time: 0.06153249740600586 | accuracy01: 0.4516128897666931 | accuracy01/std: 0.03252139905515861 | cumulative_runtime: nan | loss: 0.8542387187480927
* Epoch (90/101) 
train (91/101) _timer/_fps: 1171.8236487224876 | _timer/batch_time: 0.9523665904998779 | _timer/data_time: 0.019446372985839844 | _timer/model_time: 0.9328820705413818 | accuracy01: 0.7688171863555908 | accuracy01/std: 0.07566425383824053 | cumulative_runtime: 0.03620445728302002 | loss: 0.5447562535603842
valid (91/101) _timer/_fps: 1823.998733955263 | _timer/batch_time: 0.06799530982971191 | _timer/data_time: 0.006177425384521484 | _timer/model_time: 0.06180596351623535 | accuracy01: 0.4516128897666931 | accuracy01/std: 0.0 | cumulative_runtime: nan | loss: 0.8665063977241516
* Epoch (91/101) 
train (92/101) _timer/_fps: 1170.5961266272466 | _timer/batch_time: 0.9533975124359131 | _timer/data_time: 0.01938009262084961 | _timer/model_time: 0.9339785575866699 | accuracy01: 0.7419354518254597 | accuracy01/std: 0.06193620335193107 | cumulative_runtime: 0.03644446531931559 | loss: 0.5642596185207367
valid (92/101) _timer/_fps: 1820.8378546392735 | _timer/batch_time: 0.06811785697937012 | _timer/data_time: 0.00617671012878418 | _timer/model_time: 0.06192946434020996 | accuracy01: 0.4516128897666931 | accuracy01/std: 0.06504279811031723 | cumulative_runtime: nan | loss: 0.862276554107666
* Epoch (92/101) 
train (93/101) _timer/_fps: 1169.6921710611578 | _timer/batch_time: 0.9541134834289551 | _timer/data_time: 0.020563364028930664 | _timer/model_time: 0.9335100650787354 | accuracy01: 0.7903225620587667 | accuracy01/std: 0.07642856990574197 | cumulative_runtime: 0.03626100222269694 | loss: 0.5227997650702794
valid (93/101) _timer/_fps: 1790.4586904529087 | _timer/batch_time: 0.06930136680603027 | _timer/data_time: 0.00724339485168457 | _timer/model_time: 0.06204533576965332 | accuracy01: 0.4516128897666931 | accuracy01/std: 0.03252139905515861 | cumulative_runtime: nan | loss: 0.8617368936538696
* Epoch (93/101) 
train (94/101) _timer/_fps: 1166.5522976275413 | _timer/batch_time: 0.9566888809204102 | _timer/data_time: 0.019394874572753906 | _timer/model_time: 0.9372551441192627 | accuracy01: 0.7849462032318115 | accuracy01/std: 0.0927477671244674 | cumulative_runtime: 0.03694117069244385 | loss: 0.52751920123895
valid (94/101) _timer/_fps: 1825.229317740646 | _timer/batch_time: 0.06795024871826172 | _timer/data_time: 0.006167173385620117 | _timer/model_time: 0.06176924705505371 | accuracy01: 0.5322580337524414 | accuracy01/std: 0.016260684504773963 | cumulative_runtime: nan | loss: 0.777854323387146
* Epoch (94/101) 
train (95/101) _timer/_fps: 1162.746615511497 | _timer/batch_time: 0.9598095417022705 | _timer/data_time: 0.01942300796508789 | _timer/model_time: 0.9403471946716309 | accuracy01: 0.795698881149292 | accuracy01/std: 0.08489526693545038 | cumulative_runtime: 0.03748544057210287 | loss: 0.5183625221252441
valid (95/101) _timer/_fps: 1829.164780373948 | _timer/batch_time: 0.06780624389648438 | _timer/data_time: 0.006176471710205078 | _timer/model_time: 0.061617374420166016 | accuracy01: 0.467741921544075 | accuracy01/std: 0.04878209858273792 | cumulative_runtime: nan | loss: 0.8431569337844849
* Epoch (95/101) 
train (96/101) _timer/_fps: 1170.000591947606 | _timer/batch_time: 0.9538698196411133 | _timer/data_time: 0.01936960220336914 | _timer/model_time: 0.9344630241394043 | accuracy01: 0.7634408275286356 | accuracy01/std: 0.06646291766010698 | cumulative_runtime: 0.03661676247914632 | loss: 0.5503401011228561
valid (96/101) _timer/_fps: 1820.7532372752842 | _timer/batch_time: 0.06812071800231934 | _timer/data_time: 0.006458282470703125 | _timer/model_time: 0.061650753021240234 | accuracy01: 0.4999999850988388 | accuracy01/std: 0.08130349763789653 | cumulative_runtime: nan | loss: 0.8076576888561249
* Epoch (96/101) 
train (97/101) _timer/_fps: 1163.9450109868983 | _timer/batch_time: 0.9588222503662109 | _timer/data_time: 0.01977992057800293 | _timer/model_time: 0.939002275466919 | accuracy01: 0.7688171664873759 | accuracy01/std: 0.08841659326749554 | cumulative_runtime: 0.03697129090627035 | loss: 0.5432963321606318
valid (97/101) _timer/_fps: 1828.2032276033274 | _timer/batch_time: 0.06784272193908691 | _timer/data_time: 0.006171226501464844 | _timer/model_time: 0.06165957450866699 | accuracy01: 0.4354838579893112 | accuracy01/std: 0.04878209858273792 | cumulative_runtime: nan | loss: 0.8748095035552979
* Epoch (97/101) 
train (98/101) _timer/_fps: 1172.7956032697498 | _timer/batch_time: 0.9515957832336426 | _timer/data_time: 0.019446134567260742 | _timer/model_time: 0.9321098327636719 | accuracy01: 0.7688171863555908 | accuracy01/std: 0.05730557800536381 | cumulative_runtime: 0.03596186637878418 | loss: 0.5419286439816157
valid (98/101) _timer/_fps: 1820.9448730037416 | _timer/batch_time: 0.0681147575378418 | _timer/data_time: 0.006193637847900391 | _timer/model_time: 0.06190896034240723 | accuracy01: 0.4999999850988388 | accuracy01/std: 0.08130349763789653 | cumulative_runtime: nan | loss: 0.8064811527729034
* Epoch (98/101) 
train (99/101) _timer/_fps: 1166.0122471234129 | _timer/batch_time: 0.9571492671966553 | _timer/data_time: 0.01942729949951172 | _timer/model_time: 0.9376833438873291 | accuracy01: 0.784946213165919 | accuracy01/std: 0.10995230232917526 | cumulative_runtime: 0.0370177427927653 | loss: 0.527850329875946
valid (99/101) _timer/_fps: 1833.0001465490577 | _timer/batch_time: 0.06766366958618164 | _timer/data_time: 0.006114959716796875 | _timer/model_time: 0.06153678894042969 | accuracy01: 0.4354838579893112 | accuracy01/std: 0.016260699527579307 | cumulative_runtime: nan | loss: 0.8696567714214325
* Epoch (99/101) 
train (100/101) _timer/_fps: 1167.1508459639522 | _timer/batch_time: 0.9561786651611328 | _timer/data_time: 0.019357681274414062 | _timer/model_time: 0.9367811679840088 | accuracy01: 0.7634408275286356 | accuracy01/std: 0.05497615360646011 | cumulative_runtime: 0.03680729866027832 | loss: 0.5501572092374166
valid (100/101) _timer/_fps: 1828.970091100446 | _timer/batch_time: 0.06781148910522461 | _timer/data_time: 0.006150960922241211 | _timer/model_time: 0.06164860725402832 | accuracy01: 0.4999999701976776 | accuracy01/std: 0.048782083559932576 | cumulative_runtime: nan | loss: 0.8141689300537109
* Epoch (100/101) 
train (101/101) _timer/_fps: 1167.9686626804028 | _timer/batch_time: 0.9555563926696777 | _timer/data_time: 0.019603490829467773 | _timer/model_time: 0.9359128475189209 | accuracy01: 0.7634408473968506 | accuracy01/std: 0.0549761457924714 | cumulative_runtime: 0.03672182559967041 | loss: 0.5494896074136099
valid (101/101) _timer/_fps: 1828.4304961069201 | _timer/batch_time: 0.06783556938171387 | _timer/data_time: 0.006097555160522461 | _timer/model_time: 0.06172609329223633 | accuracy01: 0.5161290317773819 | accuracy01/std: 0.0975642121882812 | cumulative_runtime: nan | loss: 0.8037119805812836
* Epoch (101/101) 
Top models:
logs/nn=4-be=gloo-lr=0.001-bs=31-ep=101-dm=rankdad-nf=10-mo=icalstm-ma=[]-mk={}-da=hcp_gender-cr=CrossEntropyLoss-optimizer=Adam-sc=None-k=0-N=-1-pini=1-pief=3-pius=1-pito=0.001/site_1/checkpoints/model.0039.pth	0.6701
